#-----------------------------------------------------------
# Vivado v2018.2 (64-bit)
# SW Build 2258646 on Thu Jun 14 20:03:12 MDT 2018
# IP Build 2256618 on Thu Jun 14 22:10:49 MDT 2018
# Start of session at: Mon Apr  1 11:33:05 2019
# Process ID: 2604
# Current directory: C:/Users/ArcticWalrus/Documents/GitHub/Projet-S4/ergonomie/New Projects/assembleur_ergonomie/MEF
# Command line: vivado.exe -gui_launcher_event rodinguilauncherevent26820 C:\Users\ArcticWalrus\Documents\GitHub\Projet-S4\ergonomie\New Projects\assembleur_ergonomie\MEF\MEF.xpr
# Log file: C:/Users/ArcticWalrus/Documents/GitHub/Projet-S4/ergonomie/New Projects/assembleur_ergonomie/MEF/vivado.log
# Journal file: C:/Users/ArcticWalrus/Documents/GitHub/Projet-S4/ergonomie/New Projects/assembleur_ergonomie/MEF\vivado.jou
#-----------------------------------------------------------
start_gui
open_project {C:/Users/ArcticWalrus/Documents/GitHub/Projet-S4/ergonomie/New Projects/assembleur_ergonomie/MEF/MEF.xpr}
INFO: [ProjectBase 1-489] The host OS only allows 260 characters in a normal path. The project is stored in a path with more than 80 characters. If you experience issues with IP, Block Designs, or files not being found, please consider moving the project to a location with a shorter path. Alternately consider using the OS subst command to map part of the path to a drive letter.
Current project path is 'C:/Users/ArcticWalrus/Documents/GitHub/Projet-S4/ergonomie/New Projects/assembleur_ergonomie/MEF'
INFO: [Project 1-313] Project file moved from 'C:/Users/raye2601/Desktop/ergonomie/assembleur_ergonomie/MEF' since last save.
CRITICAL WARNING: [Project 1-311] Could not find the file 'C:/Users/ArcticWalrus/Documents/GitHub/Projet-S4/ergonomie/IMU_demo/IMU_demo.srcs/sources_1/bd/design_1/design_1.bd', nor could it be found using path 'C:/Users/raye2601/Desktop/IMU_demo/IMU_demo.srcs/sources_1/bd/design_1/design_1.bd'.
CRITICAL WARNING: [Project 1-311] Could not find the file 'C:/Users/ArcticWalrus/Documents/GitHub/Projet-S4/ergonomie/IMU_demo/IMU_demo.srcs/sources_1/bd/design_1/hdl/design_1_wrapper.vhd', nor could it be found using path 'C:/Users/raye2601/Desktop/IMU_demo/IMU_demo.srcs/sources_1/bd/design_1/hdl/design_1_wrapper.vhd'.
Scanning sources...
Finished scanning sources
WARNING: [filemgmt 56-2] IP Repository Path: Could not find the directory 'C:/Users/ArcticWalrus/Documents/GitHub/Projet-S4/ergonomie/New Projects/Work-2018.2/vivado-library-2018.2-1', nor could it be found using path 'C:/Users/raye2601/Desktop/ergonomie/Work-2018.2/vivado-library-2018.2-1'.
INFO: [IP_Flow 19-234] Refreshing IP repositories
WARNING: [IP_Flow 19-2248] Failed to load user IP repository 'c:/Users/ArcticWalrus/Documents/GitHub/Projet-S4/ergonomie/New Projects/Work-2018.2/vivado-library-2018.2-1'; Can't find the specified path.
If this directory should no longer be in your list of user repositories, go to the IP Settings dialog and remove it.
INFO: [IP_Flow 19-2313] Loaded Vivado IP repository 'C:/Xilinx/Vivado/2018.2/data/ip'.
open_project: Time (s): cpu = 00:00:17 ; elapsed = 00:00:21 . Memory (MB): peak = 807.055 ; gain = 69.746
update_compile_order -fileset sources_1
update_compile_order -fileset sources_1
reset_run synth_1
launch_runs synth_1 -jobs 2
[Mon Apr  1 11:43:55 2019] Launched synth_1...
Run output will be captured here: C:/Users/ArcticWalrus/Documents/GitHub/Projet-S4/ergonomie/New Projects/assembleur_ergonomie/MEF/MEF.runs/synth_1/runme.log
launch_runs impl_1 -jobs 2
[Mon Apr  1 11:45:08 2019] Launched impl_1...
Run output will be captured here: C:/Users/ArcticWalrus/Documents/GitHub/Projet-S4/ergonomie/New Projects/assembleur_ergonomie/MEF/MEF.runs/impl_1/runme.log
launch_runs impl_1 -to_step write_bitstream -jobs 2
[Mon Apr  1 11:47:03 2019] Launched impl_1...
Run output will be captured here: C:/Users/ArcticWalrus/Documents/GitHub/Projet-S4/ergonomie/New Projects/assembleur_ergonomie/MEF/MEF.runs/impl_1/runme.log
open_run impl_1
INFO: [Netlist 29-17] Analyzing 64 Unisim elements for replacement
INFO: [Netlist 29-28] Unisim Transformation completed in 0 CPU seconds
INFO: [Project 1-479] Netlist was created with Vivado 2018.2
INFO: [Device 21-403] Loading part xc7z010clg400-1
INFO: [Project 1-570] Preparing netlist for logic optimization
INFO: [Timing 38-478] Restoring timing data from binary archive.
INFO: [Timing 38-479] Binary timing data restore complete.
INFO: [Project 1-856] Restoring constraints from binary archive.
INFO: [Project 1-853] Binary constraint restore complete.
Reading XDEF placement.
Reading placer database...
Reading XDEF routing.
Read XDEF File: Time (s): cpu = 00:00:00 ; elapsed = 00:00:00.120 . Memory (MB): peak = 1674.402 ; gain = 0.000
Restored from archive | CPU: 0.000000 secs | Memory: 0.000000 MB |
Finished XDEF File Restore: Time (s): cpu = 00:00:00 ; elapsed = 00:00:00.120 . Memory (MB): peak = 1674.402 ; gain = 0.000
INFO: [Project 1-111] Unisim Transformation Summary:
  A total of 44 instances were transformed.
  LUT6_2 => LUT6_2 (LUT5, LUT6): 38 instances
  RAM32M => RAM32M (RAMD32, RAMD32, RAMD32, RAMD32, RAMD32, RAMD32, RAMS32, RAMS32): 4 instances
  RAM64M => RAM64M (RAMD64E, RAMD64E, RAMD64E, RAMD64E): 2 instances

open_run: Time (s): cpu = 00:00:41 ; elapsed = 00:00:38 . Memory (MB): peak = 1770.566 ; gain = 897.031
exit
INFO: [Common 17-206] Exiting Vivado at Mon Apr  1 15:39:11 2019...
