#-----------------------------------------------------------
# Vivado v2018.2 (64-bit)
# SW Build 2258646 on Thu Jun 14 20:03:12 MDT 2018
# IP Build 2256618 on Thu Jun 14 22:10:49 MDT 2018
# Start of session at: Tue Apr  2 21:32:59 2019
# Process ID: 50716
# Current directory: C:/Users/ArcticWalrus/Documents/GitHub/Projet-S4/ergonomie/projet_final_ergo/MEF
# Command line: vivado.exe -gui_launcher_event rodinguilauncherevent59172 C:\Users\ArcticWalrus\Documents\GitHub\Projet-S4\ergonomie\projet_final_ergo\MEF\MEF.xpr
# Log file: C:/Users/ArcticWalrus/Documents/GitHub/Projet-S4/ergonomie/projet_final_ergo/MEF/vivado.log
# Journal file: C:/Users/ArcticWalrus/Documents/GitHub/Projet-S4/ergonomie/projet_final_ergo/MEF\vivado.jou
#-----------------------------------------------------------
start_gui
open_project C:/Users/ArcticWalrus/Documents/GitHub/Projet-S4/ergonomie/projet_final_ergo/MEF/MEF.xpr
INFO: [Project 1-313] Project file moved from 'C:/Users/ArcticWalrus/Documents/GitHub/Projet-S4/ergonomie/New Projects/assembleur_ergonomie/MEF' since last save.
CRITICAL WARNING: [Project 1-311] Could not find the file 'C:/Users/ArcticWalrus/Documents/GitHub/Projet-S4/IMU_demo/IMU_demo.srcs/sources_1/bd/design_1/hdl/design_1_wrapper.vhd', nor could it be found using path 'C:/Users/ArcticWalrus/Documents/GitHub/Projet-S4/ergonomie/IMU_demo/IMU_demo.srcs/sources_1/bd/design_1/hdl/design_1_wrapper.vhd'.
Scanning sources...
Finished scanning sources
WARNING: [filemgmt 56-2] IP Repository Path: Could not find the directory 'C:/Users/ArcticWalrus/Documents/GitHub/Projet-S4/ergonomie/Work-2018.2/vivado-library-2018.2-1', nor could it be found using path 'C:/Users/ArcticWalrus/Documents/GitHub/Projet-S4/ergonomie/New Projects/Work-2018.2/vivado-library-2018.2-1'.
INFO: [IP_Flow 19-234] Refreshing IP repositories
WARNING: [IP_Flow 19-2248] Failed to load user IP repository 'c:/Users/ArcticWalrus/Documents/GitHub/Projet-S4/ergonomie/Work-2018.2/vivado-library-2018.2-1'; Can't find the specified path.
If this directory should no longer be in your list of user repositories, go to the IP Settings dialog and remove it.
INFO: [IP_Flow 19-2313] Loaded Vivado IP repository 'C:/Xilinx/Vivado/2018.2/data/ip'.
open_project: Time (s): cpu = 00:00:16 ; elapsed = 00:00:10 . Memory (MB): peak = 819.695 ; gain = 99.184
update_compile_order -fileset sources_1
exit
INFO: [Common 17-206] Exiting Vivado at Wed Apr  3 00:10:24 2019...
