#-----------------------------------------------------------
# Vivado v2018.2 (64-bit)
# SW Build 2258646 on Thu Jun 14 20:03:12 MDT 2018
# IP Build 2256618 on Thu Jun 14 22:10:49 MDT 2018
# Start of session at: Thu Mar 28 13:12:29 2019
# Process ID: 6964
# Current directory: C:/Users/raye2601/Desktop/ergonomie/assembleur_ergonomie/MEF
# Command line: vivado.exe -gui_launcher_event rodinguilauncherevent7540 C:\Users\raye2601\Desktop\ergonomie\assembleur_ergonomie\MEF\MEF.xpr
# Log file: C:/Users/raye2601/Desktop/ergonomie/assembleur_ergonomie/MEF/vivado.log
# Journal file: C:/Users/raye2601/Desktop/ergonomie/assembleur_ergonomie/MEF\vivado.jou
#-----------------------------------------------------------
start_gui
open_project C:/Users/raye2601/Desktop/ergonomie/assembleur_ergonomie/MEF/MEF.xpr
INFO: [Project 1-313] Project file moved from 'C:/ZYBO/FichiersAtelier4Picoblaze/Demo2' since last save.
Scanning sources...
Finished scanning sources
WARNING: [filemgmt 56-2] IP Repository Path: Could not find the directory 'C:/Users/raye2601/Desktop/ergonomie/Work-2018.2/vivado-library-2018.2-1', nor could it be found using path 'C:/ZYBO/Work-2018.2/vivado-library-2018.2-1'.
WARNING: [filemgmt 56-2] IPUserFilesDir: Could not find the directory 'C:/Users/raye2601/Desktop/ergonomie/assembleur_ergonomie/MEF/MEF.ip_user_files', nor could it be found using path 'C:/ZYBO/FichiersAtelier4Picoblaze/Demo2/Demo2.ip_user_files'.
INFO: [IP_Flow 19-234] Refreshing IP repositories
WARNING: [IP_Flow 19-2248] Failed to load user IP repository 'c:/Users/raye2601/Desktop/ergonomie/Work-2018.2/vivado-library-2018.2-1'; Can't find the specified path.
If this directory should no longer be in your list of user repositories, go to the IP Settings dialog and remove it.
INFO: [IP_Flow 19-2313] Loaded Vivado IP repository 'C:/Xilinx/Vivado/2018.2/data/ip'.
open_project: Time (s): cpu = 00:00:12 ; elapsed = 00:00:08 . Memory (MB): peak = 755.980 ; gain = 83.586
update_compile_order -fileset sources_1
file mkdir C:/Users/raye2601/Desktop/ergonomie/assembleur_ergonomie/MEF/MEF.srcs/sources_1/new
close [ open C:/Users/raye2601/Desktop/ergonomie/assembleur_ergonomie/MEF/MEF.srcs/sources_1/new/deportation.vhd w ]
add_files C:/Users/raye2601/Desktop/ergonomie/assembleur_ergonomie/MEF/MEF.srcs/sources_1/new/deportation.vhd
update_compile_order -fileset sources_1
update_compile_order -fileset sources_1
WARNING: [Board 49-26] cannot add Board Part digilentinc.com:arty-a7-100:part0:1.0 available at C:/Xilinx/Vivado/2018.2/data/boards/board_files/arty-a7-100/E.0/board.xml as part xc7a100tcsg324-1 specified in board_part file is either invalid or not available
WARNING: [Board 49-26] cannot add Board Part digilentinc.com:arty-a7-35:part0:1.0 available at C:/Xilinx/Vivado/2018.2/data/boards/board_files/arty-a7-35/E.0/board.xml as part xc7a35ticsg324-1l specified in board_part file is either invalid or not available
WARNING: [Board 49-26] cannot add Board Part digilentinc.com:arty-s7-25:part0:1.0 available at C:/Xilinx/Vivado/2018.2/data/boards/board_files/arty-s7-25/E.0/board.xml as part xc7s25csga324-1 specified in board_part file is either invalid or not available
WARNING: [Board 49-26] cannot add Board Part digilentinc.com:arty-s7-50:part0:1.0 available at C:/Xilinx/Vivado/2018.2/data/boards/board_files/arty-s7-50/B.0/board.xml as part xc7s50csga324-1 specified in board_part file is either invalid or not available
WARNING: [Board 49-26] cannot add Board Part digilentinc.com:arty:part0:1.1 available at C:/Xilinx/Vivado/2018.2/data/boards/board_files/arty/C.0/board.xml as part xc7a35ticsg324-1l specified in board_part file is either invalid or not available
WARNING: [Board 49-26] cannot add Board Part digilentinc.com:basys3:part0:1.1 available at C:/Xilinx/Vivado/2018.2/data/boards/board_files/basys3/C.0/board.xml as part xc7a35tcpg236-1 specified in board_part file is either invalid or not available
WARNING: [Board 49-26] cannot add Board Part xilinx.com:zcu102:part0:3.1 available at C:/Xilinx/Vivado/2018.2/data/boards/board_files/zcu102/production/3.1/board.xml as part xczu9eg-ffvb1156-2-e specified in board_part file is either invalid or not available
WARNING: [Board 49-26] cannot add Board Part xilinx.com:zcu102:part0:3.2 available at C:/Xilinx/Vivado/2018.2/data/boards/board_files/zcu102/production/3.2/board.xml as part xczu9eg-ffvb1156-2-e specified in board_part file is either invalid or not available
WARNING: [Board 49-26] cannot add Board Part xilinx.com:zcu104:part0:1.0 available at C:/Xilinx/Vivado/2018.2/data/boards/board_files/zcu104/1.0/board.xml as part xczu7ev-ffvc1156-2-e specified in board_part file is either invalid or not available
WARNING: [Board 49-26] cannot add Board Part xilinx.com:zcu104:part0:1.1 available at C:/Xilinx/Vivado/2018.2/data/boards/board_files/zcu104/1.1/board.xml as part xczu7ev-ffvc1156-2-e specified in board_part file is either invalid or not available
WARNING: [Board 49-26] cannot add Board Part xilinx.com:zcu106:part0:2.0 available at C:/Xilinx/Vivado/2018.2/data/boards/board_files/zcu106/2.0/board.xml as part xczu7ev-ffvc1156-2-e specified in board_part file is either invalid or not available
WARNING: [Board 49-26] cannot add Board Part xilinx.com:zcu106:part0:2.1 available at C:/Xilinx/Vivado/2018.2/data/boards/board_files/zcu106/2.1/board.xml as part xczu7ev-ffvc1156-2-e specified in board_part file is either invalid or not available
WARNING: [Board 49-26] cannot add Board Part xilinx.com:zcu106:part0:2.2 available at C:/Xilinx/Vivado/2018.2/data/boards/board_files/zcu106/2.2/board.xml as part xczu7ev-ffvc1156-2-e specified in board_part file is either invalid or not available
WARNING: [Board 49-26] cannot add Board Part digilentinc.com:arty-a7-100:part0:1.0 available at C:/Xilinx/Vivado/2018.2/data/boards/board_files/arty-a7-100/E.0/board.xml as part xc7a100tcsg324-1 specified in board_part file is either invalid or not available
WARNING: [Board 49-26] cannot add Board Part digilentinc.com:arty-a7-35:part0:1.0 available at C:/Xilinx/Vivado/2018.2/data/boards/board_files/arty-a7-35/E.0/board.xml as part xc7a35ticsg324-1l specified in board_part file is either invalid or not available
WARNING: [Board 49-26] cannot add Board Part digilentinc.com:arty-s7-25:part0:1.0 available at C:/Xilinx/Vivado/2018.2/data/boards/board_files/arty-s7-25/E.0/board.xml as part xc7s25csga324-1 specified in board_part file is either invalid or not available
WARNING: [Board 49-26] cannot add Board Part digilentinc.com:arty-s7-50:part0:1.0 available at C:/Xilinx/Vivado/2018.2/data/boards/board_files/arty-s7-50/B.0/board.xml as part xc7s50csga324-1 specified in board_part file is either invalid or not available
WARNING: [Board 49-26] cannot add Board Part digilentinc.com:arty:part0:1.1 available at C:/Xilinx/Vivado/2018.2/data/boards/board_files/arty/C.0/board.xml as part xc7a35ticsg324-1l specified in board_part file is either invalid or not available
WARNING: [Board 49-26] cannot add Board Part digilentinc.com:basys3:part0:1.1 available at C:/Xilinx/Vivado/2018.2/data/boards/board_files/basys3/C.0/board.xml as part xc7a35tcpg236-1 specified in board_part file is either invalid or not available
WARNING: [Board 49-26] cannot add Board Part xilinx.com:zcu102:part0:3.1 available at C:/Xilinx/Vivado/2018.2/data/boards/board_files/zcu102/production/3.1/board.xml as part xczu9eg-ffvb1156-2-e specified in board_part file is either invalid or not available
WARNING: [Board 49-26] cannot add Board Part xilinx.com:zcu102:part0:3.2 available at C:/Xilinx/Vivado/2018.2/data/boards/board_files/zcu102/production/3.2/board.xml as part xczu9eg-ffvb1156-2-e specified in board_part file is either invalid or not available
WARNING: [Board 49-26] cannot add Board Part xilinx.com:zcu104:part0:1.0 available at C:/Xilinx/Vivado/2018.2/data/boards/board_files/zcu104/1.0/board.xml as part xczu7ev-ffvc1156-2-e specified in board_part file is either invalid or not available
WARNING: [Board 49-26] cannot add Board Part xilinx.com:zcu104:part0:1.1 available at C:/Xilinx/Vivado/2018.2/data/boards/board_files/zcu104/1.1/board.xml as part xczu7ev-ffvc1156-2-e specified in board_part file is either invalid or not available
WARNING: [Board 49-26] cannot add Board Part xilinx.com:zcu106:part0:2.0 available at C:/Xilinx/Vivado/2018.2/data/boards/board_files/zcu106/2.0/board.xml as part xczu7ev-ffvc1156-2-e specified in board_part file is either invalid or not available
WARNING: [Board 49-26] cannot add Board Part xilinx.com:zcu106:part0:2.1 available at C:/Xilinx/Vivado/2018.2/data/boards/board_files/zcu106/2.1/board.xml as part xczu7ev-ffvc1156-2-e specified in board_part file is either invalid or not available
WARNING: [Board 49-26] cannot add Board Part xilinx.com:zcu106:part0:2.2 available at C:/Xilinx/Vivado/2018.2/data/boards/board_files/zcu106/2.2/board.xml as part xczu7ev-ffvc1156-2-e specified in board_part file is either invalid or not available
WARNING: [Board 49-26] cannot add Board Part digilentinc.com:arty-a7-100:part0:1.0 available at C:/Xilinx/Vivado/2018.2/data/boards/board_files/arty-a7-100/E.0/board.xml as part xc7a100tcsg324-1 specified in board_part file is either invalid or not available
WARNING: [Board 49-26] cannot add Board Part digilentinc.com:arty-a7-35:part0:1.0 available at C:/Xilinx/Vivado/2018.2/data/boards/board_files/arty-a7-35/E.0/board.xml as part xc7a35ticsg324-1l specified in board_part file is either invalid or not available
WARNING: [Board 49-26] cannot add Board Part digilentinc.com:arty-s7-25:part0:1.0 available at C:/Xilinx/Vivado/2018.2/data/boards/board_files/arty-s7-25/E.0/board.xml as part xc7s25csga324-1 specified in board_part file is either invalid or not available
WARNING: [Board 49-26] cannot add Board Part digilentinc.com:arty-s7-50:part0:1.0 available at C:/Xilinx/Vivado/2018.2/data/boards/board_files/arty-s7-50/B.0/board.xml as part xc7s50csga324-1 specified in board_part file is either invalid or not available
WARNING: [Board 49-26] cannot add Board Part digilentinc.com:arty:part0:1.1 available at C:/Xilinx/Vivado/2018.2/data/boards/board_files/arty/C.0/board.xml as part xc7a35ticsg324-1l specified in board_part file is either invalid or not available
WARNING: [Board 49-26] cannot add Board Part digilentinc.com:basys3:part0:1.1 available at C:/Xilinx/Vivado/2018.2/data/boards/board_files/basys3/C.0/board.xml as part xc7a35tcpg236-1 specified in board_part file is either invalid or not available
WARNING: [Board 49-26] cannot add Board Part xilinx.com:zcu102:part0:3.1 available at C:/Xilinx/Vivado/2018.2/data/boards/board_files/zcu102/production/3.1/board.xml as part xczu9eg-ffvb1156-2-e specified in board_part file is either invalid or not available
WARNING: [Board 49-26] cannot add Board Part xilinx.com:zcu102:part0:3.2 available at C:/Xilinx/Vivado/2018.2/data/boards/board_files/zcu102/production/3.2/board.xml as part xczu9eg-ffvb1156-2-e specified in board_part file is either invalid or not available
WARNING: [Board 49-26] cannot add Board Part xilinx.com:zcu104:part0:1.0 available at C:/Xilinx/Vivado/2018.2/data/boards/board_files/zcu104/1.0/board.xml as part xczu7ev-ffvc1156-2-e specified in board_part file is either invalid or not available
WARNING: [Board 49-26] cannot add Board Part xilinx.com:zcu104:part0:1.1 available at C:/Xilinx/Vivado/2018.2/data/boards/board_files/zcu104/1.1/board.xml as part xczu7ev-ffvc1156-2-e specified in board_part file is either invalid or not available
WARNING: [Board 49-26] cannot add Board Part xilinx.com:zcu106:part0:2.0 available at C:/Xilinx/Vivado/2018.2/data/boards/board_files/zcu106/2.0/board.xml as part xczu7ev-ffvc1156-2-e specified in board_part file is either invalid or not available
WARNING: [Board 49-26] cannot add Board Part xilinx.com:zcu106:part0:2.1 available at C:/Xilinx/Vivado/2018.2/data/boards/board_files/zcu106/2.1/board.xml as part xczu7ev-ffvc1156-2-e specified in board_part file is either invalid or not available
WARNING: [Board 49-26] cannot add Board Part xilinx.com:zcu106:part0:2.2 available at C:/Xilinx/Vivado/2018.2/data/boards/board_files/zcu106/2.2/board.xml as part xczu7ev-ffvc1156-2-e specified in board_part file is either invalid or not available
WARNING: [Board 49-26] cannot add Board Part digilentinc.com:arty-a7-100:part0:1.0 available at C:/Xilinx/Vivado/2018.2/data/boards/board_files/arty-a7-100/E.0/board.xml as part xc7a100tcsg324-1 specified in board_part file is either invalid or not available
WARNING: [Board 49-26] cannot add Board Part digilentinc.com:arty-a7-35:part0:1.0 available at C:/Xilinx/Vivado/2018.2/data/boards/board_files/arty-a7-35/E.0/board.xml as part xc7a35ticsg324-1l specified in board_part file is either invalid or not available
WARNING: [Board 49-26] cannot add Board Part digilentinc.com:arty-s7-25:part0:1.0 available at C:/Xilinx/Vivado/2018.2/data/boards/board_files/arty-s7-25/E.0/board.xml as part xc7s25csga324-1 specified in board_part file is either invalid or not available
WARNING: [Board 49-26] cannot add Board Part digilentinc.com:arty-s7-50:part0:1.0 available at C:/Xilinx/Vivado/2018.2/data/boards/board_files/arty-s7-50/B.0/board.xml as part xc7s50csga324-1 specified in board_part file is either invalid or not available
WARNING: [Board 49-26] cannot add Board Part digilentinc.com:arty:part0:1.1 available at C:/Xilinx/Vivado/2018.2/data/boards/board_files/arty/C.0/board.xml as part xc7a35ticsg324-1l specified in board_part file is either invalid or not available
WARNING: [Board 49-26] cannot add Board Part digilentinc.com:basys3:part0:1.1 available at C:/Xilinx/Vivado/2018.2/data/boards/board_files/basys3/C.0/board.xml as part xc7a35tcpg236-1 specified in board_part file is either invalid or not available
WARNING: [Board 49-26] cannot add Board Part xilinx.com:zcu102:part0:3.1 available at C:/Xilinx/Vivado/2018.2/data/boards/board_files/zcu102/production/3.1/board.xml as part xczu9eg-ffvb1156-2-e specified in board_part file is either invalid or not available
WARNING: [Board 49-26] cannot add Board Part xilinx.com:zcu102:part0:3.2 available at C:/Xilinx/Vivado/2018.2/data/boards/board_files/zcu102/production/3.2/board.xml as part xczu9eg-ffvb1156-2-e specified in board_part file is either invalid or not available
WARNING: [Board 49-26] cannot add Board Part xilinx.com:zcu104:part0:1.0 available at C:/Xilinx/Vivado/2018.2/data/boards/board_files/zcu104/1.0/board.xml as part xczu7ev-ffvc1156-2-e specified in board_part file is either invalid or not available
WARNING: [Board 49-26] cannot add Board Part xilinx.com:zcu104:part0:1.1 available at C:/Xilinx/Vivado/2018.2/data/boards/board_files/zcu104/1.1/board.xml as part xczu7ev-ffvc1156-2-e specified in board_part file is either invalid or not available
WARNING: [Board 49-26] cannot add Board Part xilinx.com:zcu106:part0:2.0 available at C:/Xilinx/Vivado/2018.2/data/boards/board_files/zcu106/2.0/board.xml as part xczu7ev-ffvc1156-2-e specified in board_part file is either invalid or not available
WARNING: [Board 49-26] cannot add Board Part xilinx.com:zcu106:part0:2.1 available at C:/Xilinx/Vivado/2018.2/data/boards/board_files/zcu106/2.1/board.xml as part xczu7ev-ffvc1156-2-e specified in board_part file is either invalid or not available
WARNING: [Board 49-26] cannot add Board Part xilinx.com:zcu106:part0:2.2 available at C:/Xilinx/Vivado/2018.2/data/boards/board_files/zcu106/2.2/board.xml as part xczu7ev-ffvc1156-2-e specified in board_part file is either invalid or not available
WARNING: [Board 49-26] cannot add Board Part digilentinc.com:arty-a7-100:part0:1.0 available at C:/Xilinx/Vivado/2018.2/data/boards/board_files/arty-a7-100/E.0/board.xml as part xc7a100tcsg324-1 specified in board_part file is either invalid or not available
WARNING: [Board 49-26] cannot add Board Part digilentinc.com:arty-a7-35:part0:1.0 available at C:/Xilinx/Vivado/2018.2/data/boards/board_files/arty-a7-35/E.0/board.xml as part xc7a35ticsg324-1l specified in board_part file is either invalid or not available
WARNING: [Board 49-26] cannot add Board Part digilentinc.com:arty-s7-25:part0:1.0 available at C:/Xilinx/Vivado/2018.2/data/boards/board_files/arty-s7-25/E.0/board.xml as part xc7s25csga324-1 specified in board_part file is either invalid or not available
WARNING: [Board 49-26] cannot add Board Part digilentinc.com:arty-s7-50:part0:1.0 available at C:/Xilinx/Vivado/2018.2/data/boards/board_files/arty-s7-50/B.0/board.xml as part xc7s50csga324-1 specified in board_part file is either invalid or not available
WARNING: [Board 49-26] cannot add Board Part digilentinc.com:arty:part0:1.1 available at C:/Xilinx/Vivado/2018.2/data/boards/board_files/arty/C.0/board.xml as part xc7a35ticsg324-1l specified in board_part file is either invalid or not available
WARNING: [Board 49-26] cannot add Board Part digilentinc.com:basys3:part0:1.1 available at C:/Xilinx/Vivado/2018.2/data/boards/board_files/basys3/C.0/board.xml as part xc7a35tcpg236-1 specified in board_part file is either invalid or not available
WARNING: [Board 49-26] cannot add Board Part xilinx.com:zcu102:part0:3.1 available at C:/Xilinx/Vivado/2018.2/data/boards/board_files/zcu102/production/3.1/board.xml as part xczu9eg-ffvb1156-2-e specified in board_part file is either invalid or not available
WARNING: [Board 49-26] cannot add Board Part xilinx.com:zcu102:part0:3.2 available at C:/Xilinx/Vivado/2018.2/data/boards/board_files/zcu102/production/3.2/board.xml as part xczu9eg-ffvb1156-2-e specified in board_part file is either invalid or not available
WARNING: [Board 49-26] cannot add Board Part xilinx.com:zcu104:part0:1.0 available at C:/Xilinx/Vivado/2018.2/data/boards/board_files/zcu104/1.0/board.xml as part xczu7ev-ffvc1156-2-e specified in board_part file is either invalid or not available
WARNING: [Board 49-26] cannot add Board Part xilinx.com:zcu104:part0:1.1 available at C:/Xilinx/Vivado/2018.2/data/boards/board_files/zcu104/1.1/board.xml as part xczu7ev-ffvc1156-2-e specified in board_part file is either invalid or not available
WARNING: [Board 49-26] cannot add Board Part xilinx.com:zcu106:part0:2.0 available at C:/Xilinx/Vivado/2018.2/data/boards/board_files/zcu106/2.0/board.xml as part xczu7ev-ffvc1156-2-e specified in board_part file is either invalid or not available
WARNING: [Board 49-26] cannot add Board Part xilinx.com:zcu106:part0:2.1 available at C:/Xilinx/Vivado/2018.2/data/boards/board_files/zcu106/2.1/board.xml as part xczu7ev-ffvc1156-2-e specified in board_part file is either invalid or not available
WARNING: [Board 49-26] cannot add Board Part xilinx.com:zcu106:part0:2.2 available at C:/Xilinx/Vivado/2018.2/data/boards/board_files/zcu106/2.2/board.xml as part xczu7ev-ffvc1156-2-e specified in board_part file is either invalid or not available
WARNING: [Board 49-26] cannot add Board Part digilentinc.com:arty:part0:1.1 available at C:/Xilinx/Vivado/2018.2/data/boards/board_files/arty/C.0/board.xml as part xc7a35ticsg324-1l specified in board_part file is either invalid or not available
WARNING: [Board 49-26] cannot add Board Part digilentinc.com:arty-a7-100:part0:1.0 available at C:/Xilinx/Vivado/2018.2/data/boards/board_files/arty-a7-100/E.0/board.xml as part xc7a100tcsg324-1 specified in board_part file is either invalid or not available
WARNING: [Board 49-26] cannot add Board Part digilentinc.com:arty-a7-35:part0:1.0 available at C:/Xilinx/Vivado/2018.2/data/boards/board_files/arty-a7-35/E.0/board.xml as part xc7a35ticsg324-1l specified in board_part file is either invalid or not available
WARNING: [Board 49-26] cannot add Board Part digilentinc.com:arty-s7-25:part0:1.0 available at C:/Xilinx/Vivado/2018.2/data/boards/board_files/arty-s7-25/E.0/board.xml as part xc7s25csga324-1 specified in board_part file is either invalid or not available
WARNING: [Board 49-26] cannot add Board Part digilentinc.com:arty-s7-50:part0:1.0 available at C:/Xilinx/Vivado/2018.2/data/boards/board_files/arty-s7-50/B.0/board.xml as part xc7s50csga324-1 specified in board_part file is either invalid or not available
WARNING: [Board 49-26] cannot add Board Part digilentinc.com:basys3:part0:1.1 available at C:/Xilinx/Vivado/2018.2/data/boards/board_files/basys3/C.0/board.xml as part xc7a35tcpg236-1 specified in board_part file is either invalid or not available
WARNING: [Board 49-26] cannot add Board Part xilinx.com:zcu102:part0:3.2 available at C:/Xilinx/Vivado/2018.2/data/boards/board_files/zcu102/production/3.2/board.xml as part xczu9eg-ffvb1156-2-e specified in board_part file is either invalid or not available
WARNING: [Board 49-26] cannot add Board Part xilinx.com:zcu104:part0:1.1 available at C:/Xilinx/Vivado/2018.2/data/boards/board_files/zcu104/1.1/board.xml as part xczu7ev-ffvc1156-2-e specified in board_part file is either invalid or not available
WARNING: [Board 49-26] cannot add Board Part xilinx.com:zcu106:part0:2.2 available at C:/Xilinx/Vivado/2018.2/data/boards/board_files/zcu106/2.2/board.xml as part xczu7ev-ffvc1156-2-e specified in board_part file is either invalid or not available
WARNING: [Board 49-26] cannot add Board Part digilentinc.com:arty-a7-100:part0:1.0 available at C:/Xilinx/Vivado/2018.2/data/boards/board_files/arty-a7-100/E.0/board.xml as part xc7a100tcsg324-1 specified in board_part file is either invalid or not available
WARNING: [Board 49-26] cannot add Board Part digilentinc.com:arty-a7-35:part0:1.0 available at C:/Xilinx/Vivado/2018.2/data/boards/board_files/arty-a7-35/E.0/board.xml as part xc7a35ticsg324-1l specified in board_part file is either invalid or not available
WARNING: [Board 49-26] cannot add Board Part digilentinc.com:arty-s7-25:part0:1.0 available at C:/Xilinx/Vivado/2018.2/data/boards/board_files/arty-s7-25/E.0/board.xml as part xc7s25csga324-1 specified in board_part file is either invalid or not available
WARNING: [Board 49-26] cannot add Board Part digilentinc.com:arty-s7-50:part0:1.0 available at C:/Xilinx/Vivado/2018.2/data/boards/board_files/arty-s7-50/B.0/board.xml as part xc7s50csga324-1 specified in board_part file is either invalid or not available
WARNING: [Board 49-26] cannot add Board Part digilentinc.com:arty:part0:1.1 available at C:/Xilinx/Vivado/2018.2/data/boards/board_files/arty/C.0/board.xml as part xc7a35ticsg324-1l specified in board_part file is either invalid or not available
WARNING: [Board 49-26] cannot add Board Part digilentinc.com:basys3:part0:1.1 available at C:/Xilinx/Vivado/2018.2/data/boards/board_files/basys3/C.0/board.xml as part xc7a35tcpg236-1 specified in board_part file is either invalid or not available
WARNING: [Board 49-26] cannot add Board Part xilinx.com:zcu102:part0:3.1 available at C:/Xilinx/Vivado/2018.2/data/boards/board_files/zcu102/production/3.1/board.xml as part xczu9eg-ffvb1156-2-e specified in board_part file is either invalid or not available
WARNING: [Board 49-26] cannot add Board Part xilinx.com:zcu102:part0:3.2 available at C:/Xilinx/Vivado/2018.2/data/boards/board_files/zcu102/production/3.2/board.xml as part xczu9eg-ffvb1156-2-e specified in board_part file is either invalid or not available
WARNING: [Board 49-26] cannot add Board Part xilinx.com:zcu104:part0:1.0 available at C:/Xilinx/Vivado/2018.2/data/boards/board_files/zcu104/1.0/board.xml as part xczu7ev-ffvc1156-2-e specified in board_part file is either invalid or not available
WARNING: [Board 49-26] cannot add Board Part xilinx.com:zcu104:part0:1.1 available at C:/Xilinx/Vivado/2018.2/data/boards/board_files/zcu104/1.1/board.xml as part xczu7ev-ffvc1156-2-e specified in board_part file is either invalid or not available
WARNING: [Board 49-26] cannot add Board Part xilinx.com:zcu106:part0:2.0 available at C:/Xilinx/Vivado/2018.2/data/boards/board_files/zcu106/2.0/board.xml as part xczu7ev-ffvc1156-2-e specified in board_part file is either invalid or not available
WARNING: [Board 49-26] cannot add Board Part xilinx.com:zcu106:part0:2.1 available at C:/Xilinx/Vivado/2018.2/data/boards/board_files/zcu106/2.1/board.xml as part xczu7ev-ffvc1156-2-e specified in board_part file is either invalid or not available
WARNING: [Board 49-26] cannot add Board Part xilinx.com:zcu106:part0:2.2 available at C:/Xilinx/Vivado/2018.2/data/boards/board_files/zcu106/2.2/board.xml as part xczu7ev-ffvc1156-2-e specified in board_part file is either invalid or not available
WARNING: [Board 49-26] cannot add Board Part digilentinc.com:arty-a7-100:part0:1.0 available at C:/Xilinx/Vivado/2018.2/data/boards/board_files/arty-a7-100/E.0/board.xml as part xc7a100tcsg324-1 specified in board_part file is either invalid or not available
WARNING: [Board 49-26] cannot add Board Part digilentinc.com:arty-a7-35:part0:1.0 available at C:/Xilinx/Vivado/2018.2/data/boards/board_files/arty-a7-35/E.0/board.xml as part xc7a35ticsg324-1l specified in board_part file is either invalid or not available
WARNING: [Board 49-26] cannot add Board Part digilentinc.com:arty-s7-25:part0:1.0 available at C:/Xilinx/Vivado/2018.2/data/boards/board_files/arty-s7-25/E.0/board.xml as part xc7s25csga324-1 specified in board_part file is either invalid or not available
WARNING: [Board 49-26] cannot add Board Part digilentinc.com:arty-s7-50:part0:1.0 available at C:/Xilinx/Vivado/2018.2/data/boards/board_files/arty-s7-50/B.0/board.xml as part xc7s50csga324-1 specified in board_part file is either invalid or not available
WARNING: [Board 49-26] cannot add Board Part digilentinc.com:arty:part0:1.1 available at C:/Xilinx/Vivado/2018.2/data/boards/board_files/arty/C.0/board.xml as part xc7a35ticsg324-1l specified in board_part file is either invalid or not available
WARNING: [Board 49-26] cannot add Board Part digilentinc.com:basys3:part0:1.1 available at C:/Xilinx/Vivado/2018.2/data/boards/board_files/basys3/C.0/board.xml as part xc7a35tcpg236-1 specified in board_part file is either invalid or not available
WARNING: [Board 49-26] cannot add Board Part xilinx.com:zcu102:part0:3.1 available at C:/Xilinx/Vivado/2018.2/data/boards/board_files/zcu102/production/3.1/board.xml as part xczu9eg-ffvb1156-2-e specified in board_part file is either invalid or not available
WARNING: [Board 49-26] cannot add Board Part xilinx.com:zcu102:part0:3.2 available at C:/Xilinx/Vivado/2018.2/data/boards/board_files/zcu102/production/3.2/board.xml as part xczu9eg-ffvb1156-2-e specified in board_part file is either invalid or not available
WARNING: [Board 49-26] cannot add Board Part xilinx.com:zcu104:part0:1.0 available at C:/Xilinx/Vivado/2018.2/data/boards/board_files/zcu104/1.0/board.xml as part xczu7ev-ffvc1156-2-e specified in board_part file is either invalid or not available
WARNING: [Board 49-26] cannot add Board Part xilinx.com:zcu104:part0:1.1 available at C:/Xilinx/Vivado/2018.2/data/boards/board_files/zcu104/1.1/board.xml as part xczu7ev-ffvc1156-2-e specified in board_part file is either invalid or not available
WARNING: [Board 49-26] cannot add Board Part xilinx.com:zcu106:part0:2.0 available at C:/Xilinx/Vivado/2018.2/data/boards/board_files/zcu106/2.0/board.xml as part xczu7ev-ffvc1156-2-e specified in board_part file is either invalid or not available
WARNING: [Board 49-26] cannot add Board Part xilinx.com:zcu106:part0:2.1 available at C:/Xilinx/Vivado/2018.2/data/boards/board_files/zcu106/2.1/board.xml as part xczu7ev-ffvc1156-2-e specified in board_part file is either invalid or not available
WARNING: [Board 49-26] cannot add Board Part xilinx.com:zcu106:part0:2.2 available at C:/Xilinx/Vivado/2018.2/data/boards/board_files/zcu106/2.2/board.xml as part xczu7ev-ffvc1156-2-e specified in board_part file is either invalid or not available
INFO: [Common 17-14] Message 'Board 49-26' appears 100 times and further instances of the messages will be disabled. Use the Tcl command set_msg_config to change the current settings.
launch_runs synth_1 -jobs 4
[Thu Mar 28 13:39:16 2019] Launched synth_1...
Run output will be captured here: C:/Users/raye2601/Desktop/ergonomie/assembleur_ergonomie/MEF/MEF.runs/synth_1/runme.log
launch_runs impl_1 -jobs 4
[Thu Mar 28 13:40:10 2019] Launched impl_1...
Run output will be captured here: C:/Users/raye2601/Desktop/ergonomie/assembleur_ergonomie/MEF/MEF.runs/impl_1/runme.log
launch_runs impl_1 -to_step write_bitstream -jobs 4
[Thu Mar 28 13:41:33 2019] Launched impl_1...
Run output will be captured here: C:/Users/raye2601/Desktop/ergonomie/assembleur_ergonomie/MEF/MEF.runs/impl_1/runme.log
open_run impl_1
INFO: [Netlist 29-17] Analyzing 64 Unisim elements for replacement
INFO: [Netlist 29-28] Unisim Transformation completed in 0 CPU seconds
INFO: [Project 1-479] Netlist was created with Vivado 2018.2
INFO: [Device 21-403] Loading part xc7z010clg400-1
INFO: [Project 1-570] Preparing netlist for logic optimization
INFO: [Timing 38-478] Restoring timing data from binary archive.
INFO: [Timing 38-479] Binary timing data restore complete.
INFO: [Project 1-856] Restoring constraints from binary archive.
INFO: [Project 1-853] Binary constraint restore complete.
Reading XDEF placement.
Reading placer database...
Reading XDEF routing.
Read XDEF File: Time (s): cpu = 00:00:00 ; elapsed = 00:00:00.091 . Memory (MB): peak = 1590.926 ; gain = 0.000
Restored from archive | CPU: 0.000000 secs | Memory: 0.000000 MB |
Finished XDEF File Restore: Time (s): cpu = 00:00:00 ; elapsed = 00:00:00.091 . Memory (MB): peak = 1590.926 ; gain = 0.000
INFO: [Project 1-111] Unisim Transformation Summary:
  A total of 44 instances were transformed.
  LUT6_2 => LUT6_2 (LUT5, LUT6): 38 instances
  RAM32M => RAM32M (RAMD32, RAMD32, RAMD32, RAMD32, RAMD32, RAMD32, RAMS32, RAMS32): 4 instances
  RAM64M => RAM64M (RAMD64E, RAMD64E, RAMD64E, RAMD64E): 2 instances

open_run: Time (s): cpu = 00:00:27 ; elapsed = 00:00:25 . Memory (MB): peak = 1672.758 ; gain = 858.652
open_hw
close_hw
add_files -norecurse C:/Users/raye2601/Desktop/IMU_demo/IMU_demo.srcs/sources_1/bd/design_1/design_1.bd
export_ip_user_files -of_objects  [get_files  C:/Users/raye2601/Desktop/IMU_demo/IMU_demo.srcs/sources_1/bd/design_1/design_1.bd] -lib_map_path [list {modelsim=C:/Users/raye2601/Desktop/ergonomie/assembleur_ergonomie/MEF/MEF.cache/compile_simlib/modelsim} {questa=C:/Users/raye2601/Desktop/ergonomie/assembleur_ergonomie/MEF/MEF.cache/compile_simlib/questa} {riviera=C:/Users/raye2601/Desktop/ergonomie/assembleur_ergonomie/MEF/MEF.cache/compile_simlib/riviera} {activehdl=C:/Users/raye2601/Desktop/ergonomie/assembleur_ergonomie/MEF/MEF.cache/compile_simlib/activehdl}] -force -quiet
update_compile_order -fileset sources_1
open_bd_design {C:/Users/raye2601/Desktop/IMU_demo/IMU_demo.srcs/sources_1/bd/design_1/design_1.bd}
Adding cell -- xilinx.com:ip:processing_system7:5.5 - processing_system7_0
Successfully read diagram <design_1> from BD file <C:/Users/raye2601/Desktop/IMU_demo/IMU_demo.srcs/sources_1/bd/design_1/design_1.bd>
open_bd_design: Time (s): cpu = 00:00:08 ; elapsed = 00:00:09 . Memory (MB): peak = 1766.340 ; gain = 58.285
reset_run synth_1
launch_runs synth_1 -jobs 4
[Thu Mar 28 13:56:07 2019] Launched synth_1...
Run output will be captured here: C:/Users/raye2601/Desktop/ergonomie/assembleur_ergonomie/MEF/MEF.runs/synth_1/runme.log
launch_runs impl_1 -jobs 4
[Thu Mar 28 13:57:11 2019] Launched impl_1...
Run output will be captured here: C:/Users/raye2601/Desktop/ergonomie/assembleur_ergonomie/MEF/MEF.runs/impl_1/runme.log
launch_runs impl_1 -to_step write_bitstream -jobs 4
[Thu Mar 28 13:58:21 2019] Launched impl_1...
Run output will be captured here: C:/Users/raye2601/Desktop/ergonomie/assembleur_ergonomie/MEF/MEF.runs/impl_1/runme.log
open_hw
close_hw
open_bd_design {C:/Users/raye2601/Desktop/IMU_demo/IMU_demo.srcs/sources_1/bd/design_1/design_1.bd}
make_wrapper -files [get_files C:/Users/raye2601/Desktop/IMU_demo/IMU_demo.srcs/sources_1/bd/design_1/design_1.bd] -top
add_files -norecurse C:/Users/raye2601/Desktop/IMU_demo/IMU_demo.srcs/sources_1/bd/design_1/hdl/design_1_wrapper.vhd
update_compile_order -fileset sources_1
open_bd_design {C:/Users/raye2601/Desktop/IMU_demo/IMU_demo.srcs/sources_1/bd/design_1/design_1.bd}
open_bd_design {C:/Users/raye2601/Desktop/IMU_demo/IMU_demo.srcs/sources_1/bd/design_1/design_1.bd}
open_bd_design {C:/Users/raye2601/Desktop/IMU_demo/IMU_demo.srcs/sources_1/bd/design_1/design_1.bd}
set_property top design_1_wrapper [current_fileset]
update_compile_order -fileset sources_1
ERROR: [Vivado 12-4452] The hardware handoff file (.sysdef) does not exist. It may not have been generated due to: 
 1. A bitstream might not have been generated. Generate Bitstream and export again, or do not request a bitstream to be included in export.
 2. There are no block design hardware handoff files. Check the vivado log messages for more details. 
reset_run synth_1
launch_runs synth_1 -jobs 4
[Thu Mar 28 14:06:12 2019] Launched synth_1...
Run output will be captured here: C:/Users/raye2601/Desktop/ergonomie/assembleur_ergonomie/MEF/MEF.runs/synth_1/runme.log
launch_runs impl_1 -jobs 4
[Thu Mar 28 14:06:57 2019] Launched impl_1...
Run output will be captured here: C:/Users/raye2601/Desktop/ergonomie/assembleur_ergonomie/MEF/MEF.runs/impl_1/runme.log
launch_runs impl_1 -to_step write_bitstream -jobs 4
[Thu Mar 28 14:08:10 2019] Launched impl_1...
Run output will be captured here: C:/Users/raye2601/Desktop/ergonomie/assembleur_ergonomie/MEF/MEF.runs/impl_1/runme.log
open_hw
file mkdir C:/Users/raye2601/Desktop/ergonomie/assembleur_ergonomie/MEF/MEF.sdk
file copy -force C:/Users/raye2601/Desktop/ergonomie/assembleur_ergonomie/MEF/MEF.runs/impl_1/design_1_wrapper.sysdef C:/Users/raye2601/Desktop/ergonomie/assembleur_ergonomie/MEF/MEF.sdk/design_1_wrapper.hdf

launch_sdk -workspace C:/Users/raye2601/Desktop/ergonomie/assembleur_ergonomie/MEF/MEF.sdk -hwspec C:/Users/raye2601/Desktop/ergonomie/assembleur_ergonomie/MEF/MEF.sdk/design_1_wrapper.hdf
INFO: [Vivado 12-393] Launching SDK...
INFO: [Vivado 12-417] Running xsdk -workspace C:/Users/raye2601/Desktop/ergonomie/assembleur_ergonomie/MEF/MEF.sdk -hwspec C:/Users/raye2601/Desktop/ergonomie/assembleur_ergonomie/MEF/MEF.sdk/design_1_wrapper.hdf
INFO: [Vivado 12-3157] SDK launch initiated. Please check console for any further messages.
close_hw
open_bd_design {C:/Users/raye2601/Desktop/IMU_demo/IMU_demo.srcs/sources_1/bd/design_1/design_1.bd}
exit
INFO: [Common 17-206] Exiting Vivado at Thu Mar 28 14:30:11 2019...
