#-----------------------------------------------------------
# Vivado v2018.2 (64-bit)
# SW Build 2258646 on Thu Jun 14 20:03:12 MDT 2018
# IP Build 2256618 on Thu Jun 14 22:10:49 MDT 2018
# Start of session at: Wed Jan  2 13:12:05 2019
# Process ID: 22704
# Current directory: C:/Temp/pb_APP_log_comb
# Command line: vivado.exe -gui_launcher_event rodinguilauncherevent11416 C:\Temp\pb_APP_log_comb\pb_APP_log_comb.xpr
# Log file: C:/Temp/pb_APP_log_comb/vivado.log
# Journal file: C:/Temp/pb_APP_log_comb\vivado.jou
#-----------------------------------------------------------
start_gui
open_project C:/Temp/pb_APP_log_comb/pb_APP_log_comb.xpr
INFO: [Project 1-313] Project file moved from 'C:/ProjetsFPGA/projets_vivado/pb_APP_log_comb/.Xil/Vivado-5652-DalleVostro01/PrjAr/_X_' since last save.
Scanning sources...
Finished scanning sources
INFO: [IP_Flow 19-234] Refreshing IP repositories
INFO: [IP_Flow 19-1704] No user IP repositories specified
INFO: [IP_Flow 19-2313] Loaded Vivado IP repository 'C:/Xilinx/Vivado/2018.2/data/ip'.
open_project: Time (s): cpu = 00:00:22 ; elapsed = 00:00:13 . Memory (MB): peak = 814.898 ; gain = 100.266
exit
INFO: [Common 17-206] Exiting Vivado at Wed Jan  2 13:14:11 2019...
