#-----------------------------------------------------------
# Vivado v2018.2 (64-bit)
# SW Build 2258646 on Thu Jun 14 20:03:12 MDT 2018
# IP Build 2256618 on Thu Jun 14 22:10:49 MDT 2018
# Start of session at: Thu Mar 28 12:40:02 2019
# Process ID: 51020
# Current directory: C:/Users/ArcticWalrus/Downloads/ergonomie/pb_APP_log_comb
# Command line: vivado.exe -gui_launcher_event rodinguilauncherevent46568 C:\Users\ArcticWalrus\Downloads\ergonomie\pb_APP_log_comb\pb_APP_log_comb.xpr
# Log file: C:/Users/ArcticWalrus/Downloads/ergonomie/pb_APP_log_comb/vivado.log
# Journal file: C:/Users/ArcticWalrus/Downloads/ergonomie/pb_APP_log_comb\vivado.jou
#-----------------------------------------------------------
start_gui
open_project C:/Users/ArcticWalrus/Downloads/ergonomie/pb_APP_log_comb/pb_APP_log_comb.xpr
INFO: [Project 1-313] Project file moved from 'C:/Users/raye2601/Desktop/pb_APP_log_comb' since last save.
Scanning sources...
Finished scanning sources
INFO: [IP_Flow 19-234] Refreshing IP repositories
INFO: [IP_Flow 19-1704] No user IP repositories specified
INFO: [IP_Flow 19-2313] Loaded Vivado IP repository 'C:/Xilinx/Vivado/2018.2/data/ip'.
open_project: Time (s): cpu = 00:00:18 ; elapsed = 00:00:10 . Memory (MB): peak = 822.551 ; gain = 96.898
