#-----------------------------------------------------------
# Vivado v2018.2 (64-bit)
# SW Build 2258646 on Thu Jun 14 20:03:12 MDT 2018
# IP Build 2256618 on Thu Jun 14 22:10:49 MDT 2018
# Start of session at: Thu Mar 21 13:47:42 2019
# Process ID: 8460
# Current directory: C:/Users/raye2601/Desktop/pb_APP_log_comb
# Command line: vivado.exe -gui_launcher_event rodinguilauncherevent9008 C:\Users\raye2601\Desktop\pb_APP_log_comb\pb_APP_log_comb.xpr
# Log file: C:/Users/raye2601/Desktop/pb_APP_log_comb/vivado.log
# Journal file: C:/Users/raye2601/Desktop/pb_APP_log_comb\vivado.jou
#-----------------------------------------------------------
start_gui
open_project C:/Users/raye2601/Desktop/pb_APP_log_comb/pb_APP_log_comb.xpr
Scanning sources...
Finished scanning sources
INFO: [IP_Flow 19-234] Refreshing IP repositories
INFO: [IP_Flow 19-1704] No user IP repositories specified
INFO: [IP_Flow 19-2313] Loaded Vivado IP repository 'C:/Xilinx/Vivado/2018.2/data/ip'.
exit
INFO: [Common 17-206] Exiting Vivado at Thu Mar 21 13:51:01 2019...
