14:03:34 INFO  : Registering command handlers for SDK TCF services
14:03:35 INFO  : Launching XSCT server: xsct.bat -interactive Q:\projects\project_Serveur_Http\project_Serveur_Http.sdk\temp_xsdb_launch_script.tcl
14:03:38 INFO  : XSCT server has started successfully.
14:03:38 INFO  : Successfully done setting XSCT server connection channel  
14:03:38 INFO  : Successfully done setting SDK workspace  
14:03:38 INFO  : Processing command line option -hwspec Q:/projects/project_Serveur_Http/project_Serveur_Http.sdk/design_1_wrapper.hdf.
14:05:34 INFO  : Refreshed build settings on project serveur_http
14:09:45 INFO  : Connected to target on host '127.0.0.1' and port '3121'.
14:09:46 INFO  : 'targets -set -filter {jtag_cable_name =~ "Digilent Zybo Z7 210351A77E51A" && level==0} -index 1' command is executed.
14:09:47 INFO  : FPGA configured successfully with bitstream "Q:/projects/project_Serveur_Http/project_Serveur_Http.sdk/design_1_wrapper_hw_platform_0/design_1_wrapper.bit"
14:15:59 INFO  : No changes in MSS file content so not generating sources.
14:16:53 INFO  : 'targets -set -filter {jtag_cable_name =~ "Digilent Zybo Z7 210351A77E51A" && level==0} -index 1' command is executed.
14:16:53 INFO  : 'fpga -state' command is executed.
14:16:53 INFO  : Connected to target on host '127.0.0.1' and port '3121'.
14:16:53 INFO  : Jtag cable 'Digilent Zybo Z7 210351A77E51A' is selected.
14:16:53 INFO  : 'jtag frequency' command is executed.
14:16:53 INFO  : Sourcing of 'Q:/projects/project_Serveur_Http/project_Serveur_Http.sdk/design_1_wrapper_hw_platform_0/ps7_init.tcl' is done.
14:16:53 INFO  : Context for 'APU' is selected.
14:16:53 INFO  : Hardware design information is loaded from 'Q:/projects/project_Serveur_Http/project_Serveur_Http.sdk/design_1_wrapper_hw_platform_0/system.hdf'.
14:16:53 INFO  : 'configparams force-mem-access 1' command is executed.
14:16:53 INFO  : Context for 'APU' is selected.
14:16:53 INFO  : 'stop' command is executed.
14:16:53 INFO  : 'ps7_init' command is executed.
14:16:53 INFO  : 'ps7_post_config' command is executed.
14:16:53 INFO  : Context for processor 'ps7_cortexa9_0' is selected.
14:16:53 INFO  : Processor reset is completed for 'ps7_cortexa9_0'.
14:16:53 INFO  : Context for processor 'ps7_cortexa9_0' is selected.
14:16:54 INFO  : The application 'Q:/projects/project_Serveur_Http/project_Serveur_Http.sdk/serveur_http/Debug/serveur_http.elf' is downloaded to processor 'ps7_cortexa9_0'.
14:16:54 INFO  : 'configparams force-mem-access 0' command is executed.
14:16:54 INFO  : ----------------XSDB Script----------------
connect -url tcp:127.0.0.1:3121
source Q:/projects/project_Serveur_Http/project_Serveur_Http.sdk/design_1_wrapper_hw_platform_0/ps7_init.tcl
targets -set -nocase -filter {name =~"APU*" && jtag_cable_name =~ "Digilent Zybo Z7 210351A77E51A"} -index 0
loadhw -hw Q:/projects/project_Serveur_Http/project_Serveur_Http.sdk/design_1_wrapper_hw_platform_0/system.hdf -mem-ranges [list {0x40000000 0xbfffffff}]
configparams force-mem-access 1
targets -set -nocase -filter {name =~"APU*" && jtag_cable_name =~ "Digilent Zybo Z7 210351A77E51A"} -index 0
stop
ps7_init
ps7_post_config
targets -set -nocase -filter {name =~ "ARM*#0" && jtag_cable_name =~ "Digilent Zybo Z7 210351A77E51A"} -index 0
rst -processor
targets -set -nocase -filter {name =~ "ARM*#0" && jtag_cable_name =~ "Digilent Zybo Z7 210351A77E51A"} -index 0
dow Q:/projects/project_Serveur_Http/project_Serveur_Http.sdk/serveur_http/Debug/serveur_http.elf
configparams force-mem-access 0
----------------End of Script----------------

14:16:54 INFO  : Memory regions updated for context APU
14:16:54 INFO  : Context for processor 'ps7_cortexa9_0' is selected.
14:16:54 INFO  : 'con' command is executed.
14:16:54 INFO  : ----------------XSDB Script (After Launch)----------------
targets -set -nocase -filter {name =~ "ARM*#0" && jtag_cable_name =~ "Digilent Zybo Z7 210351A77E51A"} -index 0
con
----------------End of Script----------------

14:16:54 INFO  : Launch script is exported to file 'Q:\projects\project_Serveur_Http\project_Serveur_Http.sdk\.sdk\launch_scripts\xilinx_c-c++_application_(system_debugger)\system_debugger_using_debug_serveur_http.elf_on_local.tcl'
14:43:15 INFO  : Disconnected from the channel tcfchan#1.
14:43:16 INFO  : 'targets -set -filter {jtag_cable_name =~ "Digilent Zybo Z7 210351A77E51A" && level==0} -index 1' command is executed.
14:43:16 INFO  : 'fpga -state' command is executed.
14:43:16 INFO  : Connected to target on host '127.0.0.1' and port '3121'.
14:43:16 INFO  : Jtag cable 'Digilent Zybo Z7 210351A77E51A' is selected.
14:43:16 INFO  : 'jtag frequency' command is executed.
14:43:16 INFO  : Sourcing of 'Q:/projects/project_Serveur_Http/project_Serveur_Http.sdk/design_1_wrapper_hw_platform_0/ps7_init.tcl' is done.
14:43:16 INFO  : Context for 'APU' is selected.
14:43:18 INFO  : Hardware design information is loaded from 'Q:/projects/project_Serveur_Http/project_Serveur_Http.sdk/design_1_wrapper_hw_platform_0/system.hdf'.
14:43:18 INFO  : 'configparams force-mem-access 1' command is executed.
14:43:18 INFO  : Context for 'APU' is selected.
14:43:18 INFO  : 'stop' command is executed.
14:43:18 INFO  : 'ps7_init' command is executed.
14:43:18 INFO  : 'ps7_post_config' command is executed.
14:43:18 INFO  : Context for processor 'ps7_cortexa9_0' is selected.
14:43:18 INFO  : Processor reset is completed for 'ps7_cortexa9_0'.
14:43:18 INFO  : Context for processor 'ps7_cortexa9_0' is selected.
14:43:19 INFO  : The application 'Q:/projects/project_Serveur_Http/project_Serveur_Http.sdk/serveur_http/Debug/serveur_http.elf' is downloaded to processor 'ps7_cortexa9_0'.
14:43:19 INFO  : 'configparams force-mem-access 0' command is executed.
14:43:19 INFO  : ----------------XSDB Script----------------
connect -url tcp:127.0.0.1:3121
source Q:/projects/project_Serveur_Http/project_Serveur_Http.sdk/design_1_wrapper_hw_platform_0/ps7_init.tcl
targets -set -nocase -filter {name =~"APU*" && jtag_cable_name =~ "Digilent Zybo Z7 210351A77E51A"} -index 0
loadhw -hw Q:/projects/project_Serveur_Http/project_Serveur_Http.sdk/design_1_wrapper_hw_platform_0/system.hdf -mem-ranges [list {0x40000000 0xbfffffff}]
configparams force-mem-access 1
targets -set -nocase -filter {name =~"APU*" && jtag_cable_name =~ "Digilent Zybo Z7 210351A77E51A"} -index 0
stop
ps7_init
ps7_post_config
targets -set -nocase -filter {name =~ "ARM*#0" && jtag_cable_name =~ "Digilent Zybo Z7 210351A77E51A"} -index 0
rst -processor
targets -set -nocase -filter {name =~ "ARM*#0" && jtag_cable_name =~ "Digilent Zybo Z7 210351A77E51A"} -index 0
dow Q:/projects/project_Serveur_Http/project_Serveur_Http.sdk/serveur_http/Debug/serveur_http.elf
configparams force-mem-access 0
----------------End of Script----------------

14:43:19 INFO  : Memory regions updated for context APU
14:43:19 INFO  : Context for processor 'ps7_cortexa9_0' is selected.
14:43:19 INFO  : 'con' command is executed.
14:43:19 INFO  : ----------------XSDB Script (After Launch)----------------
targets -set -nocase -filter {name =~ "ARM*#0" && jtag_cable_name =~ "Digilent Zybo Z7 210351A77E51A"} -index 0
con
----------------End of Script----------------

14:43:19 INFO  : Launch script is exported to file 'Q:\projects\project_Serveur_Http\project_Serveur_Http.sdk\.sdk\launch_scripts\xilinx_c-c++_application_(system_debugger)\system_debugger_using_debug_serveur_http.elf_on_local.tcl'
14:45:38 INFO  : Disconnected from the channel tcfchan#2.
14:45:39 INFO  : 'targets -set -filter {jtag_cable_name =~ "Digilent Zybo Z7 210351A77E51A" && level==0} -index 1' command is executed.
14:45:39 INFO  : 'fpga -state' command is executed.
14:45:39 INFO  : Connected to target on host '127.0.0.1' and port '3121'.
14:45:39 INFO  : Jtag cable 'Digilent Zybo Z7 210351A77E51A' is selected.
14:45:39 INFO  : 'jtag frequency' command is executed.
14:45:39 INFO  : Sourcing of 'Q:/projects/project_Serveur_Http/project_Serveur_Http.sdk/design_1_wrapper_hw_platform_0/ps7_init.tcl' is done.
14:45:39 INFO  : Context for 'APU' is selected.
14:45:40 INFO  : Hardware design information is loaded from 'Q:/projects/project_Serveur_Http/project_Serveur_Http.sdk/design_1_wrapper_hw_platform_0/system.hdf'.
14:45:40 INFO  : 'configparams force-mem-access 1' command is executed.
14:45:40 INFO  : Context for 'APU' is selected.
14:45:40 INFO  : 'stop' command is executed.
14:45:41 INFO  : 'ps7_init' command is executed.
14:45:41 INFO  : 'ps7_post_config' command is executed.
14:45:41 INFO  : Context for processor 'ps7_cortexa9_0' is selected.
14:45:41 INFO  : Processor reset is completed for 'ps7_cortexa9_0'.
14:45:41 INFO  : Context for processor 'ps7_cortexa9_0' is selected.
14:45:42 INFO  : The application 'Q:/projects/project_Serveur_Http/project_Serveur_Http.sdk/serveur_http/Debug/serveur_http.elf' is downloaded to processor 'ps7_cortexa9_0'.
14:45:42 INFO  : 'configparams force-mem-access 0' command is executed.
14:45:42 INFO  : ----------------XSDB Script----------------
connect -url tcp:127.0.0.1:3121
source Q:/projects/project_Serveur_Http/project_Serveur_Http.sdk/design_1_wrapper_hw_platform_0/ps7_init.tcl
targets -set -nocase -filter {name =~"APU*" && jtag_cable_name =~ "Digilent Zybo Z7 210351A77E51A"} -index 0
loadhw -hw Q:/projects/project_Serveur_Http/project_Serveur_Http.sdk/design_1_wrapper_hw_platform_0/system.hdf -mem-ranges [list {0x40000000 0xbfffffff}]
configparams force-mem-access 1
targets -set -nocase -filter {name =~"APU*" && jtag_cable_name =~ "Digilent Zybo Z7 210351A77E51A"} -index 0
stop
ps7_init
ps7_post_config
targets -set -nocase -filter {name =~ "ARM*#0" && jtag_cable_name =~ "Digilent Zybo Z7 210351A77E51A"} -index 0
rst -processor
targets -set -nocase -filter {name =~ "ARM*#0" && jtag_cable_name =~ "Digilent Zybo Z7 210351A77E51A"} -index 0
dow Q:/projects/project_Serveur_Http/project_Serveur_Http.sdk/serveur_http/Debug/serveur_http.elf
configparams force-mem-access 0
----------------End of Script----------------

14:45:42 INFO  : Memory regions updated for context APU
14:45:42 INFO  : Context for processor 'ps7_cortexa9_0' is selected.
14:45:42 INFO  : 'con' command is executed.
14:45:42 INFO  : ----------------XSDB Script (After Launch)----------------
targets -set -nocase -filter {name =~ "ARM*#0" && jtag_cable_name =~ "Digilent Zybo Z7 210351A77E51A"} -index 0
con
----------------End of Script----------------

14:45:42 INFO  : Launch script is exported to file 'Q:\projects\project_Serveur_Http\project_Serveur_Http.sdk\.sdk\launch_scripts\xilinx_c-c++_application_(system_debugger)\system_debugger_using_debug_serveur_http.elf_on_local.tcl'
14:46:05 INFO  : Disconnected from the channel tcfchan#3.
14:46:06 INFO  : 'targets -set -filter {jtag_cable_name =~ "Digilent Zybo Z7 210351A77E51A" && level==0} -index 1' command is executed.
14:46:06 INFO  : 'fpga -state' command is executed.
14:46:06 INFO  : Connected to target on host '127.0.0.1' and port '3121'.
14:46:06 INFO  : Jtag cable 'Digilent Zybo Z7 210351A77E51A' is selected.
14:46:06 INFO  : 'jtag frequency' command is executed.
14:46:06 INFO  : Sourcing of 'Q:/projects/project_Serveur_Http/project_Serveur_Http.sdk/design_1_wrapper_hw_platform_0/ps7_init.tcl' is done.
14:46:06 INFO  : Context for 'APU' is selected.
14:46:08 INFO  : Hardware design information is loaded from 'Q:/projects/project_Serveur_Http/project_Serveur_Http.sdk/design_1_wrapper_hw_platform_0/system.hdf'.
14:46:08 INFO  : 'configparams force-mem-access 1' command is executed.
14:46:08 INFO  : Context for 'APU' is selected.
14:46:08 INFO  : 'stop' command is executed.
14:46:08 INFO  : 'ps7_init' command is executed.
14:46:08 INFO  : 'ps7_post_config' command is executed.
14:46:08 INFO  : Context for processor 'ps7_cortexa9_0' is selected.
14:46:08 INFO  : Processor reset is completed for 'ps7_cortexa9_0'.
14:46:08 INFO  : Context for processor 'ps7_cortexa9_0' is selected.
14:46:09 INFO  : The application 'Q:/projects/project_Serveur_Http/project_Serveur_Http.sdk/serveur_http/Debug/serveur_http.elf' is downloaded to processor 'ps7_cortexa9_0'.
14:46:09 INFO  : 'configparams force-mem-access 0' command is executed.
14:46:09 INFO  : ----------------XSDB Script----------------
connect -url tcp:127.0.0.1:3121
source Q:/projects/project_Serveur_Http/project_Serveur_Http.sdk/design_1_wrapper_hw_platform_0/ps7_init.tcl
targets -set -nocase -filter {name =~"APU*" && jtag_cable_name =~ "Digilent Zybo Z7 210351A77E51A"} -index 0
loadhw -hw Q:/projects/project_Serveur_Http/project_Serveur_Http.sdk/design_1_wrapper_hw_platform_0/system.hdf -mem-ranges [list {0x40000000 0xbfffffff}]
configparams force-mem-access 1
targets -set -nocase -filter {name =~"APU*" && jtag_cable_name =~ "Digilent Zybo Z7 210351A77E51A"} -index 0
stop
ps7_init
ps7_post_config
targets -set -nocase -filter {name =~ "ARM*#0" && jtag_cable_name =~ "Digilent Zybo Z7 210351A77E51A"} -index 0
rst -processor
targets -set -nocase -filter {name =~ "ARM*#0" && jtag_cable_name =~ "Digilent Zybo Z7 210351A77E51A"} -index 0
dow Q:/projects/project_Serveur_Http/project_Serveur_Http.sdk/serveur_http/Debug/serveur_http.elf
configparams force-mem-access 0
----------------End of Script----------------

14:46:09 INFO  : Memory regions updated for context APU
14:46:09 INFO  : Context for processor 'ps7_cortexa9_0' is selected.
14:46:09 INFO  : 'con' command is executed.
14:46:09 INFO  : ----------------XSDB Script (After Launch)----------------
targets -set -nocase -filter {name =~ "ARM*#0" && jtag_cable_name =~ "Digilent Zybo Z7 210351A77E51A"} -index 0
con
----------------End of Script----------------

14:46:09 INFO  : Launch script is exported to file 'Q:\projects\project_Serveur_Http\project_Serveur_Http.sdk\.sdk\launch_scripts\xilinx_c-c++_application_(system_debugger)\system_debugger_using_debug_serveur_http.elf_on_local.tcl'
14:48:57 INFO  : Disconnected from the channel tcfchan#4.
14:48:58 INFO  : 'targets -set -filter {jtag_cable_name =~ "Digilent Zybo Z7 210351A77E51A" && level==0} -index 1' command is executed.
14:48:58 INFO  : 'fpga -state' command is executed.
14:48:58 INFO  : Connected to target on host '127.0.0.1' and port '3121'.
14:48:58 INFO  : Jtag cable 'Digilent Zybo Z7 210351A77E51A' is selected.
14:48:58 INFO  : 'jtag frequency' command is executed.
14:48:58 INFO  : Sourcing of 'Q:/projects/project_Serveur_Http/project_Serveur_Http.sdk/design_1_wrapper_hw_platform_0/ps7_init.tcl' is done.
14:48:58 INFO  : Context for 'APU' is selected.
14:48:59 INFO  : Hardware design information is loaded from 'Q:/projects/project_Serveur_Http/project_Serveur_Http.sdk/design_1_wrapper_hw_platform_0/system.hdf'.
14:48:59 INFO  : 'configparams force-mem-access 1' command is executed.
14:48:59 INFO  : Context for 'APU' is selected.
14:48:59 INFO  : 'stop' command is executed.
14:49:00 INFO  : 'ps7_init' command is executed.
14:49:00 INFO  : 'ps7_post_config' command is executed.
14:49:00 INFO  : Context for processor 'ps7_cortexa9_0' is selected.
14:49:00 INFO  : Processor reset is completed for 'ps7_cortexa9_0'.
14:49:00 INFO  : Context for processor 'ps7_cortexa9_0' is selected.
14:49:01 INFO  : The application 'Q:/projects/project_Serveur_Http/project_Serveur_Http.sdk/serveur_http/Debug/serveur_http.elf' is downloaded to processor 'ps7_cortexa9_0'.
14:49:01 INFO  : 'configparams force-mem-access 0' command is executed.
14:49:01 INFO  : ----------------XSDB Script----------------
connect -url tcp:127.0.0.1:3121
source Q:/projects/project_Serveur_Http/project_Serveur_Http.sdk/design_1_wrapper_hw_platform_0/ps7_init.tcl
targets -set -nocase -filter {name =~"APU*" && jtag_cable_name =~ "Digilent Zybo Z7 210351A77E51A"} -index 0
loadhw -hw Q:/projects/project_Serveur_Http/project_Serveur_Http.sdk/design_1_wrapper_hw_platform_0/system.hdf -mem-ranges [list {0x40000000 0xbfffffff}]
configparams force-mem-access 1
targets -set -nocase -filter {name =~"APU*" && jtag_cable_name =~ "Digilent Zybo Z7 210351A77E51A"} -index 0
stop
ps7_init
ps7_post_config
targets -set -nocase -filter {name =~ "ARM*#0" && jtag_cable_name =~ "Digilent Zybo Z7 210351A77E51A"} -index 0
rst -processor
targets -set -nocase -filter {name =~ "ARM*#0" && jtag_cable_name =~ "Digilent Zybo Z7 210351A77E51A"} -index 0
dow Q:/projects/project_Serveur_Http/project_Serveur_Http.sdk/serveur_http/Debug/serveur_http.elf
configparams force-mem-access 0
----------------End of Script----------------

14:49:01 INFO  : Memory regions updated for context APU
14:49:01 INFO  : Context for processor 'ps7_cortexa9_0' is selected.
14:49:01 INFO  : 'con' command is executed.
14:49:01 INFO  : ----------------XSDB Script (After Launch)----------------
targets -set -nocase -filter {name =~ "ARM*#0" && jtag_cable_name =~ "Digilent Zybo Z7 210351A77E51A"} -index 0
con
----------------End of Script----------------

14:49:01 INFO  : Launch script is exported to file 'Q:\projects\project_Serveur_Http\project_Serveur_Http.sdk\.sdk\launch_scripts\xilinx_c-c++_application_(system_debugger)\system_debugger_using_debug_serveur_http.elf_on_local.tcl'
14:50:36 INFO  : Disconnected from the channel tcfchan#5.
14:50:37 INFO  : 'targets -set -filter {jtag_cable_name =~ "Digilent Zybo Z7 210351A77E51A" && level==0} -index 1' command is executed.
14:50:37 INFO  : 'fpga -state' command is executed.
14:50:37 INFO  : Connected to target on host '127.0.0.1' and port '3121'.
14:50:37 INFO  : Jtag cable 'Digilent Zybo Z7 210351A77E51A' is selected.
14:50:37 INFO  : 'jtag frequency' command is executed.
14:50:37 INFO  : Sourcing of 'Q:/projects/project_Serveur_Http/project_Serveur_Http.sdk/design_1_wrapper_hw_platform_0/ps7_init.tcl' is done.
14:50:37 INFO  : Context for 'APU' is selected.
14:50:39 INFO  : Hardware design information is loaded from 'Q:/projects/project_Serveur_Http/project_Serveur_Http.sdk/design_1_wrapper_hw_platform_0/system.hdf'.
14:50:39 INFO  : 'configparams force-mem-access 1' command is executed.
14:50:39 INFO  : Context for 'APU' is selected.
14:50:39 INFO  : 'stop' command is executed.
14:50:39 INFO  : 'ps7_init' command is executed.
14:50:39 INFO  : 'ps7_post_config' command is executed.
14:50:39 INFO  : Context for processor 'ps7_cortexa9_0' is selected.
14:50:40 INFO  : Processor reset is completed for 'ps7_cortexa9_0'.
14:50:40 INFO  : Context for processor 'ps7_cortexa9_0' is selected.
14:50:40 INFO  : The application 'Q:/projects/project_Serveur_Http/project_Serveur_Http.sdk/serveur_http/Debug/serveur_http.elf' is downloaded to processor 'ps7_cortexa9_0'.
14:50:40 INFO  : 'configparams force-mem-access 0' command is executed.
14:50:40 INFO  : ----------------XSDB Script----------------
connect -url tcp:127.0.0.1:3121
source Q:/projects/project_Serveur_Http/project_Serveur_Http.sdk/design_1_wrapper_hw_platform_0/ps7_init.tcl
targets -set -nocase -filter {name =~"APU*" && jtag_cable_name =~ "Digilent Zybo Z7 210351A77E51A"} -index 0
loadhw -hw Q:/projects/project_Serveur_Http/project_Serveur_Http.sdk/design_1_wrapper_hw_platform_0/system.hdf -mem-ranges [list {0x40000000 0xbfffffff}]
configparams force-mem-access 1
targets -set -nocase -filter {name =~"APU*" && jtag_cable_name =~ "Digilent Zybo Z7 210351A77E51A"} -index 0
stop
ps7_init
ps7_post_config
targets -set -nocase -filter {name =~ "ARM*#0" && jtag_cable_name =~ "Digilent Zybo Z7 210351A77E51A"} -index 0
rst -processor
targets -set -nocase -filter {name =~ "ARM*#0" && jtag_cable_name =~ "Digilent Zybo Z7 210351A77E51A"} -index 0
dow Q:/projects/project_Serveur_Http/project_Serveur_Http.sdk/serveur_http/Debug/serveur_http.elf
configparams force-mem-access 0
----------------End of Script----------------

14:50:40 INFO  : Memory regions updated for context APU
14:50:41 INFO  : Context for processor 'ps7_cortexa9_0' is selected.
14:50:41 INFO  : 'con' command is executed.
14:50:41 INFO  : ----------------XSDB Script (After Launch)----------------
targets -set -nocase -filter {name =~ "ARM*#0" && jtag_cable_name =~ "Digilent Zybo Z7 210351A77E51A"} -index 0
con
----------------End of Script----------------

14:50:41 INFO  : Launch script is exported to file 'Q:\projects\project_Serveur_Http\project_Serveur_Http.sdk\.sdk\launch_scripts\xilinx_c-c++_application_(system_debugger)\system_debugger_using_debug_serveur_http.elf_on_local.tcl'
14:51:04 INFO  : Disconnected from the channel tcfchan#6.
14:51:06 INFO  : 'targets -set -filter {jtag_cable_name =~ "Digilent Zybo Z7 210351A77E51A" && level==0} -index 1' command is executed.
14:51:06 INFO  : 'fpga -state' command is executed.
14:51:06 INFO  : Connected to target on host '127.0.0.1' and port '3121'.
14:51:06 INFO  : Jtag cable 'Digilent Zybo Z7 210351A77E51A' is selected.
14:51:06 INFO  : 'jtag frequency' command is executed.
14:51:06 INFO  : Sourcing of 'Q:/projects/project_Serveur_Http/project_Serveur_Http.sdk/design_1_wrapper_hw_platform_0/ps7_init.tcl' is done.
14:51:06 INFO  : Context for 'APU' is selected.
14:51:08 INFO  : Hardware design information is loaded from 'Q:/projects/project_Serveur_Http/project_Serveur_Http.sdk/design_1_wrapper_hw_platform_0/system.hdf'.
14:51:08 INFO  : 'configparams force-mem-access 1' command is executed.
14:51:08 INFO  : Context for 'APU' is selected.
14:51:08 INFO  : 'stop' command is executed.
14:51:08 INFO  : 'ps7_init' command is executed.
14:51:08 INFO  : 'ps7_post_config' command is executed.
14:51:08 INFO  : Context for processor 'ps7_cortexa9_0' is selected.
14:51:08 INFO  : Processor reset is completed for 'ps7_cortexa9_0'.
14:51:08 INFO  : Context for processor 'ps7_cortexa9_0' is selected.
14:51:09 INFO  : The application 'Q:/projects/project_Serveur_Http/project_Serveur_Http.sdk/serveur_http/Debug/serveur_http.elf' is downloaded to processor 'ps7_cortexa9_0'.
14:51:09 INFO  : 'configparams force-mem-access 0' command is executed.
14:51:09 INFO  : ----------------XSDB Script----------------
connect -url tcp:127.0.0.1:3121
source Q:/projects/project_Serveur_Http/project_Serveur_Http.sdk/design_1_wrapper_hw_platform_0/ps7_init.tcl
targets -set -nocase -filter {name =~"APU*" && jtag_cable_name =~ "Digilent Zybo Z7 210351A77E51A"} -index 0
loadhw -hw Q:/projects/project_Serveur_Http/project_Serveur_Http.sdk/design_1_wrapper_hw_platform_0/system.hdf -mem-ranges [list {0x40000000 0xbfffffff}]
configparams force-mem-access 1
targets -set -nocase -filter {name =~"APU*" && jtag_cable_name =~ "Digilent Zybo Z7 210351A77E51A"} -index 0
stop
ps7_init
ps7_post_config
targets -set -nocase -filter {name =~ "ARM*#0" && jtag_cable_name =~ "Digilent Zybo Z7 210351A77E51A"} -index 0
rst -processor
targets -set -nocase -filter {name =~ "ARM*#0" && jtag_cable_name =~ "Digilent Zybo Z7 210351A77E51A"} -index 0
dow Q:/projects/project_Serveur_Http/project_Serveur_Http.sdk/serveur_http/Debug/serveur_http.elf
configparams force-mem-access 0
----------------End of Script----------------

14:51:09 INFO  : Memory regions updated for context APU
14:51:09 INFO  : Context for processor 'ps7_cortexa9_0' is selected.
14:51:09 INFO  : 'con' command is executed.
14:51:09 INFO  : ----------------XSDB Script (After Launch)----------------
targets -set -nocase -filter {name =~ "ARM*#0" && jtag_cable_name =~ "Digilent Zybo Z7 210351A77E51A"} -index 0
con
----------------End of Script----------------

14:51:09 INFO  : Launch script is exported to file 'Q:\projects\project_Serveur_Http\project_Serveur_Http.sdk\.sdk\launch_scripts\xilinx_c-c++_application_(system_debugger)\system_debugger_using_debug_serveur_http.elf_on_local.tcl'
14:52:09 INFO  : Disconnected from the channel tcfchan#7.
14:52:10 INFO  : 'targets -set -filter {jtag_cable_name =~ "Digilent Zybo Z7 210351A77E51A" && level==0} -index 1' command is executed.
14:52:10 INFO  : 'fpga -state' command is executed.
14:52:10 INFO  : Connected to target on host '127.0.0.1' and port '3121'.
14:52:10 INFO  : Jtag cable 'Digilent Zybo Z7 210351A77E51A' is selected.
14:52:10 INFO  : 'jtag frequency' command is executed.
14:52:10 INFO  : Sourcing of 'Q:/projects/project_Serveur_Http/project_Serveur_Http.sdk/design_1_wrapper_hw_platform_0/ps7_init.tcl' is done.
14:52:10 INFO  : Context for 'APU' is selected.
14:52:12 INFO  : Hardware design information is loaded from 'Q:/projects/project_Serveur_Http/project_Serveur_Http.sdk/design_1_wrapper_hw_platform_0/system.hdf'.
14:52:12 INFO  : 'configparams force-mem-access 1' command is executed.
14:52:12 INFO  : Context for 'APU' is selected.
14:52:12 INFO  : 'stop' command is executed.
14:52:12 INFO  : 'ps7_init' command is executed.
14:52:12 INFO  : 'ps7_post_config' command is executed.
14:52:12 INFO  : Context for processor 'ps7_cortexa9_0' is selected.
14:52:12 INFO  : Processor reset is completed for 'ps7_cortexa9_0'.
14:52:12 INFO  : Context for processor 'ps7_cortexa9_0' is selected.
14:52:13 INFO  : The application 'Q:/projects/project_Serveur_Http/project_Serveur_Http.sdk/serveur_http/Debug/serveur_http.elf' is downloaded to processor 'ps7_cortexa9_0'.
14:52:13 INFO  : 'configparams force-mem-access 0' command is executed.
14:52:13 INFO  : ----------------XSDB Script----------------
connect -url tcp:127.0.0.1:3121
source Q:/projects/project_Serveur_Http/project_Serveur_Http.sdk/design_1_wrapper_hw_platform_0/ps7_init.tcl
targets -set -nocase -filter {name =~"APU*" && jtag_cable_name =~ "Digilent Zybo Z7 210351A77E51A"} -index 0
loadhw -hw Q:/projects/project_Serveur_Http/project_Serveur_Http.sdk/design_1_wrapper_hw_platform_0/system.hdf -mem-ranges [list {0x40000000 0xbfffffff}]
configparams force-mem-access 1
targets -set -nocase -filter {name =~"APU*" && jtag_cable_name =~ "Digilent Zybo Z7 210351A77E51A"} -index 0
stop
ps7_init
ps7_post_config
targets -set -nocase -filter {name =~ "ARM*#0" && jtag_cable_name =~ "Digilent Zybo Z7 210351A77E51A"} -index 0
rst -processor
targets -set -nocase -filter {name =~ "ARM*#0" && jtag_cable_name =~ "Digilent Zybo Z7 210351A77E51A"} -index 0
dow Q:/projects/project_Serveur_Http/project_Serveur_Http.sdk/serveur_http/Debug/serveur_http.elf
configparams force-mem-access 0
----------------End of Script----------------

14:52:13 INFO  : Memory regions updated for context APU
14:52:13 INFO  : Context for processor 'ps7_cortexa9_0' is selected.
14:52:13 INFO  : 'con' command is executed.
14:52:13 INFO  : ----------------XSDB Script (After Launch)----------------
targets -set -nocase -filter {name =~ "ARM*#0" && jtag_cable_name =~ "Digilent Zybo Z7 210351A77E51A"} -index 0
con
----------------End of Script----------------

14:52:13 INFO  : Launch script is exported to file 'Q:\projects\project_Serveur_Http\project_Serveur_Http.sdk\.sdk\launch_scripts\xilinx_c-c++_application_(system_debugger)\system_debugger_using_debug_serveur_http.elf_on_local.tcl'
14:53:55 INFO  : Connected to target on host '127.0.0.1' and port '3121'.
14:53:55 INFO  : 'targets -set -filter {jtag_cable_name =~ "Digilent Zybo Z7 210351A77E51A" && level==0} -index 1' command is executed.
14:53:56 INFO  : FPGA configured successfully with bitstream "Q:/projects/project_Serveur_Http/project_Serveur_Http.sdk/design_1_wrapper_hw_platform_0/design_1_wrapper.bit"
14:54:01 INFO  : Disconnected from the channel tcfchan#8.
14:54:02 INFO  : 'targets -set -filter {jtag_cable_name =~ "Digilent Zybo Z7 210351A77E51A" && level==0} -index 1' command is executed.
14:54:02 INFO  : 'fpga -state' command is executed.
14:54:02 INFO  : Connected to target on host '127.0.0.1' and port '3121'.
14:54:02 INFO  : Jtag cable 'Digilent Zybo Z7 210351A77E51A' is selected.
14:54:02 INFO  : 'jtag frequency' command is executed.
14:54:02 INFO  : Sourcing of 'Q:/projects/project_Serveur_Http/project_Serveur_Http.sdk/design_1_wrapper_hw_platform_0/ps7_init.tcl' is done.
14:54:02 INFO  : Context for 'APU' is selected.
14:54:04 INFO  : Hardware design information is loaded from 'Q:/projects/project_Serveur_Http/project_Serveur_Http.sdk/design_1_wrapper_hw_platform_0/system.hdf'.
14:54:04 INFO  : 'configparams force-mem-access 1' command is executed.
14:54:04 INFO  : Context for 'APU' is selected.
14:54:04 INFO  : 'stop' command is executed.
14:54:04 INFO  : 'ps7_init' command is executed.
14:54:04 INFO  : 'ps7_post_config' command is executed.
14:54:04 INFO  : Context for processor 'ps7_cortexa9_0' is selected.
14:54:04 INFO  : Processor reset is completed for 'ps7_cortexa9_0'.
14:54:04 INFO  : Context for processor 'ps7_cortexa9_0' is selected.
14:54:05 INFO  : The application 'Q:/projects/project_Serveur_Http/project_Serveur_Http.sdk/serveur_http/Debug/serveur_http.elf' is downloaded to processor 'ps7_cortexa9_0'.
14:54:05 INFO  : 'configparams force-mem-access 0' command is executed.
14:54:05 INFO  : ----------------XSDB Script----------------
connect -url tcp:127.0.0.1:3121
source Q:/projects/project_Serveur_Http/project_Serveur_Http.sdk/design_1_wrapper_hw_platform_0/ps7_init.tcl
targets -set -nocase -filter {name =~"APU*" && jtag_cable_name =~ "Digilent Zybo Z7 210351A77E51A"} -index 0
loadhw -hw Q:/projects/project_Serveur_Http/project_Serveur_Http.sdk/design_1_wrapper_hw_platform_0/system.hdf -mem-ranges [list {0x40000000 0xbfffffff}]
configparams force-mem-access 1
targets -set -nocase -filter {name =~"APU*" && jtag_cable_name =~ "Digilent Zybo Z7 210351A77E51A"} -index 0
stop
ps7_init
ps7_post_config
targets -set -nocase -filter {name =~ "ARM*#0" && jtag_cable_name =~ "Digilent Zybo Z7 210351A77E51A"} -index 0
rst -processor
targets -set -nocase -filter {name =~ "ARM*#0" && jtag_cable_name =~ "Digilent Zybo Z7 210351A77E51A"} -index 0
dow Q:/projects/project_Serveur_Http/project_Serveur_Http.sdk/serveur_http/Debug/serveur_http.elf
configparams force-mem-access 0
----------------End of Script----------------

14:54:05 INFO  : Memory regions updated for context APU
14:54:05 INFO  : Context for processor 'ps7_cortexa9_0' is selected.
14:54:05 INFO  : 'con' command is executed.
14:54:05 INFO  : ----------------XSDB Script (After Launch)----------------
targets -set -nocase -filter {name =~ "ARM*#0" && jtag_cable_name =~ "Digilent Zybo Z7 210351A77E51A"} -index 0
con
----------------End of Script----------------

14:54:05 INFO  : Launch script is exported to file 'Q:\projects\project_Serveur_Http\project_Serveur_Http.sdk\.sdk\launch_scripts\xilinx_c-c++_application_(system_debugger)\system_debugger_using_debug_serveur_http.elf_on_local.tcl'
14:55:14 INFO  : Disconnected from the channel tcfchan#9.
14:55:15 INFO  : 'targets -set -filter {jtag_cable_name =~ "Digilent Zybo Z7 210351A77E51A" && level==0} -index 1' command is executed.
14:55:15 INFO  : 'fpga -state' command is executed.
14:55:15 INFO  : Connected to target on host '127.0.0.1' and port '3121'.
14:55:15 INFO  : Jtag cable 'Digilent Zybo Z7 210351A77E51A' is selected.
14:55:15 INFO  : 'jtag frequency' command is executed.
14:55:15 INFO  : Sourcing of 'Q:/projects/project_Serveur_Http/project_Serveur_Http.sdk/design_1_wrapper_hw_platform_0/ps7_init.tcl' is done.
14:55:15 INFO  : Context for 'APU' is selected.
14:55:17 INFO  : Hardware design information is loaded from 'Q:/projects/project_Serveur_Http/project_Serveur_Http.sdk/design_1_wrapper_hw_platform_0/system.hdf'.
14:55:17 INFO  : 'configparams force-mem-access 1' command is executed.
14:55:17 INFO  : Context for 'APU' is selected.
14:55:17 INFO  : 'stop' command is executed.
14:55:18 INFO  : 'ps7_init' command is executed.
14:55:18 INFO  : 'ps7_post_config' command is executed.
14:55:18 INFO  : Context for processor 'ps7_cortexa9_0' is selected.
14:55:18 INFO  : Processor reset is completed for 'ps7_cortexa9_0'.
14:55:18 INFO  : Context for processor 'ps7_cortexa9_0' is selected.
14:55:18 INFO  : The application 'Q:/projects/project_Serveur_Http/project_Serveur_Http.sdk/serveur_http/Debug/serveur_http.elf' is downloaded to processor 'ps7_cortexa9_0'.
14:55:18 INFO  : 'configparams force-mem-access 0' command is executed.
14:55:18 INFO  : ----------------XSDB Script----------------
connect -url tcp:127.0.0.1:3121
source Q:/projects/project_Serveur_Http/project_Serveur_Http.sdk/design_1_wrapper_hw_platform_0/ps7_init.tcl
targets -set -nocase -filter {name =~"APU*" && jtag_cable_name =~ "Digilent Zybo Z7 210351A77E51A"} -index 0
loadhw -hw Q:/projects/project_Serveur_Http/project_Serveur_Http.sdk/design_1_wrapper_hw_platform_0/system.hdf -mem-ranges [list {0x40000000 0xbfffffff}]
configparams force-mem-access 1
targets -set -nocase -filter {name =~"APU*" && jtag_cable_name =~ "Digilent Zybo Z7 210351A77E51A"} -index 0
stop
ps7_init
ps7_post_config
targets -set -nocase -filter {name =~ "ARM*#0" && jtag_cable_name =~ "Digilent Zybo Z7 210351A77E51A"} -index 0
rst -processor
targets -set -nocase -filter {name =~ "ARM*#0" && jtag_cable_name =~ "Digilent Zybo Z7 210351A77E51A"} -index 0
dow Q:/projects/project_Serveur_Http/project_Serveur_Http.sdk/serveur_http/Debug/serveur_http.elf
configparams force-mem-access 0
----------------End of Script----------------

14:55:18 INFO  : Memory regions updated for context APU
14:55:19 INFO  : Context for processor 'ps7_cortexa9_0' is selected.
14:55:19 INFO  : 'con' command is executed.
14:55:19 INFO  : ----------------XSDB Script (After Launch)----------------
targets -set -nocase -filter {name =~ "ARM*#0" && jtag_cable_name =~ "Digilent Zybo Z7 210351A77E51A"} -index 0
con
----------------End of Script----------------

14:55:19 INFO  : Launch script is exported to file 'Q:\projects\project_Serveur_Http\project_Serveur_Http.sdk\.sdk\launch_scripts\xilinx_c-c++_application_(system_debugger)\system_debugger_using_debug_serveur_http.elf_on_local.tcl'
14:56:01 INFO  : Connected to target on host '127.0.0.1' and port '3121'.
14:56:02 INFO  : 'targets -set -filter {jtag_cable_name =~ "Digilent Zybo Z7 210351A77E51A" && level==0} -index 1' command is executed.
14:56:03 INFO  : FPGA configured successfully with bitstream "Q:/projects/project_Serveur_Http/project_Serveur_Http.sdk/design_1_wrapper_hw_platform_0/design_1_wrapper.bit"
14:56:08 INFO  : Disconnected from the channel tcfchan#10.
14:56:09 INFO  : 'targets -set -filter {jtag_cable_name =~ "Digilent Zybo Z7 210351A77E51A" && level==0} -index 1' command is executed.
14:56:09 INFO  : 'fpga -state' command is executed.
14:56:09 INFO  : Connected to target on host '127.0.0.1' and port '3121'.
14:56:09 INFO  : Jtag cable 'Digilent Zybo Z7 210351A77E51A' is selected.
14:56:09 INFO  : 'jtag frequency' command is executed.
14:56:09 INFO  : Sourcing of 'Q:/projects/project_Serveur_Http/project_Serveur_Http.sdk/design_1_wrapper_hw_platform_0/ps7_init.tcl' is done.
14:56:09 INFO  : Context for 'APU' is selected.
14:56:11 INFO  : Hardware design information is loaded from 'Q:/projects/project_Serveur_Http/project_Serveur_Http.sdk/design_1_wrapper_hw_platform_0/system.hdf'.
14:56:11 INFO  : 'configparams force-mem-access 1' command is executed.
14:56:11 INFO  : Context for 'APU' is selected.
14:56:11 INFO  : 'stop' command is executed.
14:56:11 INFO  : 'ps7_init' command is executed.
14:56:11 INFO  : 'ps7_post_config' command is executed.
14:56:11 INFO  : Context for processor 'ps7_cortexa9_0' is selected.
14:56:11 INFO  : Processor reset is completed for 'ps7_cortexa9_0'.
14:56:11 INFO  : Context for processor 'ps7_cortexa9_0' is selected.
14:56:12 INFO  : The application 'Q:/projects/project_Serveur_Http/project_Serveur_Http.sdk/serveur_http/Debug/serveur_http.elf' is downloaded to processor 'ps7_cortexa9_0'.
14:56:12 INFO  : 'configparams force-mem-access 0' command is executed.
14:56:12 INFO  : ----------------XSDB Script----------------
connect -url tcp:127.0.0.1:3121
source Q:/projects/project_Serveur_Http/project_Serveur_Http.sdk/design_1_wrapper_hw_platform_0/ps7_init.tcl
targets -set -nocase -filter {name =~"APU*" && jtag_cable_name =~ "Digilent Zybo Z7 210351A77E51A"} -index 0
loadhw -hw Q:/projects/project_Serveur_Http/project_Serveur_Http.sdk/design_1_wrapper_hw_platform_0/system.hdf -mem-ranges [list {0x40000000 0xbfffffff}]
configparams force-mem-access 1
targets -set -nocase -filter {name =~"APU*" && jtag_cable_name =~ "Digilent Zybo Z7 210351A77E51A"} -index 0
stop
ps7_init
ps7_post_config
targets -set -nocase -filter {name =~ "ARM*#0" && jtag_cable_name =~ "Digilent Zybo Z7 210351A77E51A"} -index 0
rst -processor
targets -set -nocase -filter {name =~ "ARM*#0" && jtag_cable_name =~ "Digilent Zybo Z7 210351A77E51A"} -index 0
dow Q:/projects/project_Serveur_Http/project_Serveur_Http.sdk/serveur_http/Debug/serveur_http.elf
configparams force-mem-access 0
----------------End of Script----------------

14:56:12 INFO  : Memory regions updated for context APU
14:56:12 INFO  : Context for processor 'ps7_cortexa9_0' is selected.
14:56:12 INFO  : 'con' command is executed.
14:56:12 INFO  : ----------------XSDB Script (After Launch)----------------
targets -set -nocase -filter {name =~ "ARM*#0" && jtag_cable_name =~ "Digilent Zybo Z7 210351A77E51A"} -index 0
con
----------------End of Script----------------

14:56:12 INFO  : Launch script is exported to file 'Q:\projects\project_Serveur_Http\project_Serveur_Http.sdk\.sdk\launch_scripts\xilinx_c-c++_application_(system_debugger)\system_debugger_using_debug_serveur_http.elf_on_local.tcl'
14:57:52 INFO  : Disconnected from the channel tcfchan#11.
14:57:53 INFO  : 'targets -set -filter {jtag_cable_name =~ "Digilent Zybo Z7 210351A77E51A" && level==0} -index 1' command is executed.
14:57:53 INFO  : 'fpga -state' command is executed.
14:57:53 INFO  : Connected to target on host '127.0.0.1' and port '3121'.
14:57:53 INFO  : Jtag cable 'Digilent Zybo Z7 210351A77E51A' is selected.
14:57:53 INFO  : 'jtag frequency' command is executed.
14:57:53 INFO  : Sourcing of 'Q:/projects/project_Serveur_Http/project_Serveur_Http.sdk/design_1_wrapper_hw_platform_0/ps7_init.tcl' is done.
14:57:54 INFO  : Context for 'APU' is selected.
14:57:55 INFO  : Hardware design information is loaded from 'Q:/projects/project_Serveur_Http/project_Serveur_Http.sdk/design_1_wrapper_hw_platform_0/system.hdf'.
14:57:55 INFO  : 'configparams force-mem-access 1' command is executed.
14:57:55 INFO  : Context for 'APU' is selected.
14:57:55 INFO  : 'stop' command is executed.
14:57:56 INFO  : 'ps7_init' command is executed.
14:57:56 INFO  : 'ps7_post_config' command is executed.
14:57:56 INFO  : Context for processor 'ps7_cortexa9_0' is selected.
14:57:56 INFO  : Processor reset is completed for 'ps7_cortexa9_0'.
14:57:56 INFO  : Context for processor 'ps7_cortexa9_0' is selected.
14:57:56 INFO  : The application 'Q:/projects/project_Serveur_Http/project_Serveur_Http.sdk/serveur_http/Debug/serveur_http.elf' is downloaded to processor 'ps7_cortexa9_0'.
14:57:56 INFO  : 'configparams force-mem-access 0' command is executed.
14:57:56 INFO  : ----------------XSDB Script----------------
connect -url tcp:127.0.0.1:3121
source Q:/projects/project_Serveur_Http/project_Serveur_Http.sdk/design_1_wrapper_hw_platform_0/ps7_init.tcl
targets -set -nocase -filter {name =~"APU*" && jtag_cable_name =~ "Digilent Zybo Z7 210351A77E51A"} -index 0
loadhw -hw Q:/projects/project_Serveur_Http/project_Serveur_Http.sdk/design_1_wrapper_hw_platform_0/system.hdf -mem-ranges [list {0x40000000 0xbfffffff}]
configparams force-mem-access 1
targets -set -nocase -filter {name =~"APU*" && jtag_cable_name =~ "Digilent Zybo Z7 210351A77E51A"} -index 0
stop
ps7_init
ps7_post_config
targets -set -nocase -filter {name =~ "ARM*#0" && jtag_cable_name =~ "Digilent Zybo Z7 210351A77E51A"} -index 0
rst -processor
targets -set -nocase -filter {name =~ "ARM*#0" && jtag_cable_name =~ "Digilent Zybo Z7 210351A77E51A"} -index 0
dow Q:/projects/project_Serveur_Http/project_Serveur_Http.sdk/serveur_http/Debug/serveur_http.elf
configparams force-mem-access 0
----------------End of Script----------------

14:57:57 INFO  : Memory regions updated for context APU
14:57:57 INFO  : Context for processor 'ps7_cortexa9_0' is selected.
14:57:57 INFO  : 'con' command is executed.
14:57:57 INFO  : ----------------XSDB Script (After Launch)----------------
targets -set -nocase -filter {name =~ "ARM*#0" && jtag_cable_name =~ "Digilent Zybo Z7 210351A77E51A"} -index 0
con
----------------End of Script----------------

14:57:57 INFO  : Launch script is exported to file 'Q:\projects\project_Serveur_Http\project_Serveur_Http.sdk\.sdk\launch_scripts\xilinx_c-c++_application_(system_debugger)\system_debugger_using_debug_serveur_http.elf_on_local.tcl'
14:57:57 INFO  : Connected to target on host '127.0.0.1' and port '3121'.
14:57:57 INFO  : 'targets -set -filter {jtag_cable_name =~ "Digilent Zybo Z7 210351A77E51A" && level==0} -index 1' command is executed.
14:57:58 INFO  : FPGA configured successfully with bitstream "Q:/projects/project_Serveur_Http/project_Serveur_Http.sdk/design_1_wrapper_hw_platform_0/design_1_wrapper.bit"
14:58:01 INFO  : Disconnected from the channel tcfchan#12.
14:58:02 INFO  : 'targets -set -filter {jtag_cable_name =~ "Digilent Zybo Z7 210351A77E51A" && level==0} -index 1' command is executed.
14:58:02 INFO  : 'fpga -state' command is executed.
14:58:02 INFO  : Connected to target on host '127.0.0.1' and port '3121'.
14:58:03 INFO  : Jtag cable 'Digilent Zybo Z7 210351A77E51A' is selected.
14:58:03 INFO  : 'jtag frequency' command is executed.
14:58:03 INFO  : Sourcing of 'Q:/projects/project_Serveur_Http/project_Serveur_Http.sdk/design_1_wrapper_hw_platform_0/ps7_init.tcl' is done.
14:58:03 INFO  : Context for 'APU' is selected.
14:58:05 INFO  : Hardware design information is loaded from 'Q:/projects/project_Serveur_Http/project_Serveur_Http.sdk/design_1_wrapper_hw_platform_0/system.hdf'.
14:58:05 INFO  : 'configparams force-mem-access 1' command is executed.
14:58:05 INFO  : Context for 'APU' is selected.
14:58:05 INFO  : 'stop' command is executed.
14:58:05 INFO  : 'ps7_init' command is executed.
14:58:05 INFO  : 'ps7_post_config' command is executed.
14:58:05 INFO  : Context for processor 'ps7_cortexa9_0' is selected.
14:58:05 INFO  : Processor reset is completed for 'ps7_cortexa9_0'.
14:58:05 INFO  : Context for processor 'ps7_cortexa9_0' is selected.
14:58:06 INFO  : The application 'Q:/projects/project_Serveur_Http/project_Serveur_Http.sdk/serveur_http/Debug/serveur_http.elf' is downloaded to processor 'ps7_cortexa9_0'.
14:58:06 INFO  : 'configparams force-mem-access 0' command is executed.
14:58:06 INFO  : ----------------XSDB Script----------------
connect -url tcp:127.0.0.1:3121
source Q:/projects/project_Serveur_Http/project_Serveur_Http.sdk/design_1_wrapper_hw_platform_0/ps7_init.tcl
targets -set -nocase -filter {name =~"APU*" && jtag_cable_name =~ "Digilent Zybo Z7 210351A77E51A"} -index 0
loadhw -hw Q:/projects/project_Serveur_Http/project_Serveur_Http.sdk/design_1_wrapper_hw_platform_0/system.hdf -mem-ranges [list {0x40000000 0xbfffffff}]
configparams force-mem-access 1
targets -set -nocase -filter {name =~"APU*" && jtag_cable_name =~ "Digilent Zybo Z7 210351A77E51A"} -index 0
stop
ps7_init
ps7_post_config
targets -set -nocase -filter {name =~ "ARM*#0" && jtag_cable_name =~ "Digilent Zybo Z7 210351A77E51A"} -index 0
rst -processor
targets -set -nocase -filter {name =~ "ARM*#0" && jtag_cable_name =~ "Digilent Zybo Z7 210351A77E51A"} -index 0
dow Q:/projects/project_Serveur_Http/project_Serveur_Http.sdk/serveur_http/Debug/serveur_http.elf
configparams force-mem-access 0
----------------End of Script----------------

14:58:06 INFO  : Memory regions updated for context APU
14:58:06 INFO  : Context for processor 'ps7_cortexa9_0' is selected.
14:58:06 INFO  : 'con' command is executed.
14:58:06 INFO  : ----------------XSDB Script (After Launch)----------------
targets -set -nocase -filter {name =~ "ARM*#0" && jtag_cable_name =~ "Digilent Zybo Z7 210351A77E51A"} -index 0
con
----------------End of Script----------------

14:58:06 INFO  : Launch script is exported to file 'Q:\projects\project_Serveur_Http\project_Serveur_Http.sdk\.sdk\launch_scripts\xilinx_c-c++_application_(system_debugger)\system_debugger_using_debug_serveur_http.elf_on_local.tcl'
14:59:12 INFO  : Connected to target on host '127.0.0.1' and port '3121'.
14:59:12 INFO  : 'targets -set -filter {jtag_cable_name =~ "Digilent Zybo Z7 210351A77E51A" && level==0} -index 1' command is executed.
14:59:13 INFO  : FPGA configured successfully with bitstream "Q:/projects/project_Serveur_Http/project_Serveur_Http.sdk/design_1_wrapper_hw_platform_0/design_1_wrapper.bit"
14:59:16 INFO  : Disconnected from the channel tcfchan#13.
14:59:19 INFO  : 'targets -set -filter {jtag_cable_name =~ "Digilent Zybo Z7 210351A77E51A" && level==0} -index 1' command is executed.
14:59:19 INFO  : 'fpga -state' command is executed.
14:59:19 INFO  : Connected to target on host '127.0.0.1' and port '3121'.
14:59:19 INFO  : Jtag cable 'Digilent Zybo Z7 210351A77E51A' is selected.
14:59:19 INFO  : 'jtag frequency' command is executed.
14:59:19 INFO  : Sourcing of 'Q:/projects/project_Serveur_Http/project_Serveur_Http.sdk/design_1_wrapper_hw_platform_0/ps7_init.tcl' is done.
14:59:20 INFO  : Context for 'APU' is selected.
14:59:21 INFO  : Hardware design information is loaded from 'Q:/projects/project_Serveur_Http/project_Serveur_Http.sdk/design_1_wrapper_hw_platform_0/system.hdf'.
14:59:21 INFO  : 'configparams force-mem-access 1' command is executed.
14:59:22 INFO  : Context for 'APU' is selected.
14:59:22 INFO  : 'stop' command is executed.
14:59:22 INFO  : 'ps7_init' command is executed.
14:59:22 INFO  : 'ps7_post_config' command is executed.
14:59:22 INFO  : Context for processor 'ps7_cortexa9_0' is selected.
14:59:23 INFO  : Processor reset is completed for 'ps7_cortexa9_0'.
14:59:23 INFO  : Context for processor 'ps7_cortexa9_0' is selected.
14:59:23 INFO  : The application 'Q:/projects/project_Serveur_Http/project_Serveur_Http.sdk/serveur_http/Debug/serveur_http.elf' is downloaded to processor 'ps7_cortexa9_0'.
14:59:23 INFO  : 'configparams force-mem-access 0' command is executed.
14:59:23 INFO  : ----------------XSDB Script----------------
connect -url tcp:127.0.0.1:3121
source Q:/projects/project_Serveur_Http/project_Serveur_Http.sdk/design_1_wrapper_hw_platform_0/ps7_init.tcl
targets -set -nocase -filter {name =~"APU*" && jtag_cable_name =~ "Digilent Zybo Z7 210351A77E51A"} -index 0
loadhw -hw Q:/projects/project_Serveur_Http/project_Serveur_Http.sdk/design_1_wrapper_hw_platform_0/system.hdf -mem-ranges [list {0x40000000 0xbfffffff}]
configparams force-mem-access 1
targets -set -nocase -filter {name =~"APU*" && jtag_cable_name =~ "Digilent Zybo Z7 210351A77E51A"} -index 0
stop
ps7_init
ps7_post_config
targets -set -nocase -filter {name =~ "ARM*#0" && jtag_cable_name =~ "Digilent Zybo Z7 210351A77E51A"} -index 0
rst -processor
targets -set -nocase -filter {name =~ "ARM*#0" && jtag_cable_name =~ "Digilent Zybo Z7 210351A77E51A"} -index 0
dow Q:/projects/project_Serveur_Http/project_Serveur_Http.sdk/serveur_http/Debug/serveur_http.elf
configparams force-mem-access 0
----------------End of Script----------------

14:59:23 INFO  : Memory regions updated for context APU
14:59:23 INFO  : Context for processor 'ps7_cortexa9_0' is selected.
14:59:23 INFO  : 'con' command is executed.
14:59:23 INFO  : ----------------XSDB Script (After Launch)----------------
targets -set -nocase -filter {name =~ "ARM*#0" && jtag_cable_name =~ "Digilent Zybo Z7 210351A77E51A"} -index 0
con
----------------End of Script----------------

14:59:23 INFO  : Launch script is exported to file 'Q:\projects\project_Serveur_Http\project_Serveur_Http.sdk\.sdk\launch_scripts\xilinx_c-c++_application_(system_debugger)\system_debugger_using_debug_serveur_http.elf_on_local.tcl'
15:00:10 INFO  : Connected to target on host '127.0.0.1' and port '3121'.
15:00:11 INFO  : 'targets -set -filter {jtag_cable_name =~ "Digilent Zybo Z7 210351A77E51A" && level==0} -index 1' command is executed.
15:00:13 INFO  : FPGA configured successfully with bitstream "Q:/projects/project_Serveur_Http/project_Serveur_Http.sdk/design_1_wrapper_hw_platform_0/design_1_wrapper.bit"
15:00:29 INFO  : Disconnected from the channel tcfchan#14.
15:00:30 INFO  : 'targets -set -filter {jtag_cable_name =~ "Digilent Zybo Z7 210351A77E51A" && level==0} -index 1' command is executed.
15:00:30 INFO  : 'fpga -state' command is executed.
15:00:30 INFO  : Connected to target on host '127.0.0.1' and port '3121'.
15:00:31 INFO  : Jtag cable 'Digilent Zybo Z7 210351A77E51A' is selected.
15:00:31 INFO  : 'jtag frequency' command is executed.
15:00:31 INFO  : Sourcing of 'Q:/projects/project_Serveur_Http/project_Serveur_Http.sdk/design_1_wrapper_hw_platform_0/ps7_init.tcl' is done.
15:00:31 INFO  : Context for 'APU' is selected.
15:00:32 INFO  : Hardware design information is loaded from 'Q:/projects/project_Serveur_Http/project_Serveur_Http.sdk/design_1_wrapper_hw_platform_0/system.hdf'.
15:00:32 INFO  : 'configparams force-mem-access 1' command is executed.
15:00:32 INFO  : Context for 'APU' is selected.
15:00:32 INFO  : 'stop' command is executed.
15:00:33 INFO  : 'ps7_init' command is executed.
15:00:33 INFO  : 'ps7_post_config' command is executed.
15:00:33 INFO  : Context for processor 'ps7_cortexa9_0' is selected.
15:00:33 INFO  : Processor reset is completed for 'ps7_cortexa9_0'.
15:00:33 INFO  : Context for processor 'ps7_cortexa9_0' is selected.
15:00:33 INFO  : The application 'Q:/projects/project_Serveur_Http/project_Serveur_Http.sdk/serveur_http/Debug/serveur_http.elf' is downloaded to processor 'ps7_cortexa9_0'.
15:00:33 INFO  : 'configparams force-mem-access 0' command is executed.
15:00:33 INFO  : ----------------XSDB Script----------------
connect -url tcp:127.0.0.1:3121
source Q:/projects/project_Serveur_Http/project_Serveur_Http.sdk/design_1_wrapper_hw_platform_0/ps7_init.tcl
targets -set -nocase -filter {name =~"APU*" && jtag_cable_name =~ "Digilent Zybo Z7 210351A77E51A"} -index 0
loadhw -hw Q:/projects/project_Serveur_Http/project_Serveur_Http.sdk/design_1_wrapper_hw_platform_0/system.hdf -mem-ranges [list {0x40000000 0xbfffffff}]
configparams force-mem-access 1
targets -set -nocase -filter {name =~"APU*" && jtag_cable_name =~ "Digilent Zybo Z7 210351A77E51A"} -index 0
stop
ps7_init
ps7_post_config
targets -set -nocase -filter {name =~ "ARM*#0" && jtag_cable_name =~ "Digilent Zybo Z7 210351A77E51A"} -index 0
rst -processor
targets -set -nocase -filter {name =~ "ARM*#0" && jtag_cable_name =~ "Digilent Zybo Z7 210351A77E51A"} -index 0
dow Q:/projects/project_Serveur_Http/project_Serveur_Http.sdk/serveur_http/Debug/serveur_http.elf
configparams force-mem-access 0
----------------End of Script----------------

15:00:33 INFO  : Memory regions updated for context APU
15:00:34 INFO  : Context for processor 'ps7_cortexa9_0' is selected.
15:00:34 INFO  : 'con' command is executed.
15:00:34 INFO  : ----------------XSDB Script (After Launch)----------------
targets -set -nocase -filter {name =~ "ARM*#0" && jtag_cable_name =~ "Digilent Zybo Z7 210351A77E51A"} -index 0
con
----------------End of Script----------------

15:00:34 INFO  : Launch script is exported to file 'Q:\projects\project_Serveur_Http\project_Serveur_Http.sdk\.sdk\launch_scripts\xilinx_c-c++_application_(system_debugger)\system_debugger_using_debug_serveur_http.elf_on_local.tcl'
15:01:10 INFO  : Disconnected from the channel tcfchan#15.
15:01:12 INFO  : 'targets -set -filter {jtag_cable_name =~ "Digilent Zybo Z7 210351A77E51A" && level==0} -index 1' command is executed.
15:01:12 INFO  : 'fpga -state' command is executed.
15:01:12 INFO  : Connected to target on host '127.0.0.1' and port '3121'.
15:01:12 INFO  : Jtag cable 'Digilent Zybo Z7 210351A77E51A' is selected.
15:01:12 INFO  : 'jtag frequency' command is executed.
15:01:12 INFO  : Sourcing of 'Q:/projects/project_Serveur_Http/project_Serveur_Http.sdk/design_1_wrapper_hw_platform_0/ps7_init.tcl' is done.
15:01:12 INFO  : Context for 'APU' is selected.
15:01:13 INFO  : Hardware design information is loaded from 'Q:/projects/project_Serveur_Http/project_Serveur_Http.sdk/design_1_wrapper_hw_platform_0/system.hdf'.
15:01:13 INFO  : 'configparams force-mem-access 1' command is executed.
15:01:13 INFO  : Context for 'APU' is selected.
15:01:13 INFO  : 'stop' command is executed.
15:01:14 INFO  : 'ps7_init' command is executed.
15:01:14 INFO  : 'ps7_post_config' command is executed.
15:01:14 INFO  : Context for processor 'ps7_cortexa9_0' is selected.
15:01:14 INFO  : Processor reset is completed for 'ps7_cortexa9_0'.
15:01:14 INFO  : Context for processor 'ps7_cortexa9_0' is selected.
15:01:14 INFO  : The application 'Q:/projects/project_Serveur_Http/project_Serveur_Http.sdk/serveur_http/Debug/serveur_http.elf' is downloaded to processor 'ps7_cortexa9_0'.
15:01:14 INFO  : 'configparams force-mem-access 0' command is executed.
15:01:14 INFO  : ----------------XSDB Script----------------
connect -url tcp:127.0.0.1:3121
source Q:/projects/project_Serveur_Http/project_Serveur_Http.sdk/design_1_wrapper_hw_platform_0/ps7_init.tcl
targets -set -nocase -filter {name =~"APU*" && jtag_cable_name =~ "Digilent Zybo Z7 210351A77E51A"} -index 0
loadhw -hw Q:/projects/project_Serveur_Http/project_Serveur_Http.sdk/design_1_wrapper_hw_platform_0/system.hdf -mem-ranges [list {0x40000000 0xbfffffff}]
configparams force-mem-access 1
targets -set -nocase -filter {name =~"APU*" && jtag_cable_name =~ "Digilent Zybo Z7 210351A77E51A"} -index 0
stop
ps7_init
ps7_post_config
targets -set -nocase -filter {name =~ "ARM*#0" && jtag_cable_name =~ "Digilent Zybo Z7 210351A77E51A"} -index 0
rst -processor
targets -set -nocase -filter {name =~ "ARM*#0" && jtag_cable_name =~ "Digilent Zybo Z7 210351A77E51A"} -index 0
dow Q:/projects/project_Serveur_Http/project_Serveur_Http.sdk/serveur_http/Debug/serveur_http.elf
configparams force-mem-access 0
----------------End of Script----------------

15:01:14 INFO  : Memory regions updated for context APU
15:01:15 INFO  : Context for processor 'ps7_cortexa9_0' is selected.
15:01:15 INFO  : 'con' command is executed.
15:01:15 INFO  : ----------------XSDB Script (After Launch)----------------
targets -set -nocase -filter {name =~ "ARM*#0" && jtag_cable_name =~ "Digilent Zybo Z7 210351A77E51A"} -index 0
con
----------------End of Script----------------

15:01:15 INFO  : Launch script is exported to file 'Q:\projects\project_Serveur_Http\project_Serveur_Http.sdk\.sdk\launch_scripts\xilinx_c-c++_application_(system_debugger)\system_debugger_using_debug_serveur_http.elf_on_local.tcl'
15:02:04 INFO  : Connected to target on host '127.0.0.1' and port '3121'.
15:02:04 INFO  : 'targets -set -filter {jtag_cable_name =~ "Digilent Zybo Z7 210351A77E51A" && level==0} -index 1' command is executed.
15:02:05 INFO  : FPGA configured successfully with bitstream "Q:/projects/project_Serveur_Http/project_Serveur_Http.sdk/design_1_wrapper_hw_platform_0/design_1_wrapper.bit"
15:02:20 INFO  : Disconnected from the channel tcfchan#16.
15:02:21 INFO  : 'targets -set -filter {jtag_cable_name =~ "Digilent Zybo Z7 210351A77E51A" && level==0} -index 1' command is executed.
15:02:21 INFO  : 'fpga -state' command is executed.
15:02:21 INFO  : Connected to target on host '127.0.0.1' and port '3121'.
15:02:21 INFO  : Jtag cable 'Digilent Zybo Z7 210351A77E51A' is selected.
15:02:21 INFO  : 'jtag frequency' command is executed.
15:02:21 INFO  : Sourcing of 'Q:/projects/project_Serveur_Http/project_Serveur_Http.sdk/design_1_wrapper_hw_platform_0/ps7_init.tcl' is done.
15:02:21 INFO  : Context for 'APU' is selected.
15:02:23 INFO  : Hardware design information is loaded from 'Q:/projects/project_Serveur_Http/project_Serveur_Http.sdk/design_1_wrapper_hw_platform_0/system.hdf'.
15:02:23 INFO  : 'configparams force-mem-access 1' command is executed.
15:02:23 INFO  : Context for 'APU' is selected.
15:02:23 INFO  : 'stop' command is executed.
15:02:23 INFO  : 'ps7_init' command is executed.
15:02:23 INFO  : 'ps7_post_config' command is executed.
15:02:23 INFO  : Context for processor 'ps7_cortexa9_0' is selected.
15:02:23 INFO  : Processor reset is completed for 'ps7_cortexa9_0'.
15:02:23 INFO  : Context for processor 'ps7_cortexa9_0' is selected.
15:02:24 INFO  : The application 'Q:/projects/project_Serveur_Http/project_Serveur_Http.sdk/serveur_http/Debug/serveur_http.elf' is downloaded to processor 'ps7_cortexa9_0'.
15:02:24 INFO  : 'configparams force-mem-access 0' command is executed.
15:02:24 INFO  : ----------------XSDB Script----------------
connect -url tcp:127.0.0.1:3121
source Q:/projects/project_Serveur_Http/project_Serveur_Http.sdk/design_1_wrapper_hw_platform_0/ps7_init.tcl
targets -set -nocase -filter {name =~"APU*" && jtag_cable_name =~ "Digilent Zybo Z7 210351A77E51A"} -index 0
loadhw -hw Q:/projects/project_Serveur_Http/project_Serveur_Http.sdk/design_1_wrapper_hw_platform_0/system.hdf -mem-ranges [list {0x40000000 0xbfffffff}]
configparams force-mem-access 1
targets -set -nocase -filter {name =~"APU*" && jtag_cable_name =~ "Digilent Zybo Z7 210351A77E51A"} -index 0
stop
ps7_init
ps7_post_config
targets -set -nocase -filter {name =~ "ARM*#0" && jtag_cable_name =~ "Digilent Zybo Z7 210351A77E51A"} -index 0
rst -processor
targets -set -nocase -filter {name =~ "ARM*#0" && jtag_cable_name =~ "Digilent Zybo Z7 210351A77E51A"} -index 0
dow Q:/projects/project_Serveur_Http/project_Serveur_Http.sdk/serveur_http/Debug/serveur_http.elf
configparams force-mem-access 0
----------------End of Script----------------

15:02:24 INFO  : Memory regions updated for context APU
15:02:24 INFO  : Context for processor 'ps7_cortexa9_0' is selected.
15:02:24 INFO  : 'con' command is executed.
15:02:24 INFO  : ----------------XSDB Script (After Launch)----------------
targets -set -nocase -filter {name =~ "ARM*#0" && jtag_cable_name =~ "Digilent Zybo Z7 210351A77E51A"} -index 0
con
----------------End of Script----------------

15:02:24 INFO  : Launch script is exported to file 'Q:\projects\project_Serveur_Http\project_Serveur_Http.sdk\.sdk\launch_scripts\xilinx_c-c++_application_(system_debugger)\system_debugger_using_debug_serveur_http.elf_on_local.tcl'
15:05:12 INFO  : Connected to target on host '127.0.0.1' and port '3121'.
15:05:13 INFO  : 'targets -set -filter {jtag_cable_name =~ "Digilent Zybo Z7 210351A77E51A" && level==0} -index 1' command is executed.
15:05:15 INFO  : FPGA configured successfully with bitstream "Q:/projects/project_Serveur_Http/project_Serveur_Http.sdk/design_1_wrapper_hw_platform_0/design_1_wrapper.bit"
15:05:31 INFO  : Disconnected from the channel tcfchan#17.
15:05:32 INFO  : 'targets -set -filter {jtag_cable_name =~ "Digilent Zybo Z7 210351A77E51A" && level==0} -index 1' command is executed.
15:05:32 INFO  : 'fpga -state' command is executed.
15:05:32 INFO  : Connected to target on host '127.0.0.1' and port '3121'.
15:05:32 INFO  : Jtag cable 'Digilent Zybo Z7 210351A77E51A' is selected.
15:05:32 INFO  : 'jtag frequency' command is executed.
15:05:32 INFO  : Sourcing of 'Q:/projects/project_Serveur_Http/project_Serveur_Http.sdk/design_1_wrapper_hw_platform_0/ps7_init.tcl' is done.
15:05:32 INFO  : Context for 'APU' is selected.
15:05:34 INFO  : Hardware design information is loaded from 'Q:/projects/project_Serveur_Http/project_Serveur_Http.sdk/design_1_wrapper_hw_platform_0/system.hdf'.
15:05:34 INFO  : 'configparams force-mem-access 1' command is executed.
15:05:34 INFO  : Context for 'APU' is selected.
15:05:34 INFO  : 'stop' command is executed.
15:05:34 INFO  : 'ps7_init' command is executed.
15:05:34 INFO  : 'ps7_post_config' command is executed.
15:05:34 INFO  : Context for processor 'ps7_cortexa9_0' is selected.
15:05:34 INFO  : Processor reset is completed for 'ps7_cortexa9_0'.
15:05:34 INFO  : Context for processor 'ps7_cortexa9_0' is selected.
15:05:35 INFO  : The application 'Q:/projects/project_Serveur_Http/project_Serveur_Http.sdk/serveur_http/Debug/serveur_http.elf' is downloaded to processor 'ps7_cortexa9_0'.
15:05:35 INFO  : 'configparams force-mem-access 0' command is executed.
15:05:35 INFO  : ----------------XSDB Script----------------
connect -url tcp:127.0.0.1:3121
source Q:/projects/project_Serveur_Http/project_Serveur_Http.sdk/design_1_wrapper_hw_platform_0/ps7_init.tcl
targets -set -nocase -filter {name =~"APU*" && jtag_cable_name =~ "Digilent Zybo Z7 210351A77E51A"} -index 0
loadhw -hw Q:/projects/project_Serveur_Http/project_Serveur_Http.sdk/design_1_wrapper_hw_platform_0/system.hdf -mem-ranges [list {0x40000000 0xbfffffff}]
configparams force-mem-access 1
targets -set -nocase -filter {name =~"APU*" && jtag_cable_name =~ "Digilent Zybo Z7 210351A77E51A"} -index 0
stop
ps7_init
ps7_post_config
targets -set -nocase -filter {name =~ "ARM*#0" && jtag_cable_name =~ "Digilent Zybo Z7 210351A77E51A"} -index 0
rst -processor
targets -set -nocase -filter {name =~ "ARM*#0" && jtag_cable_name =~ "Digilent Zybo Z7 210351A77E51A"} -index 0
dow Q:/projects/project_Serveur_Http/project_Serveur_Http.sdk/serveur_http/Debug/serveur_http.elf
configparams force-mem-access 0
----------------End of Script----------------

15:05:35 INFO  : Memory regions updated for context APU
15:05:35 INFO  : Context for processor 'ps7_cortexa9_0' is selected.
15:05:35 INFO  : 'con' command is executed.
15:05:35 INFO  : ----------------XSDB Script (After Launch)----------------
targets -set -nocase -filter {name =~ "ARM*#0" && jtag_cable_name =~ "Digilent Zybo Z7 210351A77E51A"} -index 0
con
----------------End of Script----------------

15:05:35 INFO  : Launch script is exported to file 'Q:\projects\project_Serveur_Http\project_Serveur_Http.sdk\.sdk\launch_scripts\xilinx_c-c++_application_(system_debugger)\system_debugger_using_debug_serveur_http.elf_on_local.tcl'
15:06:57 INFO  : Disconnected from the channel tcfchan#18.
15:06:58 INFO  : 'targets -set -filter {jtag_cable_name =~ "Digilent Zybo Z7 210351A77E51A" && level==0} -index 1' command is executed.
15:06:58 INFO  : 'fpga -state' command is executed.
15:06:58 INFO  : Connected to target on host '127.0.0.1' and port '3121'.
15:06:58 INFO  : Jtag cable 'Digilent Zybo Z7 210351A77E51A' is selected.
15:06:58 INFO  : 'jtag frequency' command is executed.
15:06:58 INFO  : Sourcing of 'Q:/projects/project_Serveur_Http/project_Serveur_Http.sdk/design_1_wrapper_hw_platform_0/ps7_init.tcl' is done.
15:06:58 INFO  : Context for 'APU' is selected.
15:07:00 INFO  : Hardware design information is loaded from 'Q:/projects/project_Serveur_Http/project_Serveur_Http.sdk/design_1_wrapper_hw_platform_0/system.hdf'.
15:07:00 INFO  : 'configparams force-mem-access 1' command is executed.
15:07:00 INFO  : Context for 'APU' is selected.
15:07:00 INFO  : 'stop' command is executed.
15:07:01 INFO  : 'ps7_init' command is executed.
15:07:01 INFO  : 'ps7_post_config' command is executed.
15:07:01 INFO  : Context for processor 'ps7_cortexa9_0' is selected.
15:07:01 INFO  : Processor reset is completed for 'ps7_cortexa9_0'.
15:07:01 INFO  : Context for processor 'ps7_cortexa9_0' is selected.
15:07:01 INFO  : The application 'Q:/projects/project_Serveur_Http/project_Serveur_Http.sdk/serveur_http/Debug/serveur_http.elf' is downloaded to processor 'ps7_cortexa9_0'.
15:07:01 INFO  : 'configparams force-mem-access 0' command is executed.
15:07:01 INFO  : ----------------XSDB Script----------------
connect -url tcp:127.0.0.1:3121
source Q:/projects/project_Serveur_Http/project_Serveur_Http.sdk/design_1_wrapper_hw_platform_0/ps7_init.tcl
targets -set -nocase -filter {name =~"APU*" && jtag_cable_name =~ "Digilent Zybo Z7 210351A77E51A"} -index 0
loadhw -hw Q:/projects/project_Serveur_Http/project_Serveur_Http.sdk/design_1_wrapper_hw_platform_0/system.hdf -mem-ranges [list {0x40000000 0xbfffffff}]
configparams force-mem-access 1
targets -set -nocase -filter {name =~"APU*" && jtag_cable_name =~ "Digilent Zybo Z7 210351A77E51A"} -index 0
stop
ps7_init
ps7_post_config
targets -set -nocase -filter {name =~ "ARM*#0" && jtag_cable_name =~ "Digilent Zybo Z7 210351A77E51A"} -index 0
rst -processor
targets -set -nocase -filter {name =~ "ARM*#0" && jtag_cable_name =~ "Digilent Zybo Z7 210351A77E51A"} -index 0
dow Q:/projects/project_Serveur_Http/project_Serveur_Http.sdk/serveur_http/Debug/serveur_http.elf
configparams force-mem-access 0
----------------End of Script----------------

15:07:01 INFO  : Memory regions updated for context APU
15:07:01 INFO  : Context for processor 'ps7_cortexa9_0' is selected.
15:07:01 INFO  : 'con' command is executed.
15:07:01 INFO  : ----------------XSDB Script (After Launch)----------------
targets -set -nocase -filter {name =~ "ARM*#0" && jtag_cable_name =~ "Digilent Zybo Z7 210351A77E51A"} -index 0
con
----------------End of Script----------------

15:07:01 INFO  : Launch script is exported to file 'Q:\projects\project_Serveur_Http\project_Serveur_Http.sdk\.sdk\launch_scripts\xilinx_c-c++_application_(system_debugger)\system_debugger_using_debug_serveur_http.elf_on_local.tcl'
15:07:53 INFO  : Disconnected from the channel tcfchan#19.
15:07:54 INFO  : 'targets -set -filter {jtag_cable_name =~ "Digilent Zybo Z7 210351A77E51A" && level==0} -index 1' command is executed.
15:07:54 INFO  : 'fpga -state' command is executed.
15:07:54 INFO  : Connected to target on host '127.0.0.1' and port '3121'.
15:07:54 INFO  : Jtag cable 'Digilent Zybo Z7 210351A77E51A' is selected.
15:07:54 INFO  : 'jtag frequency' command is executed.
15:07:54 INFO  : Sourcing of 'Q:/projects/project_Serveur_Http/project_Serveur_Http.sdk/design_1_wrapper_hw_platform_0/ps7_init.tcl' is done.
15:07:54 INFO  : Context for 'APU' is selected.
15:07:56 INFO  : Hardware design information is loaded from 'Q:/projects/project_Serveur_Http/project_Serveur_Http.sdk/design_1_wrapper_hw_platform_0/system.hdf'.
15:07:56 INFO  : 'configparams force-mem-access 1' command is executed.
15:07:56 INFO  : Context for 'APU' is selected.
15:07:56 INFO  : 'stop' command is executed.
15:07:56 INFO  : 'ps7_init' command is executed.
15:07:56 INFO  : 'ps7_post_config' command is executed.
15:07:56 INFO  : Context for processor 'ps7_cortexa9_0' is selected.
15:07:56 INFO  : Processor reset is completed for 'ps7_cortexa9_0'.
15:07:56 INFO  : Context for processor 'ps7_cortexa9_0' is selected.
15:07:57 INFO  : The application 'Q:/projects/project_Serveur_Http/project_Serveur_Http.sdk/serveur_http/Debug/serveur_http.elf' is downloaded to processor 'ps7_cortexa9_0'.
15:07:57 INFO  : 'configparams force-mem-access 0' command is executed.
15:07:57 INFO  : ----------------XSDB Script----------------
connect -url tcp:127.0.0.1:3121
source Q:/projects/project_Serveur_Http/project_Serveur_Http.sdk/design_1_wrapper_hw_platform_0/ps7_init.tcl
targets -set -nocase -filter {name =~"APU*" && jtag_cable_name =~ "Digilent Zybo Z7 210351A77E51A"} -index 0
loadhw -hw Q:/projects/project_Serveur_Http/project_Serveur_Http.sdk/design_1_wrapper_hw_platform_0/system.hdf -mem-ranges [list {0x40000000 0xbfffffff}]
configparams force-mem-access 1
targets -set -nocase -filter {name =~"APU*" && jtag_cable_name =~ "Digilent Zybo Z7 210351A77E51A"} -index 0
stop
ps7_init
ps7_post_config
targets -set -nocase -filter {name =~ "ARM*#0" && jtag_cable_name =~ "Digilent Zybo Z7 210351A77E51A"} -index 0
rst -processor
targets -set -nocase -filter {name =~ "ARM*#0" && jtag_cable_name =~ "Digilent Zybo Z7 210351A77E51A"} -index 0
dow Q:/projects/project_Serveur_Http/project_Serveur_Http.sdk/serveur_http/Debug/serveur_http.elf
configparams force-mem-access 0
----------------End of Script----------------

15:07:57 INFO  : Memory regions updated for context APU
15:07:57 INFO  : Context for processor 'ps7_cortexa9_0' is selected.
15:07:57 INFO  : 'con' command is executed.
15:07:57 INFO  : ----------------XSDB Script (After Launch)----------------
targets -set -nocase -filter {name =~ "ARM*#0" && jtag_cable_name =~ "Digilent Zybo Z7 210351A77E51A"} -index 0
con
----------------End of Script----------------

15:07:57 INFO  : Launch script is exported to file 'Q:\projects\project_Serveur_Http\project_Serveur_Http.sdk\.sdk\launch_scripts\xilinx_c-c++_application_(system_debugger)\system_debugger_using_debug_serveur_http.elf_on_local.tcl'
15:08:35 INFO  : Connected to target on host '127.0.0.1' and port '3121'.
15:08:35 INFO  : 'targets -set -filter {jtag_cable_name =~ "Digilent Zybo Z7 210351A77E51A" && level==0} -index 1' command is executed.
15:08:36 INFO  : FPGA configured successfully with bitstream "Q:/projects/project_Serveur_Http/project_Serveur_Http.sdk/design_1_wrapper_hw_platform_0/design_1_wrapper.bit"
15:11:07 INFO  : Disconnected from the channel tcfchan#20.
15:11:08 INFO  : Connected to target on host '127.0.0.1' and port '3121'.
15:11:08 INFO  : Jtag cable 'Digilent Zybo Z7 210351A77E51A' is selected.
15:11:08 INFO  : 'jtag frequency' command is executed.
15:11:08 INFO  : Sourcing of 'Q:/projects/project_Serveur_Http/project_Serveur_Http.sdk/design_1_wrapper_hw_platform_0/ps7_init.tcl' is done.
15:11:08 INFO  : Context for 'APU' is selected.
15:11:08 INFO  : System reset is completed.
15:11:11 INFO  : 'after 3000' command is executed.
15:11:11 INFO  : 'targets -set -filter {jtag_cable_name =~ "Digilent Zybo Z7 210351A77E51A" && level==0} -index 1' command is executed.
15:11:12 INFO  : FPGA configured successfully with bitstream "Q:/projects/project_Serveur_Http/project_Serveur_Http.sdk/design_1_wrapper_hw_platform_0/design_1_wrapper.bit"
15:11:12 INFO  : Context for 'APU' is selected.
15:11:14 INFO  : Hardware design information is loaded from 'Q:/projects/project_Serveur_Http/project_Serveur_Http.sdk/design_1_wrapper_hw_platform_0/system.hdf'.
15:11:14 INFO  : 'configparams force-mem-access 1' command is executed.
15:11:14 INFO  : Context for 'APU' is selected.
15:11:14 INFO  : 'ps7_init' command is executed.
15:11:14 INFO  : 'ps7_post_config' command is executed.
15:11:14 INFO  : Context for processor 'ps7_cortexa9_0' is selected.
15:11:15 INFO  : The application 'Q:/projects/project_Serveur_Http/project_Serveur_Http.sdk/serveur_http/Debug/serveur_http.elf' is downloaded to processor 'ps7_cortexa9_0'.
15:11:15 INFO  : 'configparams force-mem-access 0' command is executed.
15:11:15 INFO  : ----------------XSDB Script----------------
connect -url tcp:127.0.0.1:3121
source Q:/projects/project_Serveur_Http/project_Serveur_Http.sdk/design_1_wrapper_hw_platform_0/ps7_init.tcl
targets -set -nocase -filter {name =~"APU*" && jtag_cable_name =~ "Digilent Zybo Z7 210351A77E51A"} -index 0
rst -system
after 3000
targets -set -filter {jtag_cable_name =~ "Digilent Zybo Z7 210351A77E51A" && level==0} -index 1
fpga -file Q:/projects/project_Serveur_Http/project_Serveur_Http.sdk/design_1_wrapper_hw_platform_0/design_1_wrapper.bit
targets -set -nocase -filter {name =~"APU*" && jtag_cable_name =~ "Digilent Zybo Z7 210351A77E51A"} -index 0
loadhw -hw Q:/projects/project_Serveur_Http/project_Serveur_Http.sdk/design_1_wrapper_hw_platform_0/system.hdf -mem-ranges [list {0x40000000 0xbfffffff}]
configparams force-mem-access 1
targets -set -nocase -filter {name =~"APU*" && jtag_cable_name =~ "Digilent Zybo Z7 210351A77E51A"} -index 0
ps7_init
ps7_post_config
targets -set -nocase -filter {name =~ "ARM*#0" && jtag_cable_name =~ "Digilent Zybo Z7 210351A77E51A"} -index 0
dow Q:/projects/project_Serveur_Http/project_Serveur_Http.sdk/serveur_http/Debug/serveur_http.elf
configparams force-mem-access 0
----------------End of Script----------------

15:11:15 INFO  : Memory regions updated for context APU
15:11:15 INFO  : Context for processor 'ps7_cortexa9_0' is selected.
15:11:15 INFO  : 'con' command is executed.
15:11:15 INFO  : ----------------XSDB Script (After Launch)----------------
targets -set -nocase -filter {name =~ "ARM*#0" && jtag_cable_name =~ "Digilent Zybo Z7 210351A77E51A"} -index 0
con
----------------End of Script----------------

15:11:15 INFO  : Launch script is exported to file 'Q:\projects\project_Serveur_Http\project_Serveur_Http.sdk\.sdk\launch_scripts\xilinx_c-c++_application_(system_debugger)\system_debugger_using_debug_serveur_http.elf_on_local.tcl'
15:11:43 INFO  : Disconnected from the channel tcfchan#21.
15:11:44 INFO  : Connected to target on host '127.0.0.1' and port '3121'.
15:11:44 INFO  : Jtag cable 'Digilent Zybo Z7 210351A77E51A' is selected.
15:11:44 INFO  : 'jtag frequency' command is executed.
15:11:44 INFO  : Sourcing of 'Q:/projects/project_Serveur_Http/project_Serveur_Http.sdk/design_1_wrapper_hw_platform_0/ps7_init.tcl' is done.
15:11:44 INFO  : Context for 'APU' is selected.
15:11:44 INFO  : System reset is completed.
15:11:47 INFO  : 'after 3000' command is executed.
15:11:47 INFO  : 'targets -set -filter {jtag_cable_name =~ "Digilent Zybo Z7 210351A77E51A" && level==0} -index 1' command is executed.
15:11:49 INFO  : FPGA configured successfully with bitstream "Q:/projects/project_Serveur_Http/project_Serveur_Http.sdk/design_1_wrapper_hw_platform_0/design_1_wrapper.bit"
15:11:49 INFO  : Context for 'APU' is selected.
15:11:50 INFO  : Hardware design information is loaded from 'Q:/projects/project_Serveur_Http/project_Serveur_Http.sdk/design_1_wrapper_hw_platform_0/system.hdf'.
15:11:50 INFO  : 'configparams force-mem-access 1' command is executed.
15:11:50 INFO  : Context for 'APU' is selected.
15:11:51 INFO  : 'ps7_init' command is executed.
15:11:51 INFO  : 'ps7_post_config' command is executed.
15:11:51 INFO  : Context for processor 'ps7_cortexa9_0' is selected.
15:11:51 INFO  : The application 'Q:/projects/project_Serveur_Http/project_Serveur_Http.sdk/serveur_http/Debug/serveur_http.elf' is downloaded to processor 'ps7_cortexa9_0'.
15:11:51 INFO  : 'configparams force-mem-access 0' command is executed.
15:11:51 INFO  : ----------------XSDB Script----------------
connect -url tcp:127.0.0.1:3121
source Q:/projects/project_Serveur_Http/project_Serveur_Http.sdk/design_1_wrapper_hw_platform_0/ps7_init.tcl
targets -set -nocase -filter {name =~"APU*" && jtag_cable_name =~ "Digilent Zybo Z7 210351A77E51A"} -index 0
rst -system
after 3000
targets -set -filter {jtag_cable_name =~ "Digilent Zybo Z7 210351A77E51A" && level==0} -index 1
fpga -file Q:/projects/project_Serveur_Http/project_Serveur_Http.sdk/design_1_wrapper_hw_platform_0/design_1_wrapper.bit
targets -set -nocase -filter {name =~"APU*" && jtag_cable_name =~ "Digilent Zybo Z7 210351A77E51A"} -index 0
loadhw -hw Q:/projects/project_Serveur_Http/project_Serveur_Http.sdk/design_1_wrapper_hw_platform_0/system.hdf -mem-ranges [list {0x40000000 0xbfffffff}]
configparams force-mem-access 1
targets -set -nocase -filter {name =~"APU*" && jtag_cable_name =~ "Digilent Zybo Z7 210351A77E51A"} -index 0
ps7_init
ps7_post_config
targets -set -nocase -filter {name =~ "ARM*#0" && jtag_cable_name =~ "Digilent Zybo Z7 210351A77E51A"} -index 0
dow Q:/projects/project_Serveur_Http/project_Serveur_Http.sdk/serveur_http/Debug/serveur_http.elf
configparams force-mem-access 0
----------------End of Script----------------

15:11:51 INFO  : Memory regions updated for context APU
15:11:51 INFO  : Context for processor 'ps7_cortexa9_0' is selected.
15:11:52 INFO  : 'con' command is executed.
15:11:52 INFO  : ----------------XSDB Script (After Launch)----------------
targets -set -nocase -filter {name =~ "ARM*#0" && jtag_cable_name =~ "Digilent Zybo Z7 210351A77E51A"} -index 0
con
----------------End of Script----------------

15:11:52 INFO  : Launch script is exported to file 'Q:\projects\project_Serveur_Http\project_Serveur_Http.sdk\.sdk\launch_scripts\xilinx_c-c++_application_(system_debugger)\system_debugger_using_debug_serveur_http.elf_on_local.tcl'
15:13:32 INFO  : 'targets -set -filter {jtag_cable_name =~ "Digilent Zybo Z7 210351A77E51A" && level==0} -index 1' command is executed.
15:13:32 INFO  : 'fpga -state' command is executed.
15:13:32 INFO  : Connected to target on host '127.0.0.1' and port '3121'.
15:13:32 INFO  : Jtag cable 'Digilent Zybo Z7 210351A77E51A' is selected.
15:13:32 INFO  : 'jtag frequency' command is executed.
15:13:32 INFO  : Context for 'APU' is selected.
15:13:32 INFO  : Hardware design information is loaded from 'Q:/projects/project_Serveur_Http/project_Serveur_Http.sdk/design_1_wrapper_hw_platform_0/system.hdf'.
15:13:32 INFO  : 'configparams force-mem-access 1' command is executed.
15:13:32 INFO  : Context for processor 'ps7_cortexa9_0' is selected.
15:13:32 INFO  : Processor reset is completed for 'ps7_cortexa9_0'.
15:13:33 INFO  : Context for processor 'ps7_cortexa9_0' is selected.
15:13:33 INFO  : The application 'Q:/projects/project_Serveur_Http/project_Serveur_Http.sdk/serveur_http/Debug/serveur_http.elf' is downloaded to processor 'ps7_cortexa9_0'.
15:13:33 INFO  : 'configparams force-mem-access 0' command is executed.
15:13:33 INFO  : ----------------XSDB Script----------------
connect -url tcp:127.0.0.1:3121
targets -set -nocase -filter {name =~"APU*" && jtag_cable_name =~ "Digilent Zybo Z7 210351A77E51A"} -index 0
loadhw -hw Q:/projects/project_Serveur_Http/project_Serveur_Http.sdk/design_1_wrapper_hw_platform_0/system.hdf -mem-ranges [list {0x40000000 0xbfffffff}]
configparams force-mem-access 1
targets -set -nocase -filter {name =~ "ARM*#0" && jtag_cable_name =~ "Digilent Zybo Z7 210351A77E51A"} -index 0
rst -processor
targets -set -nocase -filter {name =~ "ARM*#0" && jtag_cable_name =~ "Digilent Zybo Z7 210351A77E51A"} -index 0
dow Q:/projects/project_Serveur_Http/project_Serveur_Http.sdk/serveur_http/Debug/serveur_http.elf
configparams force-mem-access 0
----------------End of Script----------------

15:13:33 INFO  : Memory regions updated for context APU
15:13:33 INFO  : Context for processor 'ps7_cortexa9_0' is selected.
15:13:33 INFO  : 'con' command is executed.
15:13:33 INFO  : ----------------XSDB Script (After Launch)----------------
targets -set -nocase -filter {name =~ "ARM*#0" && jtag_cable_name =~ "Digilent Zybo Z7 210351A77E51A"} -index 0
con
----------------End of Script----------------

15:13:33 INFO  : Launch script is exported to file 'Q:\projects\project_Serveur_Http\project_Serveur_Http.sdk\.sdk\launch_scripts\xilinx_c-c++_application_(system_debugger)\system_debugger_using_debug_serveur_http.elf_on_local.tcl'
15:13:34 INFO  : 'targets -set -filter {jtag_cable_name =~ "Digilent Zybo Z7 210351A77E51A" && level==0} -index 1' command is executed.
15:13:34 INFO  : 'fpga -state' command is executed.
15:13:34 INFO  : Connected to target on host '127.0.0.1' and port '3121'.
15:13:34 INFO  : Jtag cable 'Digilent Zybo Z7 210351A77E51A' is selected.
15:13:34 INFO  : 'jtag frequency' command is executed.
15:13:34 INFO  : Context for 'APU' is selected.
15:13:34 INFO  : Hardware design information is loaded from 'Q:/projects/project_Serveur_Http/project_Serveur_Http.sdk/design_1_wrapper_hw_platform_0/system.hdf'.
15:13:34 INFO  : 'configparams force-mem-access 1' command is executed.
15:13:34 INFO  : Context for processor 'ps7_cortexa9_0' is selected.
15:13:34 INFO  : Processor reset is completed for 'ps7_cortexa9_0'.
15:13:34 INFO  : Context for processor 'ps7_cortexa9_0' is selected.
15:13:35 INFO  : The application 'Q:/projects/project_Serveur_Http/project_Serveur_Http.sdk/serveur_http/Debug/serveur_http.elf' is downloaded to processor 'ps7_cortexa9_0'.
15:13:35 INFO  : 'configparams force-mem-access 0' command is executed.
15:13:35 INFO  : ----------------XSDB Script----------------
connect -url tcp:127.0.0.1:3121
targets -set -nocase -filter {name =~"APU*" && jtag_cable_name =~ "Digilent Zybo Z7 210351A77E51A"} -index 0
loadhw -hw Q:/projects/project_Serveur_Http/project_Serveur_Http.sdk/design_1_wrapper_hw_platform_0/system.hdf -mem-ranges [list {0x40000000 0xbfffffff}]
configparams force-mem-access 1
targets -set -nocase -filter {name =~ "ARM*#0" && jtag_cable_name =~ "Digilent Zybo Z7 210351A77E51A"} -index 0
rst -processor
targets -set -nocase -filter {name =~ "ARM*#0" && jtag_cable_name =~ "Digilent Zybo Z7 210351A77E51A"} -index 0
dow Q:/projects/project_Serveur_Http/project_Serveur_Http.sdk/serveur_http/Debug/serveur_http.elf
configparams force-mem-access 0
----------------End of Script----------------

15:13:35 INFO  : Memory regions updated for context APU
15:13:35 INFO  : Context for processor 'ps7_cortexa9_0' is selected.
15:13:35 INFO  : 'con' command is executed.
15:13:35 INFO  : ----------------XSDB Script (After Launch)----------------
targets -set -nocase -filter {name =~ "ARM*#0" && jtag_cable_name =~ "Digilent Zybo Z7 210351A77E51A"} -index 0
con
----------------End of Script----------------

15:13:35 INFO  : Launch script is exported to file 'Q:\projects\project_Serveur_Http\project_Serveur_Http.sdk\.sdk\launch_scripts\xilinx_c-c++_application_(system_debugger)\system_debugger_using_debug_serveur_http.elf_on_local.tcl'
15:13:40 INFO  : Disconnected from the channel tcfchan#22.
15:13:41 INFO  : 'targets -set -filter {jtag_cable_name =~ "Digilent Zybo Z7 210351A77E51A" && level==0} -index 1' command is executed.
15:13:41 INFO  : 'fpga -state' command is executed.
15:13:41 INFO  : Connected to target on host '127.0.0.1' and port '3121'.
15:13:41 INFO  : Jtag cable 'Digilent Zybo Z7 210351A77E51A' is selected.
15:13:41 INFO  : 'jtag frequency' command is executed.
15:13:41 INFO  : Context for 'APU' is selected.
15:13:43 INFO  : Hardware design information is loaded from 'Q:/projects/project_Serveur_Http/project_Serveur_Http.sdk/design_1_wrapper_hw_platform_0/system.hdf'.
15:13:43 INFO  : 'configparams force-mem-access 1' command is executed.
15:13:43 INFO  : Context for processor 'ps7_cortexa9_0' is selected.
15:13:43 INFO  : Processor reset is completed for 'ps7_cortexa9_0'.
15:13:43 INFO  : Context for processor 'ps7_cortexa9_0' is selected.
15:13:44 INFO  : The application 'Q:/projects/project_Serveur_Http/project_Serveur_Http.sdk/serveur_http/Debug/serveur_http.elf' is downloaded to processor 'ps7_cortexa9_0'.
15:13:44 INFO  : 'configparams force-mem-access 0' command is executed.
15:13:44 INFO  : ----------------XSDB Script----------------
connect -url tcp:127.0.0.1:3121
targets -set -nocase -filter {name =~"APU*" && jtag_cable_name =~ "Digilent Zybo Z7 210351A77E51A"} -index 0
loadhw -hw Q:/projects/project_Serveur_Http/project_Serveur_Http.sdk/design_1_wrapper_hw_platform_0/system.hdf -mem-ranges [list {0x40000000 0xbfffffff}]
configparams force-mem-access 1
targets -set -nocase -filter {name =~ "ARM*#0" && jtag_cable_name =~ "Digilent Zybo Z7 210351A77E51A"} -index 0
rst -processor
targets -set -nocase -filter {name =~ "ARM*#0" && jtag_cable_name =~ "Digilent Zybo Z7 210351A77E51A"} -index 0
dow Q:/projects/project_Serveur_Http/project_Serveur_Http.sdk/serveur_http/Debug/serveur_http.elf
configparams force-mem-access 0
----------------End of Script----------------

15:13:44 INFO  : Memory regions updated for context APU
15:13:44 INFO  : Context for processor 'ps7_cortexa9_0' is selected.
15:13:44 INFO  : 'con' command is executed.
15:13:44 INFO  : ----------------XSDB Script (After Launch)----------------
targets -set -nocase -filter {name =~ "ARM*#0" && jtag_cable_name =~ "Digilent Zybo Z7 210351A77E51A"} -index 0
con
----------------End of Script----------------

15:13:44 INFO  : Launch script is exported to file 'Q:\projects\project_Serveur_Http\project_Serveur_Http.sdk\.sdk\launch_scripts\xilinx_c-c++_application_(system_debugger)\system_debugger_using_debug_serveur_http.elf_on_local.tcl'
15:15:21 INFO  : Connected to target on host '127.0.0.1' and port '3121'.
15:15:22 INFO  : 'targets -set -filter {jtag_cable_name =~ "Digilent Zybo Z7 210351A77E51A" && level==0} -index 1' command is executed.
15:15:23 INFO  : FPGA configured successfully with bitstream "Q:/projects/project_Serveur_Http/project_Serveur_Http.sdk/design_1_wrapper_hw_platform_0/design_1_wrapper.bit"
15:15:41 INFO  : Disconnected from the channel tcfchan#23.
15:15:43 INFO  : 'targets -set -filter {jtag_cable_name =~ "Digilent Zybo Z7 210351A77E51A" && level==0} -index 1' command is executed.
15:15:43 INFO  : 'fpga -state' command is executed.
15:15:43 INFO  : Connected to target on host '127.0.0.1' and port '3121'.
15:15:43 INFO  : Jtag cable 'Digilent Zybo Z7 210351A77E51A' is selected.
15:15:43 INFO  : 'jtag frequency' command is executed.
15:15:43 INFO  : Context for 'APU' is selected.
15:15:44 INFO  : Hardware design information is loaded from 'Q:/projects/project_Serveur_Http/project_Serveur_Http.sdk/design_1_wrapper_hw_platform_0/system.hdf'.
15:15:44 INFO  : 'configparams force-mem-access 1' command is executed.
15:15:44 INFO  : Context for processor 'ps7_cortexa9_0' is selected.
15:15:45 INFO  : Processor reset is completed for 'ps7_cortexa9_0'.
15:15:45 INFO  : Context for processor 'ps7_cortexa9_0' is selected.
15:15:45 ERROR : Memory write error at 0x100000. Cannot access DDR: the controller is held in reset
15:15:45 INFO  : ----------------XSDB Script----------------
connect -url tcp:127.0.0.1:3121
targets -set -nocase -filter {name =~"APU*" && jtag_cable_name =~ "Digilent Zybo Z7 210351A77E51A"} -index 0
loadhw -hw Q:/projects/project_Serveur_Http/project_Serveur_Http.sdk/design_1_wrapper_hw_platform_0/system.hdf -mem-ranges [list {0x40000000 0xbfffffff}]
configparams force-mem-access 1
targets -set -nocase -filter {name =~ "ARM*#0" && jtag_cable_name =~ "Digilent Zybo Z7 210351A77E51A"} -index 0
rst -processor
targets -set -nocase -filter {name =~ "ARM*#0" && jtag_cable_name =~ "Digilent Zybo Z7 210351A77E51A"} -index 0
dow Q:/projects/project_Serveur_Http/project_Serveur_Http.sdk/serveur_http/Debug/serveur_http.elf
----------------End of Script----------------

15:17:20 INFO  : 'targets -set -filter {jtag_cable_name =~ "Digilent Zybo Z7 210351A77E51A" && level==0} -index 1' command is executed.
15:17:20 INFO  : 'fpga -state' command is executed.
15:17:20 INFO  : Connected to target on host '127.0.0.1' and port '3121'.
15:17:20 INFO  : Jtag cable 'Digilent Zybo Z7 210351A77E51A' is selected.
15:17:20 INFO  : 'jtag frequency' command is executed.
15:17:20 INFO  : Sourcing of 'Q:/projects/project_Serveur_Http/project_Serveur_Http.sdk/design_1_wrapper_hw_platform_0/ps7_init.tcl' is done.
15:17:20 INFO  : Context for 'APU' is selected.
15:17:20 INFO  : Hardware design information is loaded from 'Q:/projects/project_Serveur_Http/project_Serveur_Http.sdk/design_1_wrapper_hw_platform_0/system.hdf'.
15:17:20 INFO  : 'configparams force-mem-access 1' command is executed.
15:17:20 INFO  : Context for 'APU' is selected.
15:17:20 INFO  : 'stop' command is executed.
15:17:21 INFO  : 'ps7_init' command is executed.
15:17:21 INFO  : 'ps7_post_config' command is executed.
15:17:21 INFO  : Context for processor 'ps7_cortexa9_0' is selected.
15:17:21 INFO  : Processor reset is completed for 'ps7_cortexa9_0'.
15:17:21 INFO  : Context for processor 'ps7_cortexa9_0' is selected.
15:17:21 INFO  : The application 'Q:/projects/project_Serveur_Http/project_Serveur_Http.sdk/serveur_http/Debug/serveur_http.elf' is downloaded to processor 'ps7_cortexa9_0'.
15:17:21 INFO  : 'configparams force-mem-access 0' command is executed.
15:17:21 INFO  : ----------------XSDB Script----------------
connect -url tcp:127.0.0.1:3121
source Q:/projects/project_Serveur_Http/project_Serveur_Http.sdk/design_1_wrapper_hw_platform_0/ps7_init.tcl
targets -set -nocase -filter {name =~"APU*" && jtag_cable_name =~ "Digilent Zybo Z7 210351A77E51A"} -index 0
loadhw -hw Q:/projects/project_Serveur_Http/project_Serveur_Http.sdk/design_1_wrapper_hw_platform_0/system.hdf -mem-ranges [list {0x40000000 0xbfffffff}]
configparams force-mem-access 1
targets -set -nocase -filter {name =~"APU*" && jtag_cable_name =~ "Digilent Zybo Z7 210351A77E51A"} -index 0
stop
ps7_init
ps7_post_config
targets -set -nocase -filter {name =~ "ARM*#0" && jtag_cable_name =~ "Digilent Zybo Z7 210351A77E51A"} -index 0
rst -processor
targets -set -nocase -filter {name =~ "ARM*#0" && jtag_cable_name =~ "Digilent Zybo Z7 210351A77E51A"} -index 0
dow Q:/projects/project_Serveur_Http/project_Serveur_Http.sdk/serveur_http/Debug/serveur_http.elf
configparams force-mem-access 0
----------------End of Script----------------

15:17:21 INFO  : Memory regions updated for context APU
15:17:22 INFO  : Context for processor 'ps7_cortexa9_0' is selected.
15:17:22 INFO  : 'con' command is executed.
15:17:22 INFO  : ----------------XSDB Script (After Launch)----------------
targets -set -nocase -filter {name =~ "ARM*#0" && jtag_cable_name =~ "Digilent Zybo Z7 210351A77E51A"} -index 0
con
----------------End of Script----------------

15:17:22 INFO  : Launch script is exported to file 'Q:\projects\project_Serveur_Http\project_Serveur_Http.sdk\.sdk\launch_scripts\xilinx_c-c++_application_(system_debugger)\system_debugger_using_debug_serveur_http.elf_on_local.tcl'
15:20:08 INFO  : Disconnected from the channel tcfchan#24.
