14:52:29 INFO  : Registering command handlers for SDK TCF services
14:52:30 INFO  : Launching XSCT server: xsct.bat -interactive Q:\lectureADC\lectureADC.sdk\temp_xsdb_launch_script.tcl
14:52:34 INFO  : XSCT server has started successfully.
14:52:38 INFO  : Successfully done setting XSCT server connection channel  
14:52:38 INFO  : Successfully done setting SDK workspace  
14:52:38 INFO  : Processing command line option -hwspec Q:/lectureADC/lectureADC.sdk/Top.hdf.
15:01:31 INFO  : Connected to target on host '127.0.0.1' and port '3121'.
15:01:33 INFO  : 'targets -set -filter {jtag_cable_name =~ "Digilent Zybo Z7 210351A77E51A" && level==0} -index 1' command is executed.
15:01:35 INFO  : FPGA configured successfully with bitstream "Q:/lectureADC/lectureADC.sdk/Top_hw_platform_0/Top.bit"
15:02:33 INFO  : 'targets -set -filter {jtag_cable_name =~ "Digilent Zybo Z7 210351A77E51A" && level==0} -index 1' command is executed.
15:02:33 INFO  : 'fpga -state' command is executed.
15:02:33 INFO  : Connected to target on host '127.0.0.1' and port '3121'.
15:02:34 INFO  : Jtag cable 'Digilent Zybo Z7 210351A77E51A' is selected.
15:02:34 INFO  : 'jtag frequency' command is executed.
15:02:34 INFO  : Sourcing of 'Q:/lectureADC/lectureADC.sdk/Top_hw_platform_0/ps7_init.tcl' is done.
15:02:34 INFO  : Context for 'APU' is selected.
15:02:34 INFO  : Hardware design information is loaded from 'Q:/lectureADC/lectureADC.sdk/Top_hw_platform_0/system.hdf'.
15:02:34 INFO  : 'configparams force-mem-access 1' command is executed.
15:02:34 INFO  : Context for 'APU' is selected.
15:02:34 INFO  : 'stop' command is executed.
15:02:34 INFO  : 'ps7_init' command is executed.
15:02:34 INFO  : 'ps7_post_config' command is executed.
15:02:34 INFO  : Context for processor 'ps7_cortexa9_0' is selected.
15:02:34 INFO  : Processor reset is completed for 'ps7_cortexa9_0'.
15:02:34 INFO  : Context for processor 'ps7_cortexa9_0' is selected.
15:02:35 INFO  : The application 'Q:/lectureADC/lectureADC.sdk/ExempleAD1/Debug/ExempleAD1.elf' is downloaded to processor 'ps7_cortexa9_0'.
15:02:35 INFO  : 'configparams force-mem-access 0' command is executed.
15:02:35 INFO  : ----------------XSDB Script----------------
connect -url tcp:127.0.0.1:3121
source Q:/lectureADC/lectureADC.sdk/Top_hw_platform_0/ps7_init.tcl
targets -set -nocase -filter {name =~"APU*" && jtag_cable_name =~ "Digilent Zybo Z7 210351A77E51A"} -index 0
loadhw -hw Q:/lectureADC/lectureADC.sdk/Top_hw_platform_0/system.hdf -mem-ranges [list {0x40000000 0xbfffffff}]
configparams force-mem-access 1
targets -set -nocase -filter {name =~"APU*" && jtag_cable_name =~ "Digilent Zybo Z7 210351A77E51A"} -index 0
stop
ps7_init
ps7_post_config
targets -set -nocase -filter {name =~ "ARM*#0" && jtag_cable_name =~ "Digilent Zybo Z7 210351A77E51A"} -index 0
rst -processor
targets -set -nocase -filter {name =~ "ARM*#0" && jtag_cable_name =~ "Digilent Zybo Z7 210351A77E51A"} -index 0
dow Q:/lectureADC/lectureADC.sdk/ExempleAD1/Debug/ExempleAD1.elf
configparams force-mem-access 0
----------------End of Script----------------

15:02:35 INFO  : Memory regions updated for context APU
15:02:35 INFO  : Context for processor 'ps7_cortexa9_0' is selected.
15:02:35 INFO  : 'con' command is executed.
15:02:35 INFO  : ----------------XSDB Script (After Launch)----------------
targets -set -nocase -filter {name =~ "ARM*#0" && jtag_cable_name =~ "Digilent Zybo Z7 210351A77E51A"} -index 0
con
----------------End of Script----------------

15:02:35 INFO  : Launch script is exported to file 'Q:\lectureADC\lectureADC.sdk\.sdk\launch_scripts\xilinx_c-c++_application_(system_debugger)\system_debugger_using_debug_exemplead1.elf_on_local.tcl'
15:08:34 INFO  : SDK has detected change in the last modified timestamps for source hardware specification file Source:1550779687050,  Project:1550778662343
15:08:34 INFO  : Project Top_hw_platform_0's source hardware specification located at Q:/lectureADC/lectureADC.sdk/Top.hdf is now different from the local copy.
		 The local copy will be replaced with the source specification and your workspace will be updated.
15:08:46 INFO  : Copied contents of Q:/lectureADC/lectureADC.sdk/Top.hdf into \Top_hw_platform_0\system.hdf.
15:08:49 INFO  : Synchronizing projects in the workspace with the hardware platform specification changes.
15:08:53 INFO  : 
15:08:54 INFO  : Updating hardware inferred compiler options for ExempleAD1.
15:08:54 INFO  : Clearing existing target manager status.
15:08:54 INFO  : Closing and re-opening the MSS file of ther project ExempleAD1_bsp
15:08:55 INFO  : Workspace synchronized with the new hardware specification file. Cleaning dependent projects...
15:08:57 WARN  : Linker script will not be updated automatically. Users need to update it manually.
15:09:47 INFO  : Connected to target on host '127.0.0.1' and port '3121'.
15:09:48 INFO  : 'targets -set -filter {jtag_cable_name =~ "Digilent Zybo Z7 210351A77E51A" && level==0} -index 1' command is executed.
15:09:50 INFO  : FPGA configured successfully with bitstream "Q:/lectureADC/lectureADC.sdk/Top_hw_platform_0/Top.bit"
15:09:59 INFO  : Disconnected from the channel tcfchan#1.
15:10:00 INFO  : 'targets -set -filter {jtag_cable_name =~ "Digilent Zybo Z7 210351A77E51A" && level==0} -index 1' command is executed.
15:10:00 INFO  : 'fpga -state' command is executed.
15:10:00 INFO  : Connected to target on host '127.0.0.1' and port '3121'.
15:10:00 INFO  : Jtag cable 'Digilent Zybo Z7 210351A77E51A' is selected.
15:10:00 INFO  : 'jtag frequency' command is executed.
15:10:00 INFO  : Sourcing of 'Q:/lectureADC/lectureADC.sdk/Top_hw_platform_0/ps7_init.tcl' is done.
15:10:00 INFO  : Context for 'APU' is selected.
15:10:00 INFO  : Hardware design information is loaded from 'Q:/lectureADC/lectureADC.sdk/Top_hw_platform_0/system.hdf'.
15:10:00 INFO  : 'configparams force-mem-access 1' command is executed.
15:10:00 INFO  : Context for 'APU' is selected.
15:10:00 INFO  : 'stop' command is executed.
15:10:00 INFO  : 'ps7_init' command is executed.
15:10:00 INFO  : 'ps7_post_config' command is executed.
15:10:00 INFO  : Context for processor 'ps7_cortexa9_0' is selected.
15:10:00 INFO  : Processor reset is completed for 'ps7_cortexa9_0'.
15:10:01 INFO  : Context for processor 'ps7_cortexa9_0' is selected.
15:10:01 INFO  : The application 'Q:/lectureADC/lectureADC.sdk/ExempleAD1/Debug/ExempleAD1.elf' is downloaded to processor 'ps7_cortexa9_0'.
15:10:01 INFO  : 'configparams force-mem-access 0' command is executed.
15:10:01 INFO  : ----------------XSDB Script----------------
connect -url tcp:127.0.0.1:3121
source Q:/lectureADC/lectureADC.sdk/Top_hw_platform_0/ps7_init.tcl
targets -set -nocase -filter {name =~"APU*" && jtag_cable_name =~ "Digilent Zybo Z7 210351A77E51A"} -index 0
loadhw -hw Q:/lectureADC/lectureADC.sdk/Top_hw_platform_0/system.hdf -mem-ranges [list {0x40000000 0xbfffffff}]
configparams force-mem-access 1
targets -set -nocase -filter {name =~"APU*" && jtag_cable_name =~ "Digilent Zybo Z7 210351A77E51A"} -index 0
stop
ps7_init
ps7_post_config
targets -set -nocase -filter {name =~ "ARM*#0" && jtag_cable_name =~ "Digilent Zybo Z7 210351A77E51A"} -index 0
rst -processor
targets -set -nocase -filter {name =~ "ARM*#0" && jtag_cable_name =~ "Digilent Zybo Z7 210351A77E51A"} -index 0
dow Q:/lectureADC/lectureADC.sdk/ExempleAD1/Debug/ExempleAD1.elf
configparams force-mem-access 0
----------------End of Script----------------

15:10:01 INFO  : Memory regions updated for context APU
15:10:01 INFO  : Context for processor 'ps7_cortexa9_0' is selected.
15:10:01 INFO  : 'con' command is executed.
15:10:01 INFO  : ----------------XSDB Script (After Launch)----------------
targets -set -nocase -filter {name =~ "ARM*#0" && jtag_cable_name =~ "Digilent Zybo Z7 210351A77E51A"} -index 0
con
----------------End of Script----------------

15:10:01 INFO  : Launch script is exported to file 'Q:\lectureADC\lectureADC.sdk\.sdk\launch_scripts\xilinx_c-c++_application_(system_debugger)\system_debugger_using_debug_exemplead1.elf_on_local.tcl'
15:12:14 INFO  : Connected to target on host '127.0.0.1' and port '3121'.
15:12:15 INFO  : 'targets -set -filter {jtag_cable_name =~ "Digilent Zybo Z7 210351A77E51A" && level==0} -index 1' command is executed.
15:12:17 INFO  : FPGA configured successfully with bitstream "Q:/lectureADC/lectureADC.sdk/Top_hw_platform_0/Top.bit"
15:12:28 INFO  : Disconnected from the channel tcfchan#2.
15:12:29 INFO  : 'targets -set -filter {jtag_cable_name =~ "Digilent Zybo Z7 210351A77E51A" && level==0} -index 1' command is executed.
15:12:29 INFO  : 'fpga -state' command is executed.
15:12:29 INFO  : Connected to target on host '127.0.0.1' and port '3121'.
15:12:29 INFO  : Jtag cable 'Digilent Zybo Z7 210351A77E51A' is selected.
15:12:29 INFO  : 'jtag frequency' command is executed.
15:12:29 INFO  : Sourcing of 'Q:/lectureADC/lectureADC.sdk/Top_hw_platform_0/ps7_init.tcl' is done.
15:12:29 INFO  : Context for 'APU' is selected.
15:12:31 INFO  : Hardware design information is loaded from 'Q:/lectureADC/lectureADC.sdk/Top_hw_platform_0/system.hdf'.
15:12:31 INFO  : 'configparams force-mem-access 1' command is executed.
15:12:31 INFO  : Context for 'APU' is selected.
15:12:31 INFO  : 'stop' command is executed.
15:12:32 INFO  : 'ps7_init' command is executed.
15:12:32 INFO  : 'ps7_post_config' command is executed.
15:12:32 INFO  : Context for processor 'ps7_cortexa9_0' is selected.
15:12:32 INFO  : Processor reset is completed for 'ps7_cortexa9_0'.
15:12:32 INFO  : Context for processor 'ps7_cortexa9_0' is selected.
15:12:32 INFO  : The application 'Q:/lectureADC/lectureADC.sdk/ExempleAD1/Debug/ExempleAD1.elf' is downloaded to processor 'ps7_cortexa9_0'.
15:12:32 INFO  : 'configparams force-mem-access 0' command is executed.
15:12:32 INFO  : ----------------XSDB Script----------------
connect -url tcp:127.0.0.1:3121
source Q:/lectureADC/lectureADC.sdk/Top_hw_platform_0/ps7_init.tcl
targets -set -nocase -filter {name =~"APU*" && jtag_cable_name =~ "Digilent Zybo Z7 210351A77E51A"} -index 0
loadhw -hw Q:/lectureADC/lectureADC.sdk/Top_hw_platform_0/system.hdf -mem-ranges [list {0x40000000 0xbfffffff}]
configparams force-mem-access 1
targets -set -nocase -filter {name =~"APU*" && jtag_cable_name =~ "Digilent Zybo Z7 210351A77E51A"} -index 0
stop
ps7_init
ps7_post_config
targets -set -nocase -filter {name =~ "ARM*#0" && jtag_cable_name =~ "Digilent Zybo Z7 210351A77E51A"} -index 0
rst -processor
targets -set -nocase -filter {name =~ "ARM*#0" && jtag_cable_name =~ "Digilent Zybo Z7 210351A77E51A"} -index 0
dow Q:/lectureADC/lectureADC.sdk/ExempleAD1/Debug/ExempleAD1.elf
configparams force-mem-access 0
----------------End of Script----------------

15:12:32 INFO  : Memory regions updated for context APU
15:12:32 INFO  : Context for processor 'ps7_cortexa9_0' is selected.
15:12:32 INFO  : 'con' command is executed.
15:12:32 INFO  : ----------------XSDB Script (After Launch)----------------
targets -set -nocase -filter {name =~ "ARM*#0" && jtag_cable_name =~ "Digilent Zybo Z7 210351A77E51A"} -index 0
con
----------------End of Script----------------

15:12:32 INFO  : Launch script is exported to file 'Q:\lectureADC\lectureADC.sdk\.sdk\launch_scripts\xilinx_c-c++_application_(system_debugger)\system_debugger_using_debug_exemplead1.elf_on_local.tcl'
15:18:50 INFO  : Disconnected from the channel tcfchan#3.
11:08:17 INFO  : Launching XSCT server: xsct.bat -interactive D:\Documents\School\UdeS-S4\Projet\projects\ADC\lectureADC\lectureADC.sdk\temp_xsdb_launch_script.tcl
11:08:24 INFO  : XSCT server has started successfully.
11:08:46 INFO  : Successfully done setting XSCT server connection channel  
11:08:46 INFO  : Successfully done setting SDK workspace  
11:09:07 INFO  : Registering command handlers for SDK TCF services
11:09:07 INFO  : Processing command line option -hwspec D:/Documents/School/UdeS-S4/Projet/projects/ADC/lectureADC/lectureADC.sdk/Top.hdf.
11:19:48 INFO  : Launching XSCT server: xsct.bat -interactive C:\Users\raf_0\Desktop\ADC\lectureADC\lectureADC.sdk\temp_xsdb_launch_script.tcl
11:19:52 INFO  : XSCT server has started successfully.
11:19:53 INFO  : Successfully done setting XSCT server connection channel  
11:19:53 INFO  : Successfully done setting SDK workspace  
11:20:08 INFO  : Registering command handlers for SDK TCF services
11:20:08 INFO  : Processing command line option -hwspec C:/Users/raf_0/Desktop/ADC/lectureADC/lectureADC.sdk/Top.hdf.
11:21:28 INFO  : 'targets -set -filter {jtag_cable_name =~ "Digilent Zybo Z7 210351A77E4EA" && level==0} -index 1' command is executed.
11:21:28 INFO  : 'fpga -state' command is executed.
11:21:28 INFO  : Connected to target on host '127.0.0.1' and port '3121'.
11:21:29 INFO  : Jtag cable 'Digilent Zybo Z7 210351A77E4EA' is selected.
11:21:29 INFO  : 'jtag frequency' command is executed.
11:21:29 INFO  : Sourcing of 'C:/Users/raf_0/Desktop/ADC/lectureADC/lectureADC.sdk/Top_hw_platform_0/ps7_init.tcl' is done.
11:21:29 INFO  : Context for 'APU' is selected.
11:21:29 INFO  : Hardware design information is loaded from 'C:/Users/raf_0/Desktop/ADC/lectureADC/lectureADC.sdk/Top_hw_platform_0/system.hdf'.
11:21:29 INFO  : 'configparams force-mem-access 1' command is executed.
11:21:29 INFO  : Context for 'APU' is selected.
11:21:29 INFO  : 'stop' command is executed.
11:21:31 INFO  : 'ps7_init' command is executed.
11:21:31 INFO  : 'ps7_post_config' command is executed.
11:21:31 INFO  : Context for processor 'ps7_cortexa9_0' is selected.
11:21:31 INFO  : Processor reset is completed for 'ps7_cortexa9_0'.
11:21:31 INFO  : Context for processor 'ps7_cortexa9_0' is selected.
11:21:31 INFO  : The application 'C:/Users/raf_0/Desktop/ADC/lectureADC/lectureADC.sdk/ExempleAD1/Debug/ExempleAD1.elf' is downloaded to processor 'ps7_cortexa9_0'.
11:21:31 INFO  : 'configparams force-mem-access 0' command is executed.
11:21:31 INFO  : ----------------XSDB Script----------------
connect -url tcp:127.0.0.1:3121
source C:/Users/raf_0/Desktop/ADC/lectureADC/lectureADC.sdk/Top_hw_platform_0/ps7_init.tcl
targets -set -nocase -filter {name =~"APU*" && jtag_cable_name =~ "Digilent Zybo Z7 210351A77E4EA"} -index 0
loadhw -hw C:/Users/raf_0/Desktop/ADC/lectureADC/lectureADC.sdk/Top_hw_platform_0/system.hdf -mem-ranges [list {0x40000000 0xbfffffff}]
configparams force-mem-access 1
targets -set -nocase -filter {name =~"APU*" && jtag_cable_name =~ "Digilent Zybo Z7 210351A77E4EA"} -index 0
stop
ps7_init
ps7_post_config
targets -set -nocase -filter {name =~ "ARM*#0" && jtag_cable_name =~ "Digilent Zybo Z7 210351A77E4EA"} -index 0
rst -processor
targets -set -nocase -filter {name =~ "ARM*#0" && jtag_cable_name =~ "Digilent Zybo Z7 210351A77E4EA"} -index 0
dow C:/Users/raf_0/Desktop/ADC/lectureADC/lectureADC.sdk/ExempleAD1/Debug/ExempleAD1.elf
configparams force-mem-access 0
----------------End of Script----------------

11:21:32 INFO  : Memory regions updated for context APU
11:21:32 INFO  : Context for processor 'ps7_cortexa9_0' is selected.
11:21:32 INFO  : 'con' command is executed.
11:21:32 INFO  : ----------------XSDB Script (After Launch)----------------
targets -set -nocase -filter {name =~ "ARM*#0" && jtag_cable_name =~ "Digilent Zybo Z7 210351A77E4EA"} -index 0
con
----------------End of Script----------------

11:21:32 INFO  : Launch script is exported to file 'C:\Users\raf_0\Desktop\ADC\lectureADC\lectureADC.sdk\.sdk\launch_scripts\xilinx_c-c++_application_(system_debugger)\system_debugger_using_debug_exemplead1.elf_on_local.tcl'
11:23:24 INFO  : Disconnected from the channel tcfchan#1.
11:23:43 INFO  : Launching XSCT server: xsct.bat -interactive C:\Users\raf_0\Desktop\ADC\lectureADC\lectureADC.sdk\temp_xsdb_launch_script.tcl
11:23:46 INFO  : XSCT server has started successfully.
11:23:46 INFO  : Successfully done setting XSCT server connection channel  
11:23:46 INFO  : Successfully done setting SDK workspace  
11:23:54 INFO  : Registering command handlers for SDK TCF services
11:23:54 INFO  : Processing command line option -hwspec C:/Users/raf_0/Desktop/ADC/lectureADC/lectureADC.sdk/Top.hdf.
11:23:55 INFO  : Checking for hwspec changes in the project Top_hw_platform_2.
11:24:06 INFO  : 'targets -set -filter {jtag_cable_name =~ "Digilent Zybo Z7 210351A77E4EA" && level==0} -index 1' command is executed.
11:24:06 INFO  : 'fpga -state' command is executed.
11:24:06 INFO  : Connected to target on host '127.0.0.1' and port '3121'.
11:24:07 INFO  : Jtag cable 'Digilent Zybo Z7 210351A77E4EA' is selected.
11:24:07 INFO  : 'jtag frequency' command is executed.
11:24:07 INFO  : Sourcing of 'C:/Users/raf_0/Desktop/ADC/lectureADC/lectureADC.sdk/Top_hw_platform_0/ps7_init.tcl' is done.
11:24:07 INFO  : Context for 'APU' is selected.
11:24:07 INFO  : Hardware design information is loaded from 'C:/Users/raf_0/Desktop/ADC/lectureADC/lectureADC.sdk/Top_hw_platform_0/system.hdf'.
11:24:07 INFO  : 'configparams force-mem-access 1' command is executed.
11:24:07 INFO  : Context for 'APU' is selected.
11:24:07 INFO  : 'stop' command is executed.
11:24:08 INFO  : 'ps7_init' command is executed.
11:24:08 INFO  : 'ps7_post_config' command is executed.
11:24:08 INFO  : Context for processor 'ps7_cortexa9_0' is selected.
11:24:08 INFO  : Processor reset is completed for 'ps7_cortexa9_0'.
11:24:08 INFO  : Context for processor 'ps7_cortexa9_0' is selected.
11:24:09 INFO  : The application 'C:/Users/raf_0/Desktop/ADC/lectureADC/lectureADC.sdk/ExempleAD1/Debug/ExempleAD1.elf' is downloaded to processor 'ps7_cortexa9_0'.
11:24:09 INFO  : 'configparams force-mem-access 0' command is executed.
11:24:09 INFO  : ----------------XSDB Script----------------
connect -url tcp:127.0.0.1:3121
source C:/Users/raf_0/Desktop/ADC/lectureADC/lectureADC.sdk/Top_hw_platform_0/ps7_init.tcl
targets -set -nocase -filter {name =~"APU*" && jtag_cable_name =~ "Digilent Zybo Z7 210351A77E4EA"} -index 0
loadhw -hw C:/Users/raf_0/Desktop/ADC/lectureADC/lectureADC.sdk/Top_hw_platform_0/system.hdf -mem-ranges [list {0x40000000 0xbfffffff}]
configparams force-mem-access 1
targets -set -nocase -filter {name =~"APU*" && jtag_cable_name =~ "Digilent Zybo Z7 210351A77E4EA"} -index 0
stop
ps7_init
ps7_post_config
targets -set -nocase -filter {name =~ "ARM*#0" && jtag_cable_name =~ "Digilent Zybo Z7 210351A77E4EA"} -index 0
rst -processor
targets -set -nocase -filter {name =~ "ARM*#0" && jtag_cable_name =~ "Digilent Zybo Z7 210351A77E4EA"} -index 0
dow C:/Users/raf_0/Desktop/ADC/lectureADC/lectureADC.sdk/ExempleAD1/Debug/ExempleAD1.elf
configparams force-mem-access 0
----------------End of Script----------------

11:24:09 INFO  : Memory regions updated for context APU
11:24:09 INFO  : Context for processor 'ps7_cortexa9_0' is selected.
11:24:09 INFO  : 'con' command is executed.
11:24:09 INFO  : ----------------XSDB Script (After Launch)----------------
targets -set -nocase -filter {name =~ "ARM*#0" && jtag_cable_name =~ "Digilent Zybo Z7 210351A77E4EA"} -index 0
con
----------------End of Script----------------

11:24:09 INFO  : Launch script is exported to file 'C:\Users\raf_0\Desktop\ADC\lectureADC\lectureADC.sdk\.sdk\launch_scripts\xilinx_c-c++_application_(system_debugger)\system_debugger_using_debug_exemplead1.elf_on_local.tcl'
13:35:49 INFO  : Disconnected from the channel tcfchan#1.
13:59:09 INFO  : Registering command handlers for SDK TCF services
13:59:10 INFO  : Launching XSCT server: xsct.bat -interactive C:\Users\raf_0\Desktop\ADC\lectureADC\lectureADC.sdk\temp_xsdb_launch_script.tcl
13:59:16 INFO  : XSCT server has started successfully.
13:59:16 INFO  : Successfully done setting XSCT server connection channel  
13:59:21 INFO  : Successfully done setting SDK workspace  
13:59:21 INFO  : Processing command line option -hwspec C:/Users/raf_0/Desktop/ADC/lectureADC/lectureADC.sdk/Top.hdf.
13:59:21 INFO  : Checking for hwspec changes in the project Top_hw_platform_2.
21:07:11 INFO  : Launching XSCT server: xsct.bat -interactive C:\Users\raf_0\Desktop\ADC\lectureADC\lectureADC.sdk\temp_xsdb_launch_script.tcl
21:07:15 INFO  : XSCT server has started successfully.
21:07:24 INFO  : Successfully done setting XSCT server connection channel  
21:07:24 INFO  : Successfully done setting SDK workspace  
21:07:27 INFO  : Registering command handlers for SDK TCF services
21:07:29 INFO  : Processing command line option -hwspec C:/Users/raf_0/Desktop/ADC/lectureADC/lectureADC.sdk/Top.hdf.
21:07:29 INFO  : Checking for hwspec changes in the project Top_hw_platform_2.
21:07:29 INFO  : SDK has detected change in the last modified timestamps for source hardware specification file Source:1553734927517,  Project:1550776088000
21:07:29 INFO  : The hardware specification for project 'Top_hw_platform_2' is different from C:/Users/raf_0/Desktop/ADC/lectureADC/lectureADC.sdk/Top.hdf.
21:07:36 INFO  : Copied contents of C:/Users/raf_0/Desktop/ADC/lectureADC/lectureADC.sdk/Top.hdf into \Top_hw_platform_2\system.hdf.
21:07:43 INFO  : Synchronizing projects in the workspace with the hardware platform specification changes.
21:07:46 INFO  : Clearing existing target manager status.
21:07:46 INFO  : Workspace synchronized with the new hardware specification file. Cleaning dependent projects...
21:07:46 WARN  : Linker script will not be updated automatically. Users need to update it manually.
21:12:35 INFO  : Launching XSCT server: xsct.bat -interactive C:\Users\raf_0\Desktop\ADC\lectureADC\lectureADC.sdk\temp_xsdb_launch_script.tcl
21:12:38 INFO  : XSCT server has started successfully.
21:12:38 INFO  : Successfully done setting XSCT server connection channel  
21:12:38 INFO  : Successfully done setting SDK workspace  
21:12:48 INFO  : Registering command handlers for SDK TCF services
21:12:48 INFO  : Processing command line option -hwspec C:/Users/raf_0/Desktop/ADC/lectureADC/lectureADC.sdk/Top.hdf.
21:12:49 INFO  : Checking for hwspec changes in the project Top_hw_platform_2.
21:16:44 INFO  : Launching XSCT server: xsct.bat -interactive C:\Users\raf_0\Desktop\ADC\lectureADC\lectureADC.sdk\temp_xsdb_launch_script.tcl
21:16:47 INFO  : XSCT server has started successfully.
21:16:48 INFO  : Successfully done setting XSCT server connection channel  
21:16:48 INFO  : Successfully done setting SDK workspace  
21:16:50 INFO  : Registering command handlers for SDK TCF services
21:16:50 INFO  : Processing command line option -hwspec C:/Users/raf_0/Desktop/ADC/lectureADC/lectureADC.sdk/Top.hdf.
21:38:53 ERROR : Failed to regenerate sources for BSP project ExempleAD1_bsp
org.eclipse.core.internal.resources.ResourceException: Problems encountered while deleting resources.
	at org.eclipse.core.internal.resources.Resource.delete(Resource.java:795)
	at org.eclipse.core.internal.resources.Resource.delete(Resource.java:750)
	at com.xilinx.sdk.sw.ui.handlers.RegenBspSourcesHandler.internalGenerateBsp(RegenBspSourcesHandler.java:170)
	at com.xilinx.sdk.sw.ui.handlers.RegenBspSourcesHandler.access$2(RegenBspSourcesHandler.java:163)
	at com.xilinx.sdk.sw.ui.handlers.RegenBspSourcesHandler$1$1.run(RegenBspSourcesHandler.java:131)
	at org.eclipse.core.internal.resources.Workspace.run(Workspace.java:2240)
	at org.eclipse.core.internal.resources.Workspace.run(Workspace.java:2267)
	at com.xilinx.sdk.sw.ui.handlers.RegenBspSourcesHandler$1.run(RegenBspSourcesHandler.java:135)
	at org.eclipse.jface.operation.ModalContext$ModalContextThread.run(ModalContext.java:119)
Contains: Could not delete '/ExempleAD1_bsp/ps7_cortexa9_0'.
org.eclipse.core.internal.resources.ResourceException: Problems encountered while deleting resources.
	at org.eclipse.core.internal.localstore.FileSystemResourceManager.delete(FileSystemResourceManager.java:370)
	at org.eclipse.core.internal.resources.ResourceTree.internalDeleteFolder(ResourceTree.java:358)
	at org.eclipse.core.internal.resources.ResourceTree.standardDeleteFolder(ResourceTree.java:810)
	at org.eclipse.core.internal.resources.Resource.unprotectedDelete(Resource.java:1832)
	at org.eclipse.core.internal.resources.Resource.delete(Resource.java:782)
	at org.eclipse.core.internal.resources.Resource.delete(Resource.java:750)
	at com.xilinx.sdk.sw.ui.handlers.RegenBspSourcesHandler.internalGenerateBsp(RegenBspSourcesHandler.java:170)
	at com.xilinx.sdk.sw.ui.handlers.RegenBspSourcesHandler.access$2(RegenBspSourcesHandler.java:163)
	at com.xilinx.sdk.sw.ui.handlers.RegenBspSourcesHandler$1$1.run(RegenBspSourcesHandler.java:131)
	at org.eclipse.core.internal.resources.Workspace.run(Workspace.java:2240)
	at org.eclipse.core.internal.resources.Workspace.run(Workspace.java:2267)
	at com.xilinx.sdk.sw.ui.handlers.RegenBspSourcesHandler$1.run(RegenBspSourcesHandler.java:135)
	at org.eclipse.jface.operation.ModalContext$ModalContextThread.run(ModalContext.java:119)
Contains: Problems encountered while deleting files.
Contains: Could not delete: C:\Users\raf_0\Desktop\ADC\lectureADC\lectureADC.sdk\ExempleAD1_bsp\ps7_cortexa9_0.
java.nio.file.DirectoryNotEmptyException: C:\Users\raf_0\Desktop\ADC\lectureADC\lectureADC.sdk\ExempleAD1_bsp\ps7_cortexa9_0
	at sun.nio.fs.WindowsFileSystemProvider.implDelete(WindowsFileSystemProvider.java:266)
	at sun.nio.fs.AbstractFileSystemProvider.deleteIfExists(AbstractFileSystemProvider.java:108)
	at java.nio.file.Files.deleteIfExists(Files.java:1165)
	at org.eclipse.core.internal.filesystem.local.LocalFile.internalDelete(LocalFile.java:243)
	at org.eclipse.core.internal.filesystem.local.LocalFile.delete(LocalFile.java:136)
	at org.eclipse.core.internal.localstore.DeleteVisitor.delete(DeleteVisitor.java:63)
	at org.eclipse.core.internal.localstore.DeleteVisitor.visit(DeleteVisitor.java:151)
	at org.eclipse.core.internal.localstore.UnifiedTree.accept(UnifiedTree.java:111)
	at org.eclipse.core.internal.localstore.FileSystemResourceManager.delete(FileSystemResourceManager.java:367)
	at org.eclipse.core.internal.resources.ResourceTree.internalDeleteFolder(ResourceTree.java:358)
	at org.eclipse.core.internal.resources.ResourceTree.standardDeleteFolder(ResourceTree.java:810)
	at org.eclipse.core.internal.resources.Resource.unprotectedDelete(Resource.java:1832)
	at org.eclipse.core.internal.resources.Resource.delete(Resource.java:782)
	at org.eclipse.core.internal.resources.Resource.delete(Resource.java:750)
	at com.xilinx.sdk.sw.ui.handlers.RegenBspSourcesHandler.internalGenerateBsp(RegenBspSourcesHandler.java:170)
	at com.xilinx.sdk.sw.ui.handlers.RegenBspSourcesHandler.access$2(RegenBspSourcesHandler.java:163)
	at com.xilinx.sdk.sw.ui.handlers.RegenBspSourcesHandler$1$1.run(RegenBspSourcesHandler.java:131)
	at org.eclipse.core.internal.resources.Workspace.run(Workspace.java:2240)
	at org.eclipse.core.internal.resources.Workspace.run(Workspace.java:2267)
	at com.xilinx.sdk.sw.ui.handlers.RegenBspSourcesHandler$1.run(RegenBspSourcesHandler.java:135)
	at org.eclipse.jface.operation.ModalContext$ModalContextThread.run(ModalContext.java:119)
21:51:33 INFO  : Registering command handlers for SDK TCF services
21:51:34 INFO  : Launching XSCT server: xsct.bat -interactive C:\Users\raf_0\Desktop\ADC\lectureADC\lectureADC.sdk\temp_xsdb_launch_script.tcl
21:51:38 INFO  : XSCT server has started successfully.
21:51:39 INFO  : Successfully done setting XSCT server connection channel  
21:51:39 INFO  : Processing command line option -hwspec C:/Users/raf_0/Desktop/ADC/lectureADC/lectureADC.sdk/Top.hdf.
21:51:39 INFO  : Successfully done setting SDK workspace  
22:31:35 INFO  : Connected to target on host '127.0.0.1' and port '3121'.
22:31:37 INFO  : 'targets -set -filter {jtag_cable_name =~ "Digilent Zybo Z7 210351A77E4EA" && level==0} -index 1' command is executed.
22:31:39 INFO  : FPGA configured successfully with bitstream "C:/Users/raf_0/Desktop/ADC/lectureADC/lectureADC.sdk/Top_hw_platform_0/Top.bit"
22:31:52 INFO  : 'targets -set -filter {jtag_cable_name =~ "Digilent Zybo Z7 210351A77E4EA" && level==0} -index 1' command is executed.
22:31:52 INFO  : 'fpga -state' command is executed.
22:31:52 INFO  : Connected to target on host '127.0.0.1' and port '3121'.
22:31:53 INFO  : Jtag cable 'Digilent Zybo Z7 210351A77E4EA' is selected.
22:31:53 INFO  : 'jtag frequency' command is executed.
22:31:53 INFO  : Sourcing of 'C:/Users/raf_0/Desktop/ADC/lectureADC/lectureADC.sdk/Top_hw_platform_0/ps7_init.tcl' is done.
22:31:53 INFO  : Context for 'APU' is selected.
22:31:53 INFO  : Hardware design information is loaded from 'C:/Users/raf_0/Desktop/ADC/lectureADC/lectureADC.sdk/Top_hw_platform_0/system.hdf'.
22:31:53 INFO  : 'configparams force-mem-access 1' command is executed.
22:31:53 INFO  : Context for 'APU' is selected.
22:31:53 INFO  : 'stop' command is executed.
22:31:53 INFO  : 'ps7_init' command is executed.
22:31:53 INFO  : 'ps7_post_config' command is executed.
22:31:53 INFO  : Context for processor 'ps7_cortexa9_0' is selected.
22:31:54 INFO  : Processor reset is completed for 'ps7_cortexa9_0'.
22:31:54 INFO  : Context for processor 'ps7_cortexa9_0' is selected.
22:31:54 INFO  : The application 'C:/Users/raf_0/Desktop/ADC/lectureADC/lectureADC.sdk/ExempleAD1/Debug/ExempleAD1.elf' is downloaded to processor 'ps7_cortexa9_0'.
22:31:54 INFO  : 'configparams force-mem-access 0' command is executed.
22:31:54 INFO  : ----------------XSDB Script----------------
connect -url tcp:127.0.0.1:3121
source C:/Users/raf_0/Desktop/ADC/lectureADC/lectureADC.sdk/Top_hw_platform_0/ps7_init.tcl
targets -set -nocase -filter {name =~"APU*" && jtag_cable_name =~ "Digilent Zybo Z7 210351A77E4EA"} -index 0
loadhw -hw C:/Users/raf_0/Desktop/ADC/lectureADC/lectureADC.sdk/Top_hw_platform_0/system.hdf -mem-ranges [list {0x40000000 0xbfffffff}]
configparams force-mem-access 1
targets -set -nocase -filter {name =~"APU*" && jtag_cable_name =~ "Digilent Zybo Z7 210351A77E4EA"} -index 0
stop
ps7_init
ps7_post_config
targets -set -nocase -filter {name =~ "ARM*#0" && jtag_cable_name =~ "Digilent Zybo Z7 210351A77E4EA"} -index 0
rst -processor
targets -set -nocase -filter {name =~ "ARM*#0" && jtag_cable_name =~ "Digilent Zybo Z7 210351A77E4EA"} -index 0
dow C:/Users/raf_0/Desktop/ADC/lectureADC/lectureADC.sdk/ExempleAD1/Debug/ExempleAD1.elf
configparams force-mem-access 0
----------------End of Script----------------

22:31:54 INFO  : Memory regions updated for context APU
22:31:55 INFO  : Context for processor 'ps7_cortexa9_0' is selected.
22:31:55 INFO  : 'con' command is executed.
22:31:55 INFO  : ----------------XSDB Script (After Launch)----------------
targets -set -nocase -filter {name =~ "ARM*#0" && jtag_cable_name =~ "Digilent Zybo Z7 210351A77E4EA"} -index 0
con
----------------End of Script----------------

22:31:55 INFO  : Launch script is exported to file 'C:\Users\raf_0\Desktop\ADC\lectureADC\lectureADC.sdk\.sdk\launch_scripts\xilinx_c-c++_application_(system_debugger)\system_debugger_using_debug_exemplead1.elf_on_local.tcl'
22:45:10 INFO  : Disconnected from the channel tcfchan#1.
