#-----------------------------------------------------------
# Vivado v2018.2 (64-bit)
# SW Build 2258646 on Thu Jun 14 20:03:12 MDT 2018
# IP Build 2256618 on Thu Jun 14 22:10:49 MDT 2018
# Start of session at: Tue Mar 19 15:54:14 2019
# Process ID: 10948
# Current directory: C:/Users/ArcticWalrus/Documents/GitHub/Projet-S4/assembleur_ergonomie/Demo2
# Command line: vivado.exe -gui_launcher_event rodinguilauncherevent51128 C:\Users\ArcticWalrus\Documents\GitHub\Projet-S4\assembleur_ergonomie\Demo2\Demo2.xpr
# Log file: C:/Users/ArcticWalrus/Documents/GitHub/Projet-S4/assembleur_ergonomie/Demo2/vivado.log
# Journal file: C:/Users/ArcticWalrus/Documents/GitHub/Projet-S4/assembleur_ergonomie/Demo2\vivado.jou
#-----------------------------------------------------------
start_gui
open_project C:/Users/ArcticWalrus/Documents/GitHub/Projet-S4/assembleur_ergonomie/Demo2/Demo2.xpr
INFO: [Project 1-313] Project file moved from 'C:/ZYBO/FichiersAtelier4Picoblaze/Demo2' since last save.
Scanning sources...
Finished scanning sources
WARNING: [filemgmt 56-2] IP Repository Path: Could not find the directory 'C:/Users/ArcticWalrus/Documents/GitHub/Projet-S4/Work-2018.2/vivado-library-2018.2-1', nor could it be found using path 'C:/ZYBO/Work-2018.2/vivado-library-2018.2-1'.
WARNING: [filemgmt 56-2] IPUserFilesDir: Could not find the directory 'C:/Users/ArcticWalrus/Documents/GitHub/Projet-S4/assembleur_ergonomie/Demo2/Demo2.ip_user_files', nor could it be found using path 'C:/ZYBO/FichiersAtelier4Picoblaze/Demo2/Demo2.ip_user_files'.
INFO: [IP_Flow 19-234] Refreshing IP repositories
WARNING: [IP_Flow 19-2248] Failed to load user IP repository 'c:/Users/ArcticWalrus/Documents/GitHub/Projet-S4/Work-2018.2/vivado-library-2018.2-1'; Can't find the specified path.
If this directory should no longer be in your list of user repositories, go to the IP Settings dialog and remove it.
INFO: [IP_Flow 19-2313] Loaded Vivado IP repository 'C:/Xilinx/Vivado/2018.2/data/ip'.
open_project: Time (s): cpu = 00:00:15 ; elapsed = 00:00:31 . Memory (MB): peak = 738.813 ; gain = 43.188
update_compile_order -fileset sources_1
close_project
exit
INFO: [Common 17-206] Exiting Vivado at Tue Mar 19 19:12:54 2019...
