#-----------------------------------------------------------
# Vivado v2018.2 (64-bit)
# SW Build 2258646 on Thu Jun 14 20:03:12 MDT 2018
# IP Build 2256618 on Thu Jun 14 22:10:49 MDT 2018
# Start of session at: Sat Mar 23 16:14:10 2019
# Process ID: 9624
# Current directory: D:/OneDrive - USherbrooke/SESSIONS/S4/Projet/Atelier3_Oli/ADC/ip_repo
# Command line: vivado.exe -gui_launcher_event rodinguilauncherevent24632 D:\OneDrive - USherbrooke\SESSIONS\S4\Projet\Atelier3_Oli\ADC\ip_repo\edit_myip_v1_0.xpr
# Log file: D:/OneDrive - USherbrooke/SESSIONS/S4/Projet/Atelier3_Oli/ADC/ip_repo/vivado.log
# Journal file: D:/OneDrive - USherbrooke/SESSIONS/S4/Projet/Atelier3_Oli/ADC/ip_repo\vivado.jou
#-----------------------------------------------------------
start_gui
open_project {D:/OneDrive - USherbrooke/SESSIONS/S4/Projet/Atelier3_Oli/ADC/ip_repo/edit_myip_v1_0.xpr}
INFO: [Project 1-313] Project file moved from 'q:/ip_repo' since last save.
Scanning sources...
Finished scanning sources
WARNING: [filemgmt 56-3] IP Repository Path: Could not find the directory 'c:/Users/demo1701/Downloads/FichiersAtelier1/Pmod_vivado-library-2018.2-1'.
INFO: [IP_Flow 19-234] Refreshing IP repositories
INFO: [IP_Flow 19-1700] Loaded user IP repository 'd:/OneDrive - USherbrooke/SESSIONS/S4/Projet/Atelier3_Oli/ADC/ip_repo/myip_1.0'.
WARNING: [IP_Flow 19-2207] Repository 'd:/OneDrive - USherbrooke/SESSIONS/S4/Projet/Atelier3_Oli/ADC/ip_repo/myip_1.0' already exists; ignoring attempt to add it again.
INFO: [IP_Flow 19-1700] Loaded user IP repository 'd:/OneDrive - USherbrooke/SESSIONS/S4/Projet/Atelier3_Oli/ADC/ip_repo/myip_1.0'.
WARNING: [IP_Flow 19-2248] Failed to load user IP repository 'c:/Users/demo1701/Downloads/FichiersAtelier1/Pmod_vivado-library-2018.2-1'; Can't find the specified path.
If this directory should no longer be in your list of user repositories, go to the IP Settings dialog and remove it.
INFO: [IP_Flow 19-2313] Loaded Vivado IP repository 'C:/Xilinx/Vivado/2018.2/data/ip'.
update_compile_order -fileset sources_1
exit
INFO: [Common 17-206] Exiting Vivado at Sat Mar 23 16:15:00 2019...
