11:18:01 **** Incremental Build of configuration Debug for project imu_c ****
make pre-build main-build 
a9-linaro-pre-build-step
' '
make: Rien à faire pour « main-build ».
11:18:19 **** Incremental Build of configuration Debug for project imu_c ****
make pre-build main-build 
a9-linaro-pre-build-step
' '
make: Rien à faire pour « main-build ».
11:18:30 **** Incremental Build of configuration Debug for project imu_c ****
make pre-build main-build 
a9-linaro-pre-build-step
' '
make: Rien à faire pour « main-build ».
11:18:48 **** Incremental Build of configuration Debug for project imu_c ****
make pre-build main-build 
a9-linaro-pre-build-step
' '
make: Rien à faire pour « main-build ».
11:21:03 **** Incremental Build of configuration Debug for project imu_c ****
make pre-build main-build 
a9-linaro-pre-build-step
' '
make: Rien à faire pour « main-build ».
11:22:56 **** Incremental Build of configuration Debug for project imu_c ****
make pre-build main-build 
a9-linaro-pre-build-step
' '
make: Rien à faire pour « main-build ».
11:24:56 **** Incremental Build of configuration Debug for project imu_c ****
make pre-build main-build 
a9-linaro-pre-build-step
' '
make: Rien à faire pour « main-build ».
11:26:18 **** Incremental Build of configuration Debug for project imu_c ****
make pre-build main-build 
a9-linaro-pre-build-step
' '
make: Rien à faire pour « main-build ».
