11:15:35 **** Auto Build of configuration Debug for project imu_c ****
make pre-build main-build 
a9-linaro-pre-build-step
' '
'Building file: ../src/main.c'
'Invoking: ARM v7 gcc compiler'
arm-none-eabi-gcc -Wall -O0 -g3 -c -fmessage-length=0 -MT"src/main.o" -mcpu=cortex-a9 -mfpu=vfpv3 -mfloat-abi=hard -I../../imu_c_bsp/ps7_cortexa9_0/include -MMD -MP -MF"src/main.d" -MT"src/main.o" -o "src/main.o" "../src/main.c"
'Finished building: ../src/main.c'
' '
'Building target: imu_c.elf'
'Invoking: ARM v7 gcc linker'
arm-none-eabi-gcc -mcpu=cortex-a9 -mfpu=vfpv3 -mfloat-abi=hard -Wl,-build-id=none -specs=Xilinx.spec -Wl,-T -Wl,../src/lscript.ld -L../../imu_c_bsp/ps7_cortexa9_0/lib -o "imu_c.elf"  ./src/IMU_Functions.o ./src/main.o   -Wl,--start-group,-lxil,-lgcc,-lc,--end-group
'Finished building target: imu_c.elf'
' '
'Invoking: ARM v7 Print Size'
arm-none-eabi-size imu_c.elf  |tee "imu_c.elf.size"
   text	   data	    bss	    dec	    hex	filename
  99828	   2592	  23472	 125892	  1ebc4	imu_c.elf
'Finished building: imu_c.elf.size'
' '

11:15:37 Build Finished (took 2s.403ms)

