15:08:26 **** Incremental Build of configuration Debug for project serveur_http ****
make pre-build main-build 
a9-linaro-pre-build-step
' '
make: Rien à faire pour « main-build ».
15:11:06 **** Incremental Build of configuration Debug for project serveur_http ****
make pre-build main-build 
a9-linaro-pre-build-step
' '
make: Rien à faire pour « main-build ».
15:11:42 **** Incremental Build of configuration Debug for project serveur_http ****
make pre-build main-build 
a9-linaro-pre-build-step
' '
make: Rien à faire pour « main-build ».
15:13:31 **** Incremental Build of configuration Debug for project serveur_http ****
make pre-build main-build 
a9-linaro-pre-build-step
' '
make: Rien à faire pour « main-build ».
15:13:32 **** Incremental Build of configuration Debug for project serveur_http ****
make pre-build main-build 
a9-linaro-pre-build-step
' '
make: Rien à faire pour « main-build ».
15:13:39 **** Incremental Build of configuration Debug for project serveur_http ****
make pre-build main-build 
a9-linaro-pre-build-step
' '
make: Rien à faire pour « main-build ».
15:15:41 **** Incremental Build of configuration Debug for project serveur_http ****
make pre-build main-build 
a9-linaro-pre-build-step
' '
make: Rien à faire pour « main-build ».
15:17:19 **** Incremental Build of configuration Debug for project serveur_http ****
make pre-build main-build 
a9-linaro-pre-build-step
' '
make: Rien à faire pour « main-build ».
