KCPSM6 Assembler log file for program 'C:\ZYBO\FichiersAtelier4Picoblaze\Demo2\myProgram.psm'.
Generated by KCPSM6 version v2.70
Ken Chapman - Xilinx Ltd - 16th May 2014

Assembly datestamp: 14 Mar 2019
Assembly timestamp: 12:55:22

Contents
  Assembly listing
  List of PSM files
  List of CONSTANTs
  List of TABLEs
  List of STRINGs
  List of line labels
  Instruction usage statistics


Last occupied address: 023 hex
Nominal program memory size: 1K (1024)   address(9:0)
Actual memory size: 4096
  (Default memory size)
Occupied memory locations: 36
Memory locations available: 4060


Assembly listing

 Addr Code               Instruction

 000                     ; myProgram.psm
 000                     ;
 000                     ; This is the start of 'myProgram' for KCPSM6
 000                     ;
 000                     ;  8-bit LSB d'un échantillon de l'ADC
 000                     CONSTANT ADC_LSB_port, 00
 000                     ;
 000                     ;  4-bit MSB d'un échantillon de l'ADC
 000                     CONSTANT ADC_MSB_port, 01
 000                     ;
 000                     ;
 000                     CONSTANT Echantillon_Pret_Port, 02
 000                     ;
 000                     CONSTANT Echantillon_8bits_Port, 04
 000                     ;
 000                     CONSTANT CptrSeuil_Port, 08
 000                     ;
 000                     ;
 000  01A00        init: LOAD sA, 00
 001  01500              LOAD s5, 00
 002  013FF              LOAD s3, FF
 003  0140F              LOAD s4, 0F
 004                     ;
 004  09002       start: INPUT s0, 02[Echantillon_Pret_Port]
 005  1D000              COMPARE s0, 00
 006  32004              JUMP Z, 004[start]
 007                     ;
 007  09100              INPUT s1, 00[ADC_LSB_port]
 008  09201              INPUT s2, 01[ADC_MSB_port]
 009                     ;
 009  1DA00              COMPARE sA, 00
 00A  32016              JUMP Z, 016[first_time]
 00B                     ;
 00B  1C310              COMPARE s3, s1                        ; compare previous sample stored in [s4,s5] to current sample
 00C  1E420              COMPARECY s4, s2
 00D  32004              JUMP Z, 004[start]
 00E                     ;
 00E  1D1FF              COMPARE s1, FF
 00F  1F20F              COMPARECY s2, 0F
 010  36017              JUMP NZ, 017[copySample]
 011                     ;
 011                     ;
 011  11501       equal: ADD s5, 01                            ; SL1 s5
 012  2D508              OUTPUT s5, 08[CptrSeuil_Port]
 013  1D510              COMPARE s5, 10                        ; reset to 00 if s5 < 0x10. We only use 4 bits
 014  3A017              JUMP C, 017[copySample]
 015  01500              LOAD s5, 00
 016                     ;
 016  01A01  first_time: LOAD sA, 01
 017                     ;
 017  00310  copySample: LOAD s3, s1                           ; store a copy of the current sample LSB
 018  00420              LOAD s4, s2                           ; store a copy of the current sample MSB
 019                     ;
 019  1410E              SR0 s1
 01A  1410E              SR0 s1
 01B  1410E              SR0 s1
 01C  1410E              SR0 s1
 01D                     ;
 01D  14206              SL0 s2
 01E  14206              SL0 s2
 01F  14206              SL0 s2
 020  14206              SL0 s2
 021                     ;
 021  04210              OR s2, s1
 022  2D204              OUTPUT s2, 04[Echantillon_8bits_Port]
 023  22004              JUMP 004[start]


All unused memory locations contain zero (equivalent to 'LOAD s0, s0')



List of PSM files that have been assembled

C:\ZYBO\FichiersAtelier4Picoblaze\Demo2\myProgram.psm



List of defined constants

 CONSTANT name          Value        Source PSM File

 timestamp_hours        12'd         
 timestamp_minutes      55'd         
 timestamp_seconds      22'd         
 datestamp_year         19'd         
 datestamp_month        3'd          
 datestamp_day          14'd         
 NUL                    00           
 BEL                    07           
 BS                     08           
 HT                     09           
 LF                     0A           
 VT                     0B           
 CR                     0D           
 ESC                    1B           
 DEL                    7F           
 DCS                    90           
 ST                     9C           
 ADC_LSB_port           00           myProgram.psm
 ADC_MSB_port           01           myProgram.psm
 Echantillon_Pret_Port  02           myProgram.psm
 Echantillon_8bits_Port 04           myProgram.psm
 CptrSeuil_Port         08           myProgram.psm



No TABLEs defined



List of text strings

 STRING name       String         Source PSM File

 KCPSM6_version$   "v2.70"        
 datestamp$        "14 Mar 2019"  
 timestamp$        "12:55:22"     



List of line labels

   Label        Addr  Source PSM File

 * init         000   myProgram.psm
   start        004   myProgram.psm
 * equal        011   myProgram.psm
   first_time   016   myProgram.psm
   copySample   017   myProgram.psm

      * Line label has not been referenced in any instructions.
        Hint - This may indicate unused code that could be
               removed to reduce the size of this program.



Instruction usage statistics

 Instruction    Instances

 LOAD              8
 STAR              -

 AND               -
 OR                1
 XOR               -

 ADD               1
 ADDCY             -
 SUB               -
 SUBCY             -

 TEST              -
 TESTCY            -
 COMPARE           5
 COMPARECY         2

 SL0               4
 SL1               -
 SLX               -
 SLA               -
 RL                -
 SR0               4
 SR1               -
 SRX               -
 SRA               -
 RR                -

 REGBANK           -

 INPUT             3
 OUTPUT            2
 OUTPUTK           -

 STORE             -
 FETCH             -

 DISABLE           -
 ENABLE            -
 RETURNI           -

 JUMP              6
 JUMP@             -
 CALL              -
 CALL@             -
 RETURN            -
 LOAD&RETURN       -

 HWBUILD           -



End of KCPSM6 log file.
