Copyright 1986-2018 Xilinx, Inc. All Rights Reserved.
------------------------------------------------------------------------------------
| Tool Version : Vivado v.2018.2 (win64) Build 2258646 Thu Jun 14 20:03:12 MDT 2018
| Date         : Wed Mar 27 21:41:55 2019
| Host         : DESKTOP-6BCDJM7 running 64-bit major release  (build 9200)
| Command      : upgrade_ip
| Device       : xc7z010clg400-1
------------------------------------------------------------------------------------

Upgrade Log for IP 'design_1_PmodOLED_0_0'

1. Summary
----------

SUCCESS in the conversion of design_1_PmodOLED_0_0 (digilentinc.com:IP:PmodOLED:1.0 (Rev. 16)) to Vivado generation flows.






Copyright 1986-2018 Xilinx, Inc. All Rights Reserved.
------------------------------------------------------------------------------------
| Tool Version : Vivado v.2018.2 (win64) Build 2258646 Thu Jun 14 20:03:12 MDT 2018
| Date         : Wed Mar 27 21:41:55 2019
| Host         : DESKTOP-6BCDJM7 running 64-bit major release  (build 9200)
| Command      : upgrade_ip
| Device       : xc7z010clg400-1
------------------------------------------------------------------------------------

Upgrade Log for IP 'design_1_PmodGPIO_0_0'

1. Summary
----------

SUCCESS in the conversion of design_1_PmodGPIO_0_0 (digilentinc.com:IP:PmodGPIO:1.0 (Rev. 8)) to Vivado generation flows.

