#-----------------------------------------------------------
# Vivado v2018.2 (64-bit)
# SW Build 2258646 on Thu Jun 14 20:03:12 MDT 2018
# IP Build 2256618 on Thu Jun 14 22:10:49 MDT 2018
# Start of session at: Mon Apr  1 18:50:18 2019
# Process ID: 19524
# Current directory: D:/DEV/Git_Kraken/Velociraptor/Projet-S4/Velociraptor_Project/lectureADC
# Command line: vivado.exe -gui_launcher_event rodinguilauncherevent19912 D:\DEV\Git_Kraken\Velociraptor\Projet-S4\Velociraptor_Project\lectureADC\lectureADC.xpr
# Log file: D:/DEV/Git_Kraken/Velociraptor/Projet-S4/Velociraptor_Project/lectureADC/vivado.log
# Journal file: D:/DEV/Git_Kraken/Velociraptor/Projet-S4/Velociraptor_Project/lectureADC\vivado.jou
#-----------------------------------------------------------
start_gui
open_project D:/DEV/Git_Kraken/Velociraptor/Projet-S4/Velociraptor_Project/lectureADC/lectureADC.xpr
INFO: [Project 1-313] Project file moved from 'C:/Users/raf_0/Documents/Projet_Kraken_Local/Projet-S4/Projet-S4/Velociraptor_Project/lectureADC' since last save.
Scanning sources...
Finished scanning sources
WARNING: [filemgmt 56-2] IP Repository Path: Could not find the directory 'D:/DEV/Git_Kraken/demo1701/Downloads/FichiersAtelier1/Pmod_vivado-library-2018.2-1', nor could it be found using path 'C:/Users/raf_0/Documents/Projet_Kraken_Local/demo1701/Downloads/FichiersAtelier1/Pmod_vivado-library-2018.2-1'.
INFO: [IP_Flow 19-234] Refreshing IP repositories
INFO: [IP_Flow 19-1700] Loaded user IP repository 'd:/DEV/Git_Kraken/Velociraptor/Projet-S4/Velociraptor_Project/ip_repo/myIO_IP_1.0'.
INFO: [IP_Flow 19-1700] Loaded user IP repository 'd:/DEV/Git_Kraken/Velociraptor/Projet-S4/Velociraptor_Project/ip_repo/myip_1.0'.
WARNING: [IP_Flow 19-2248] Failed to load user IP repository 'd:/DEV/Git_Kraken/demo1701/Downloads/FichiersAtelier1/Pmod_vivado-library-2018.2-1'; Can't find the specified path.
If this directory should no longer be in your list of user repositories, go to the IP Settings dialog and remove it.
INFO: [IP_Flow 19-1700] Loaded user IP repository 'd:/DEV/Git_Kraken/Velociraptor/Projet-S4/Velociraptor_Project/Pmod_vivado-library-2018.2-1'.
INFO: [IP_Flow 19-2313] Loaded Vivado IP repository 'C:/Xilinx/Vivado/2018.2/data/ip'.
open_project: Time (s): cpu = 00:00:20 ; elapsed = 00:00:18 . Memory (MB): peak = 801.695 ; gain = 119.273
update_compile_order -fileset sources_1
open_bd_design {D:/DEV/Git_Kraken/Velociraptor/Projet-S4/Velociraptor_Project/lectureADC/lectureADC.srcs/sources_1/bd/design_1/design_1.bd}
Adding cell -- usherbrooke.ca:user:myip:1.0 - myip_0
Adding cell -- xilinx.com:ip:axi_gpio:2.0 - axi_gpio_0
Adding cell -- xilinx.com:ip:axi_gpio:2.0 - axi_gpio_1
Adding cell -- xilinx.com:ip:processing_system7:5.5 - processing_system7_0
Adding cell -- xilinx.com:ip:proc_sys_reset:5.0 - rst_ps7_0_50M
Adding cell -- digilentinc.com:IP:PmodGPIO:1.0 - PmodGPIO_0
Adding cell -- digilentinc.com:IP:PmodOLED:1.0 - PmodOLED_0
Adding cell -- xilinx.com:user:myIO_IP:1.0 - myIO_IP_1
Adding cell -- xilinx.com:user:myIO_IP:1.0 - myIO_IP_2
Adding cell -- xilinx.com:user:myIO_IP:1.0 - myIO_IP_0
Adding cell -- xilinx.com:ip:axi_crossbar:2.1 - xbar
Adding cell -- xilinx.com:ip:axi_protocol_converter:2.1 - auto_pc
Successfully read diagram <design_1> from BD file <D:/DEV/Git_Kraken/Velociraptor/Projet-S4/Velociraptor_Project/lectureADC/lectureADC.srcs/sources_1/bd/design_1/design_1.bd>
launch_sdk -workspace D:/DEV/Git_Kraken/Velociraptor/Projet-S4/Velociraptor_Project/lectureADC/lectureADC.sdk -hwspec D:/DEV/Git_Kraken/Velociraptor/Projet-S4/Velociraptor_Project/lectureADC/lectureADC.sdk/Top.hdf
INFO: [Vivado 12-393] Launching SDK...
INFO: [Vivado 12-417] Running xsdk -workspace D:/DEV/Git_Kraken/Velociraptor/Projet-S4/Velociraptor_Project/lectureADC/lectureADC.sdk -hwspec D:/DEV/Git_Kraken/Velociraptor/Projet-S4/Velociraptor_Project/lectureADC/lectureADC.sdk/Top.hdf
INFO: [Vivado 12-3157] SDK launch initiated. Please check console for any further messages.
reset_run synth_1
launch_runs impl_1 -to_step write_bitstream -jobs 8
[Mon Apr  1 19:07:52 2019] Launched synth_1...
Run output will be captured here: D:/DEV/Git_Kraken/Velociraptor/Projet-S4/Velociraptor_Project/lectureADC/lectureADC.runs/synth_1/runme.log
[Mon Apr  1 19:07:52 2019] Launched impl_1...
Run output will be captured here: D:/DEV/Git_Kraken/Velociraptor/Projet-S4/Velociraptor_Project/lectureADC/lectureADC.runs/impl_1/runme.log
file copy -force D:/DEV/Git_Kraken/Velociraptor/Projet-S4/Velociraptor_Project/lectureADC/lectureADC.runs/impl_1/Top.sysdef D:/DEV/Git_Kraken/Velociraptor/Projet-S4/Velociraptor_Project/lectureADC/lectureADC.sdk/Top.hdf

launch_sdk -workspace D:/DEV/Git_Kraken/Velociraptor/Projet-S4/Velociraptor_Project/lectureADC/lectureADC.sdk -hwspec D:/DEV/Git_Kraken/Velociraptor/Projet-S4/Velociraptor_Project/lectureADC/lectureADC.sdk/Top.hdf
INFO: [Vivado 12-393] Launching SDK...
INFO: [Vivado 12-417] Running xsdk -workspace D:/DEV/Git_Kraken/Velociraptor/Projet-S4/Velociraptor_Project/lectureADC/lectureADC.sdk -hwspec D:/DEV/Git_Kraken/Velociraptor/Projet-S4/Velociraptor_Project/lectureADC/lectureADC.sdk/Top.hdf
INFO: [Vivado 12-3157] SDK launch initiated. Please check console for any further messages.
exit
INFO: [Common 17-206] Exiting Vivado at Mon Apr  1 20:36:11 2019...
