#-----------------------------------------------------------
# Vivado v2018.2 (64-bit)
# SW Build 2258646 on Thu Jun 14 20:03:12 MDT 2018
# IP Build 2256618 on Thu Jun 14 22:10:49 MDT 2018
# Start of session at: Wed Mar 27 19:24:01 2019
# Process ID: 9968
# Current directory: C:/Users/raf_0/Desktop/ADC/lectureADC
# Command line: vivado.exe -gui_launcher_event rodinguilauncherevent10752 C:\Users\raf_0\Desktop\ADC\lectureADC\lectureADC.xpr
# Log file: C:/Users/raf_0/Desktop/ADC/lectureADC/vivado.log
# Journal file: C:/Users/raf_0/Desktop/ADC/lectureADC\vivado.jou
#-----------------------------------------------------------
start_gui
open_project C:/Users/raf_0/Desktop/ADC/lectureADC/lectureADC.xpr
Scanning sources...
Finished scanning sources
WARNING: [filemgmt 56-3] IP Repository Path: Could not find the directory 'C:/Users/demo1701/Downloads/FichiersAtelier1/Pmod_vivado-library-2018.2-1'.
INFO: [IP_Flow 19-234] Refreshing IP repositories
INFO: [IP_Flow 19-1700] Loaded user IP repository 'c:/Users/raf_0/Desktop/ADC/ip_repo/myIO_IP_1.0'.
INFO: [IP_Flow 19-1700] Loaded user IP repository 'c:/Users/raf_0/Desktop/ADC/ip_repo/myip_1.0'.
WARNING: [IP_Flow 19-2248] Failed to load user IP repository 'c:/Users/demo1701/Downloads/FichiersAtelier1/Pmod_vivado-library-2018.2-1'; Can't find the specified path.
If this directory should no longer be in your list of user repositories, go to the IP Settings dialog and remove it.
INFO: [IP_Flow 19-1700] Loaded user IP repository 'c:/Users/raf_0/Desktop/ADC/Pmod_vivado-library-2018.2-1'.
INFO: [IP_Flow 19-2313] Loaded Vivado IP repository 'C:/Xilinx/Vivado/2018.2/data/ip'.
WARNING: [BD 41-1661] One or more IPs have been locked in the design 'design_1.bd'. Please run report_ip_status for more details and recommendations on how to fix this issue.
List of locked IPs:
design_1_PmodOLED_0_0
design_1_PmodGPIO_0_0

open_project: Time (s): cpu = 00:00:20 ; elapsed = 00:00:11 . Memory (MB): peak = 803.176 ; gain = 153.383
update_compile_order -fileset sources_1
reset_run synth_1
launch_runs synth_1 -jobs 4
[Wed Mar 27 19:36:20 2019] Launched synth_1...
Run output will be captured here: C:/Users/raf_0/Desktop/ADC/lectureADC/lectureADC.runs/synth_1/runme.log
launch_runs impl_1 -jobs 4
[Wed Mar 27 19:53:21 2019] Launched impl_1...
Run output will be captured here: C:/Users/raf_0/Desktop/ADC/lectureADC/lectureADC.runs/impl_1/runme.log
reset_run synth_1
launch_runs impl_1 -jobs 4
[Wed Mar 27 20:00:46 2019] Launched synth_1...
Run output will be captured here: C:/Users/raf_0/Desktop/ADC/lectureADC/lectureADC.runs/synth_1/runme.log
[Wed Mar 27 20:00:46 2019] Launched impl_1...
Run output will be captured here: C:/Users/raf_0/Desktop/ADC/lectureADC/lectureADC.runs/impl_1/runme.log
reset_run synth_1
launch_runs impl_1 -jobs 4
[Wed Mar 27 20:29:23 2019] Launched synth_1...
Run output will be captured here: C:/Users/raf_0/Desktop/ADC/lectureADC/lectureADC.runs/synth_1/runme.log
[Wed Mar 27 20:29:23 2019] Launched impl_1...
Run output will be captured here: C:/Users/raf_0/Desktop/ADC/lectureADC/lectureADC.runs/impl_1/runme.log
reset_run synth_1
launch_runs impl_1 -jobs 4
[Wed Mar 27 20:47:18 2019] Launched synth_1...
Run output will be captured here: C:/Users/raf_0/Desktop/ADC/lectureADC/lectureADC.runs/synth_1/runme.log
[Wed Mar 27 20:47:18 2019] Launched impl_1...
Run output will be captured here: C:/Users/raf_0/Desktop/ADC/lectureADC/lectureADC.runs/impl_1/runme.log
reset_run synth_1
launch_runs impl_1 -jobs 4
[Wed Mar 27 20:50:05 2019] Launched synth_1...
Run output will be captured here: C:/Users/raf_0/Desktop/ADC/lectureADC/lectureADC.runs/synth_1/runme.log
[Wed Mar 27 20:50:05 2019] Launched impl_1...
Run output will be captured here: C:/Users/raf_0/Desktop/ADC/lectureADC/lectureADC.runs/impl_1/runme.log
reset_run synth_1
launch_runs impl_1 -jobs 4
[Wed Mar 27 20:52:17 2019] Launched synth_1...
Run output will be captured here: C:/Users/raf_0/Desktop/ADC/lectureADC/lectureADC.runs/synth_1/runme.log
[Wed Mar 27 20:52:17 2019] Launched impl_1...
Run output will be captured here: C:/Users/raf_0/Desktop/ADC/lectureADC/lectureADC.runs/impl_1/runme.log
reset_run synth_1
launch_runs impl_1 -jobs 4
[Wed Mar 27 20:55:20 2019] Launched synth_1...
Run output will be captured here: C:/Users/raf_0/Desktop/ADC/lectureADC/lectureADC.runs/synth_1/runme.log
[Wed Mar 27 20:55:20 2019] Launched impl_1...
Run output will be captured here: C:/Users/raf_0/Desktop/ADC/lectureADC/lectureADC.runs/impl_1/runme.log
launch_runs impl_1 -to_step write_bitstream -jobs 4
[Wed Mar 27 21:00:54 2019] Launched impl_1...
Run output will be captured here: C:/Users/raf_0/Desktop/ADC/lectureADC/lectureADC.runs/impl_1/runme.log
open_hw
file copy -force C:/Users/raf_0/Desktop/ADC/lectureADC/lectureADC.runs/impl_1/Top.sysdef C:/Users/raf_0/Desktop/ADC/lectureADC/lectureADC.sdk/Top.hdf

launch_sdk -workspace C:/Users/raf_0/Desktop/ADC/lectureADC/lectureADC.sdk -hwspec C:/Users/raf_0/Desktop/ADC/lectureADC/lectureADC.sdk/Top.hdf
INFO: [Vivado 12-393] Launching SDK...
INFO: [Vivado 12-417] Running xsdk -workspace C:/Users/raf_0/Desktop/ADC/lectureADC/lectureADC.sdk -hwspec C:/Users/raf_0/Desktop/ADC/lectureADC/lectureADC.sdk/Top.hdf
INFO: [Vivado 12-3157] SDK launch initiated. Please check console for any further messages.
file copy -force C:/Users/raf_0/Desktop/ADC/lectureADC/lectureADC.runs/impl_1/Top.sysdef C:/Users/raf_0/Desktop/ADC/lectureADC/lectureADC.sdk/Top.hdf

file copy -force C:/Users/raf_0/Desktop/ADC/lectureADC/lectureADC.runs/impl_1/Top.sysdef C:/Users/raf_0/Desktop/ADC/lectureADC/lectureADC.sdk/Top.hdf

launch_sdk -workspace C:/Users/raf_0/Desktop/ADC/lectureADC/lectureADC.sdk -hwspec C:/Users/raf_0/Desktop/ADC/lectureADC/lectureADC.sdk/Top.hdf
INFO: [Vivado 12-393] Launching SDK...
INFO: [Vivado 12-417] Running xsdk -workspace C:/Users/raf_0/Desktop/ADC/lectureADC/lectureADC.sdk -hwspec C:/Users/raf_0/Desktop/ADC/lectureADC/lectureADC.sdk/Top.hdf
INFO: [Vivado 12-3157] SDK launch initiated. Please check console for any further messages.
launch_sdk -workspace C:/Users/raf_0/Desktop/ADC/lectureADC/lectureADC.sdk -hwspec C:/Users/raf_0/Desktop/ADC/lectureADC/lectureADC.sdk/Top.hdf
INFO: [Vivado 12-393] Launching SDK...
INFO: [Vivado 12-417] Running xsdk -workspace C:/Users/raf_0/Desktop/ADC/lectureADC/lectureADC.sdk -hwspec C:/Users/raf_0/Desktop/ADC/lectureADC/lectureADC.sdk/Top.hdf
INFO: [Vivado 12-3157] SDK launch initiated. Please check console for any further messages.
open_bd_design {C:/Users/raf_0/Desktop/ADC/lectureADC/lectureADC.srcs/sources_1/bd/design_1/design_1.bd}
Adding cell -- usherbrooke.ca:user:myip:1.0 - myip_0
Adding cell -- xilinx.com:user:myIO_IP:1.0 - myIO_IP_0
Adding cell -- xilinx.com:ip:axi_gpio:2.0 - axi_gpio_0
Adding cell -- xilinx.com:ip:axi_gpio:2.0 - axi_gpio_1
Adding cell -- xilinx.com:ip:processing_system7:5.5 - processing_system7_0
Adding cell -- xilinx.com:ip:proc_sys_reset:5.0 - rst_ps7_0_50M
Adding cell -- digilentinc.com:IP:PmodGPIO:1.0 - PmodGPIO_0
Adding cell -- digilentinc.com:IP:PmodOLED:1.0 - PmodOLED_0
Adding cell -- xilinx.com:ip:axi_crossbar:2.1 - xbar
Adding cell -- xilinx.com:ip:axi_protocol_converter:2.1 - auto_pc
Successfully read diagram <design_1> from BD file <C:/Users/raf_0/Desktop/ADC/lectureADC/lectureADC.srcs/sources_1/bd/design_1/design_1.bd>
open_bd_design: Time (s): cpu = 00:00:06 ; elapsed = 00:00:06 . Memory (MB): peak = 882.207 ; gain = 24.301
report_ip_status -name ip_status 
upgrade_ip [get_ips  {design_1_PmodOLED_0_0 design_1_PmodGPIO_0_0}] -log ip_upgrade.log
Upgrading 'C:/Users/raf_0/Desktop/ADC/lectureADC/lectureADC.srcs/sources_1/bd/design_1/design_1.bd'
INFO: [IP_Flow 19-1972] Upgraded design_1_PmodGPIO_0_0 from PmodGPIO_v1_0 1.0 to PmodGPIO_v1_0 1.0
INFO: [IP_Flow 19-1972] Upgraded design_1_PmodOLED_0_0 from PmodOLED_v1_0 1.0 to PmodOLED_v1_0 1.0
Wrote  : <C:/Users/raf_0/Desktop/ADC/lectureADC/lectureADC.srcs/sources_1/bd/design_1/design_1.bd> 
INFO: [Coretcl 2-1525] Wrote upgrade log to 'C:/Users/raf_0/Desktop/ADC/lectureADC/ip_upgrade.log'.
export_ip_user_files -of_objects [get_ips {design_1_PmodOLED_0_0 design_1_PmodGPIO_0_0}] -no_script -sync -force -quiet
generate_target all [get_files  C:/Users/raf_0/Desktop/ADC/lectureADC/lectureADC.srcs/sources_1/bd/design_1/design_1.bd]
Wrote  : <C:/Users/raf_0/Desktop/ADC/lectureADC/lectureADC.srcs/sources_1/bd/design_1/design_1.bd> 
VHDL Output written to : C:/Users/raf_0/Desktop/ADC/lectureADC/lectureADC.srcs/sources_1/bd/design_1/synth/design_1.vhd
VHDL Output written to : C:/Users/raf_0/Desktop/ADC/lectureADC/lectureADC.srcs/sources_1/bd/design_1/sim/design_1.vhd
VHDL Output written to : C:/Users/raf_0/Desktop/ADC/lectureADC/lectureADC.srcs/sources_1/bd/design_1/hdl/design_1_wrapper.vhd
INFO: [BD 41-1029] Generation completed for the IP Integrator block processing_system7_0 .
CRITICAL WARNING: [IP_Flow 19-4965] IP PmodOLED_pmod_bridge_0_0 was packaged with board value 'digilentinc.com:arty:part0:1.1'. Current project's board value is unset. Please update the project settings to match the packaged IP.
INFO: [IP_Flow 19-3422] Upgraded PmodOLED_pmod_bridge_0_0 (Pmod Bridge 1.0) from revision 9 to revision 12
CRITICAL WARNING: [IP_Flow 19-4965] IP PmodOLED_axi_quad_spi_0_0 was packaged with board value 'digilentinc.com:arty:part0:1.1'. Current project's board value is unset. Please update the project settings to match the packaged IP.
INFO: [IP_Flow 19-3422] Upgraded PmodOLED_axi_quad_spi_0_0 (AXI Quad SPI 3.2) from revision 14 to revision 16
CRITICAL WARNING: [IP_Flow 19-4965] IP PmodOLED_axi_gpio_0_0 was packaged with board value 'digilentinc.com:arty:part0:1.1'. Current project's board value is unset. Please update the project settings to match the packaged IP.
INFO: [IP_Flow 19-3422] Upgraded PmodOLED_axi_gpio_0_0 (AXI GPIO 2.0) from revision 17 to revision 19
INFO: [BD 41-1029] Generation completed for the IP Integrator block PmodOLED_0 .
INFO: [BD 41-1029] Generation completed for the IP Integrator block rst_ps7_0_50M .
CRITICAL WARNING: [IP_Flow 19-4965] IP PmodGPIO_pmod_bridge_0_0 was packaged with board value 'digilentinc.com:arty:part0:1.1'. Current project's board value is unset. Please update the project settings to match the packaged IP.
INFO: [IP_Flow 19-3422] Upgraded PmodGPIO_pmod_bridge_0_0 (Pmod Bridge 1.0) from revision 9 to revision 12
CRITICAL WARNING: [IP_Flow 19-4965] IP PmodGPIO_axi_gpio_0_0 was packaged with board value 'digilentinc.com:arty:part0:1.1'. Current project's board value is unset. Please update the project settings to match the packaged IP.
INFO: [IP_Flow 19-3422] Upgraded PmodGPIO_axi_gpio_0_0 (AXI GPIO 2.0) from revision 17 to revision 19
CRITICAL WARNING: [IP_Flow 19-4965] IP PmodGPIO_xlslice_0_0 was packaged with board value 'digilentinc.com:arty:part0:1.1'. Current project's board value is unset. Please update the project settings to match the packaged IP.
INFO: [IP_Flow 19-3420] Updated PmodGPIO_xlslice_0_0 to use current project options
CRITICAL WARNING: [IP_Flow 19-4965] IP PmodGPIO_xlslice_0_1 was packaged with board value 'digilentinc.com:arty:part0:1.1'. Current project's board value is unset. Please update the project settings to match the packaged IP.
INFO: [IP_Flow 19-3420] Updated PmodGPIO_xlslice_0_1 to use current project options
CRITICAL WARNING: [IP_Flow 19-4965] IP PmodGPIO_xlslice_0_2 was packaged with board value 'digilentinc.com:arty:part0:1.1'. Current project's board value is unset. Please update the project settings to match the packaged IP.
INFO: [IP_Flow 19-3420] Updated PmodGPIO_xlslice_0_2 to use current project options
CRITICAL WARNING: [IP_Flow 19-4965] IP PmodGPIO_xlslice_t_0_0 was packaged with board value 'digilentinc.com:arty:part0:1.1'. Current project's board value is unset. Please update the project settings to match the packaged IP.
INFO: [IP_Flow 19-3420] Updated PmodGPIO_xlslice_t_0_0 to use current project options
CRITICAL WARNING: [IP_Flow 19-4965] IP PmodGPIO_xlconcat_0_0 was packaged with board value 'digilentinc.com:arty:part0:1.1'. Current project's board value is unset. Please update the project settings to match the packaged IP.
INFO: [IP_Flow 19-3420] Updated PmodGPIO_xlconcat_0_0 to use current project options
INFO: [BD 41-1029] Generation completed for the IP Integrator block PmodGPIO_0 .
INFO: [BD 41-1029] Generation completed for the IP Integrator block axi_gpio_0 .
INFO: [BD 41-1029] Generation completed for the IP Integrator block axi_gpio_1 .
INFO: [BD 41-1029] Generation completed for the IP Integrator block ps7_0_axi_periph/xbar .
INFO: [BD 41-1029] Generation completed for the IP Integrator block myip_0 .
INFO: [BD 41-1029] Generation completed for the IP Integrator block myIO_IP_0 .
WARNING: [IP_Flow 19-4994] Overwriting existing constraint file 'c:/Users/raf_0/Desktop/ADC/lectureADC/lectureADC.srcs/sources_1/bd/design_1/ip/design_1_auto_pc_0/design_1_auto_pc_0_ooc.xdc'
INFO: [BD 41-1029] Generation completed for the IP Integrator block ps7_0_axi_periph/s00_couplers/auto_pc .
Exporting to file C:/Users/raf_0/Desktop/ADC/lectureADC/lectureADC.srcs/sources_1/bd/design_1/hw_handoff/design_1.hwh
Generated Block Design Tcl file C:/Users/raf_0/Desktop/ADC/lectureADC/lectureADC.srcs/sources_1/bd/design_1/hw_handoff/design_1_bd.tcl
Generated Hardware Definition File C:/Users/raf_0/Desktop/ADC/lectureADC/lectureADC.srcs/sources_1/bd/design_1/synth/design_1.hwdef
generate_target: Time (s): cpu = 00:00:16 ; elapsed = 00:00:22 . Memory (MB): peak = 1045.730 ; gain = 144.012
export_ip_user_files -of_objects [get_files C:/Users/raf_0/Desktop/ADC/lectureADC/lectureADC.srcs/sources_1/bd/design_1/design_1.bd] -no_script -sync -force -quiet
export_simulation -of_objects [get_files C:/Users/raf_0/Desktop/ADC/lectureADC/lectureADC.srcs/sources_1/bd/design_1/design_1.bd] -directory C:/Users/raf_0/Desktop/ADC/lectureADC/lectureADC.ip_user_files/sim_scripts -ip_user_files_dir C:/Users/raf_0/Desktop/ADC/lectureADC/lectureADC.ip_user_files -ipstatic_source_dir C:/Users/raf_0/Desktop/ADC/lectureADC/lectureADC.ip_user_files/ipstatic -lib_map_path [list {modelsim=C:/Users/raf_0/Desktop/ADC/lectureADC/lectureADC.cache/compile_simlib/modelsim} {questa=C:/Users/raf_0/Desktop/ADC/lectureADC/lectureADC.cache/compile_simlib/questa} {riviera=C:/Users/raf_0/Desktop/ADC/lectureADC/lectureADC.cache/compile_simlib/riviera} {activehdl=C:/Users/raf_0/Desktop/ADC/lectureADC/lectureADC.cache/compile_simlib/activehdl}] -use_ip_compiled_libs -force -quiet
report_ip_status -name ip_status 
reset_run synth_1
launch_runs impl_1 -jobs 4 -scripts_only
reset_run impl_1
launch_runs impl_1 -jobs 4
[Wed Mar 27 21:43:27 2019] Launched synth_1...
Run output will be captured here: C:/Users/raf_0/Desktop/ADC/lectureADC/lectureADC.runs/synth_1/runme.log
[Wed Mar 27 21:43:28 2019] Launched impl_1...
Run output will be captured here: C:/Users/raf_0/Desktop/ADC/lectureADC/lectureADC.runs/impl_1/runme.log
launch_runs impl_1 -to_step write_bitstream -jobs 4
[Wed Mar 27 21:48:46 2019] Launched impl_1...
Run output will be captured here: C:/Users/raf_0/Desktop/ADC/lectureADC/lectureADC.runs/impl_1/runme.log
file copy -force C:/Users/raf_0/Desktop/ADC/lectureADC/lectureADC.runs/impl_1/Top.sysdef C:/Users/raf_0/Desktop/ADC/lectureADC/lectureADC.sdk/Top.hdf

launch_sdk -workspace C:/Users/raf_0/Desktop/ADC/lectureADC/lectureADC.sdk -hwspec C:/Users/raf_0/Desktop/ADC/lectureADC/lectureADC.sdk/Top.hdf
INFO: [Vivado 12-393] Launching SDK...
INFO: [Vivado 12-417] Running xsdk -workspace C:/Users/raf_0/Desktop/ADC/lectureADC/lectureADC.sdk -hwspec C:/Users/raf_0/Desktop/ADC/lectureADC/lectureADC.sdk/Top.hdf
INFO: [Vivado 12-3157] SDK launch initiated. Please check console for any further messages.
open_bd_design {C:/Users/raf_0/Desktop/ADC/lectureADC/lectureADC.srcs/sources_1/bd/design_1/design_1.bd}
ipx::edit_ip_in_project -upgrade true -name myIO_IP_v1_0_project -directory C:/Users/raf_0/Desktop/ADC/lectureADC/lectureADC.tmp/myIO_IP_v1_0_project c:/Users/raf_0/Desktop/ADC/ip_repo/myIO_IP_1.0/component.xml
INFO: [IP_Flow 19-234] Refreshing IP repositories
INFO: [IP_Flow 19-1704] No user IP repositories specified
INFO: [IP_Flow 19-2313] Loaded Vivado IP repository 'C:/Xilinx/Vivado/2018.2/data/ip'.
create_project: Time (s): cpu = 00:00:10 ; elapsed = 00:00:08 . Memory (MB): peak = 1085.344 ; gain = 18.031
INFO: [IP_Flow 19-234] Refreshing IP repositories
INFO: [IP_Flow 19-1700] Loaded user IP repository 'c:/Users/raf_0/Desktop/ADC/ip_repo/myIO_IP_1.0'.
INFO: [IP_Flow 19-1700] Loaded user IP repository 'c:/Users/raf_0/Desktop/ADC/ip_repo/myip_1.0'.
WARNING: [IP_Flow 19-2248] Failed to load user IP repository 'c:/Users/demo1701/Downloads/FichiersAtelier1/Pmod_vivado-library-2018.2-1'; Can't find the specified path.
If this directory should no longer be in your list of user repositories, go to the IP Settings dialog and remove it.
INFO: [IP_Flow 19-1700] Loaded user IP repository 'c:/Users/raf_0/Desktop/ADC/Pmod_vivado-library-2018.2-1'.
INFO: [IP_Flow 19-795] Syncing license key meta-data
ipx::edit_ip_in_project: Time (s): cpu = 00:00:16 ; elapsed = 00:00:11 . Memory (MB): peak = 1202.996 ; gain = 135.684
update_compile_order -fileset sources_1
current_project lectureADC
ipx::edit_ip_in_project -upgrade true -name myip_v1_0_project -directory C:/Users/raf_0/Desktop/ADC/lectureADC/lectureADC.tmp/myip_v1_0_project c:/Users/raf_0/Desktop/ADC/ip_repo/myip_1.0/component.xml
INFO: [IP_Flow 19-234] Refreshing IP repositories
INFO: [IP_Flow 19-1704] No user IP repositories specified
INFO: [IP_Flow 19-2313] Loaded Vivado IP repository 'C:/Xilinx/Vivado/2018.2/data/ip'.
create_project: Time (s): cpu = 00:00:10 ; elapsed = 00:00:08 . Memory (MB): peak = 1221.734 ; gain = 3.391
INFO: [IP_Flow 19-234] Refreshing IP repositories
INFO: [IP_Flow 19-1700] Loaded user IP repository 'c:/Users/raf_0/Desktop/ADC/ip_repo/myIO_IP_1.0'.
INFO: [IP_Flow 19-1700] Loaded user IP repository 'c:/Users/raf_0/Desktop/ADC/ip_repo/myip_1.0'.
WARNING: [IP_Flow 19-2248] Failed to load user IP repository 'c:/Users/demo1701/Downloads/FichiersAtelier1/Pmod_vivado-library-2018.2-1'; Can't find the specified path.
If this directory should no longer be in your list of user repositories, go to the IP Settings dialog and remove it.
INFO: [IP_Flow 19-1700] Loaded user IP repository 'c:/Users/raf_0/Desktop/ADC/Pmod_vivado-library-2018.2-1'.
INFO: [IP_Flow 19-795] Syncing license key meta-data
ipx::edit_ip_in_project: Time (s): cpu = 00:00:12 ; elapsed = 00:00:10 . Memory (MB): peak = 1225.168 ; gain = 6.824
update_compile_order -fileset sources_1
current_project myIO_IP_v1_0_project
WARNING: [filemgmt 56-199] Attempt to get parsing info during refresh. "On-the-fly" syntax checking information may be incorrect. [C:/Users/raf_0/Desktop/ADC/lectureADC/lectureADC.srcs/sources_1/imports/new/Traitement.vhd:]
WARNING: [filemgmt 56-199] Attempt to get parsing info during refresh. "On-the-fly" syntax checking information may be incorrect. [C:/Users/raf_0/Desktop/ADC/lectureADC/lectureADC.srcs/sources_1/imports/new/Velocyraptor_package.vhd:]
WARNING: [filemgmt 56-199] Attempt to get parsing info during refresh. "On-the-fly" syntax checking information may be incorrect. [C:/Users/raf_0/Desktop/ADC/lectureADC/lectureADC.srcs/sources_1/imports/AD1/Top.vhd:]
WARNING: [filemgmt 56-199] Attempt to get parsing info during refresh. "On-the-fly" syntax checking information may be incorrect. [C:/Users/raf_0/Desktop/ADC/lectureADC/lectureADC.srcs/sources_1/imports/new/magnetic.vhd:]
WARNING: [filemgmt 56-199] Attempt to get parsing info during refresh. "On-the-fly" syntax checking information may be incorrect. [C:/Users/raf_0/Desktop/ADC/lectureADC/lectureADC.srcs/sources_1/imports/new/Traitement.vhd:]
WARNING: [filemgmt 56-199] Attempt to get parsing info during refresh. "On-the-fly" syntax checking information may be incorrect. [C:/Users/raf_0/Desktop/ADC/lectureADC/lectureADC.srcs/sources_1/imports/new/Velocyraptor_package.vhd:]
WARNING: [filemgmt 56-199] Attempt to get parsing info during refresh. "On-the-fly" syntax checking information may be incorrect. [C:/Users/raf_0/Desktop/ADC/lectureADC/lectureADC.srcs/sources_1/imports/AD1/Top.vhd:]
WARNING: [filemgmt 56-199] Attempt to get parsing info during refresh. "On-the-fly" syntax checking information may be incorrect. [C:/Users/raf_0/Desktop/ADC/lectureADC/lectureADC.srcs/sources_1/imports/new/magnetic.vhd:]
WARNING: [filemgmt 56-199] Attempt to get parsing info during refresh. "On-the-fly" syntax checking information may be incorrect. [C:/Users/raf_0/Desktop/ADC/lectureADC/lectureADC.srcs/sources_1/imports/new/Traitement.vhd:]
WARNING: [filemgmt 56-199] Attempt to get parsing info during refresh. "On-the-fly" syntax checking information may be incorrect. [C:/Users/raf_0/Desktop/ADC/lectureADC/lectureADC.srcs/sources_1/imports/new/Velocyraptor_package.vhd:]
WARNING: [filemgmt 56-199] Attempt to get parsing info during refresh. "On-the-fly" syntax checking information may be incorrect. [C:/Users/raf_0/Desktop/ADC/lectureADC/lectureADC.srcs/sources_1/imports/AD1/Top.vhd:]
WARNING: [filemgmt 56-199] Attempt to get parsing info during refresh. "On-the-fly" syntax checking information may be incorrect. [C:/Users/raf_0/Desktop/ADC/lectureADC/lectureADC.srcs/sources_1/imports/new/magnetic.vhd:]
update_ip_catalog
ERROR: [Common 17-180] Spawn failed: No error
ERROR: [Common 17-39] 'update_ip_catalog' failed due to earlier errors.
current_project myip_v1_0_project
current_project myIO_IP_v1_0_project
update_ip_catalog
set_property core_revision 3 [ipx::current_core]
ipx::update_source_project_archive -component [ipx::current_core]
ipx::create_xgui_files [ipx::current_core]
ipx::update_checksums [ipx::current_core]
ipx::save_core [ipx::current_core]
ipx::move_temp_component_back -component [ipx::current_core]
close_project -delete
update_ip_catalog -rebuild -repo_path c:/Users/raf_0/Desktop/ADC/ip_repo/myIO_IP_1.0
INFO: [IP_Flow 19-725] Reloaded user IP repository 'c:/Users/raf_0/Desktop/ADC/ip_repo/myIO_IP_1.0'
