#-----------------------------------------------------------
# Vivado v2018.2 (64-bit)
# SW Build 2258646 on Thu Jun 14 20:03:12 MDT 2018
# IP Build 2256618 on Thu Jun 14 22:10:49 MDT 2018
# Start of session at: Thu Mar 28 09:16:28 2019
# Process ID: 6180
# Current directory: C:/Users/raf_0/Documents/Projet_Kraken_Local/Projet-S4/Projet-S4/Velociraptor_Project/lectureADC
# Command line: vivado.exe -gui_launcher_event rodinguilauncherevent9776 C:\Users\raf_0\Documents\Projet_Kraken_Local\Projet-S4\Projet-S4\Velociraptor_Project\lectureADC\lectureADC.xpr
# Log file: C:/Users/raf_0/Documents/Projet_Kraken_Local/Projet-S4/Projet-S4/Velociraptor_Project/lectureADC/vivado.log
# Journal file: C:/Users/raf_0/Documents/Projet_Kraken_Local/Projet-S4/Projet-S4/Velociraptor_Project/lectureADC\vivado.jou
#-----------------------------------------------------------
start_gui
open_project C:/Users/raf_0/Documents/Projet_Kraken_Local/Projet-S4/Projet-S4/Velociraptor_Project/lectureADC/lectureADC.xpr
INFO: [ProjectBase 1-489] The host OS only allows 260 characters in a normal path. The project is stored in a path with more than 80 characters. If you experience issues with IP, Block Designs, or files not being found, please consider moving the project to a location with a shorter path. Alternately consider using the OS subst command to map part of the path to a drive letter.
Current project path is 'C:/Users/raf_0/Documents/Projet_Kraken_Local/Projet-S4/Projet-S4/Velociraptor_Project/lectureADC'
INFO: [Project 1-313] Project file moved from 'C:/Users/raf_0/Desktop/ADC/lectureADC' since last save.
Scanning sources...
Finished scanning sources
WARNING: [filemgmt 56-2] IP Repository Path: Could not find the directory 'C:/Users/raf_0/Documents/Projet_Kraken_Local/demo1701/Downloads/FichiersAtelier1/Pmod_vivado-library-2018.2-1', nor could it be found using path 'C:/Users/demo1701/Downloads/FichiersAtelier1/Pmod_vivado-library-2018.2-1'.
INFO: [IP_Flow 19-234] Refreshing IP repositories
INFO: [IP_Flow 19-1700] Loaded user IP repository 'c:/Users/raf_0/Documents/Projet_Kraken_Local/Projet-S4/Projet-S4/Velociraptor_Project/ip_repo/myIO_IP_1.0'.
INFO: [IP_Flow 19-1700] Loaded user IP repository 'c:/Users/raf_0/Documents/Projet_Kraken_Local/Projet-S4/Projet-S4/Velociraptor_Project/ip_repo/myip_1.0'.
WARNING: [IP_Flow 19-2248] Failed to load user IP repository 'c:/Users/raf_0/Documents/Projet_Kraken_Local/demo1701/Downloads/FichiersAtelier1/Pmod_vivado-library-2018.2-1'; Can't find the specified path.
If this directory should no longer be in your list of user repositories, go to the IP Settings dialog and remove it.
INFO: [IP_Flow 19-1700] Loaded user IP repository 'c:/Users/raf_0/Documents/Projet_Kraken_Local/Projet-S4/Projet-S4/Velociraptor_Project/Pmod_vivado-library-2018.2-1'.
INFO: [IP_Flow 19-2313] Loaded Vivado IP repository 'C:/Xilinx/Vivado/2018.2/data/ip'.
WARNING: [BD 41-1661] One or more IPs have been locked in the design 'design_1.bd'. Please run report_ip_status for more details and recommendations on how to fix this issue.
List of locked IPs:
design_1_myIO_IP_0_0

open_project: Time (s): cpu = 00:00:38 ; elapsed = 00:00:30 . Memory (MB): peak = 776.961 ; gain = 110.160
update_compile_order -fileset sources_1
launch_sdk -workspace C:/Users/raf_0/Documents/Projet_Kraken_Local/Projet-S4/Projet-S4/Velociraptor_Project/lectureADC/lectureADC.sdk -hwspec C:/Users/raf_0/Documents/Projet_Kraken_Local/Projet-S4/Projet-S4/Velociraptor_Project/lectureADC/lectureADC.sdk/Top.hdf
INFO: [Vivado 12-393] Launching SDK...
INFO: [Vivado 12-417] Running xsdk -workspace C:/Users/raf_0/Documents/Projet_Kraken_Local/Projet-S4/Projet-S4/Velociraptor_Project/lectureADC/lectureADC.sdk -hwspec C:/Users/raf_0/Documents/Projet_Kraken_Local/Projet-S4/Projet-S4/Velociraptor_Project/lectureADC/lectureADC.sdk/Top.hdf
INFO: [Vivado 12-3157] SDK launch initiated. Please check console for any further messages.
open_bd_design {C:/Users/raf_0/Documents/Projet_Kraken_Local/Projet-S4/Projet-S4/Velociraptor_Project/lectureADC/lectureADC.srcs/sources_1/bd/design_1/design_1.bd}
Adding cell -- usherbrooke.ca:user:myip:1.0 - myip_0
Adding cell -- xilinx.com:user:myIO_IP:1.0 - myIO_IP_0
Adding cell -- xilinx.com:ip:axi_gpio:2.0 - axi_gpio_0
Adding cell -- xilinx.com:ip:axi_gpio:2.0 - axi_gpio_1
Adding cell -- xilinx.com:ip:processing_system7:5.5 - processing_system7_0
Adding cell -- xilinx.com:ip:proc_sys_reset:5.0 - rst_ps7_0_50M
Adding cell -- digilentinc.com:IP:PmodGPIO:1.0 - PmodGPIO_0
Adding cell -- digilentinc.com:IP:PmodOLED:1.0 - PmodOLED_0
Adding cell -- xilinx.com:ip:axi_crossbar:2.1 - xbar
Adding cell -- xilinx.com:ip:axi_protocol_converter:2.1 - auto_pc
Successfully read diagram <design_1> from BD file <C:/Users/raf_0/Documents/Projet_Kraken_Local/Projet-S4/Projet-S4/Velociraptor_Project/lectureADC/lectureADC.srcs/sources_1/bd/design_1/design_1.bd>
open_bd_design: Time (s): cpu = 00:00:14 ; elapsed = 00:00:12 . Memory (MB): peak = 827.266 ; gain = 22.551
report_ip_status -name ip_status 
set_property location {1 219 376} [get_bd_cells rst_ps7_0_50M]
set_property location {1 268 120} [get_bd_cells processing_system7_0]
set_property location {1 195 -18} [get_bd_cells processing_system7_0]
set_property location {1230 -57} [get_bd_intf_ports FIXED_IO]
set_property location {1246 -70} [get_bd_intf_ports DDR]
startgroup
create_bd_cell -type ip -vlnv xilinx.com:user:myIO_IP:1.0 myIO_IP_1
endgroup
set_property location {3 1047 384} [get_bd_cells myIO_IP_1]
startgroup
create_bd_cell -type ip -vlnv xilinx.com:user:myIO_IP:1.0 myIO_IP_2
endgroup
set_property location {1216 698} [get_bd_ports o_data]
startgroup
apply_bd_automation -rule xilinx.com:bd_rule:axi4 -config { Clk_master {/processing_system7_0/FCLK_CLK0 (50 MHz)} Clk_slave {Auto} Clk_xbar {/processing_system7_0/FCLK_CLK0 (50 MHz)} Master {/processing_system7_0/M_AXI_GP0} Slave {/myIO_IP_1/S00_AXI} intc_ip {/ps7_0_axi_periph} master_apm {0}}  [get_bd_intf_pins myIO_IP_1/S00_AXI]
</myIO_IP_1/S00_AXI/S00_AXI_reg> is being mapped into </processing_system7_0/Data> at <0x43C20000 [ 64K ]>
apply_bd_automation -rule xilinx.com:bd_rule:axi4 -config { Clk_master {/processing_system7_0/FCLK_CLK0 (50 MHz)} Clk_slave {Auto} Clk_xbar {/processing_system7_0/FCLK_CLK0 (50 MHz)} Master {/processing_system7_0/M_AXI_GP0} Slave {/myIO_IP_2/S00_AXI} intc_ip {/ps7_0_axi_periph} master_apm {0}}  [get_bd_intf_pins myIO_IP_2/S00_AXI]
</myIO_IP_2/S00_AXI/S00_AXI_reg> is being mapped into </processing_system7_0/Data> at <0x43C30000 [ 64K ]>
endgroup
set_property location {1223 990} [get_bd_intf_ports o_leds]
set_property location {1223 860} [get_bd_intf_ports i_sw]
set_property location {1215 847} [get_bd_intf_ports i_sw]
startgroup
make_bd_pins_external  [get_bd_pins myIO_IP_1/o_data]
endgroup
startgroup
make_bd_pins_external  [get_bd_pins myIO_IP_2/o_data]
endgroup
set_property location {1225 70} [get_bd_intf_ports Pmod_8LD]
set_property location {1218 218} [get_bd_intf_ports Pmod_OLED]
set_property name o_data_distance [get_bd_ports o_data_0]
set_property name o_data_vitesse [get_bd_ports o_data]
set_property name o_data_calorie [get_bd_ports o_data_1]
set_property location {1222 1134} [get_bd_ports o_data_out]
set_property location {1225 1141} [get_bd_ports o_data_out]
startgroup
make_bd_pins_external  [get_bd_pins myIO_IP_1/i_data]
endgroup
startgroup
make_bd_pins_external  [get_bd_pins myIO_IP_2/i_data]
endgroup
set_property location {-14 308} [get_bd_ports i_data]
set_property location {-28 317} [get_bd_ports i_data]
set_property location {-18 315} [get_bd_ports i_data]
set_property location {-14 301} [get_bd_ports i_data]
set_property location {-11 333} [get_bd_ports i_data_0]
set_property location {-6 354} [get_bd_ports i_data_1]
set_property location {-14 379} [get_bd_ports i_data_1]
set_property location {-22 363} [get_bd_ports i_data_1]
set_property name i_data_vitesse [get_bd_ports i_data]
set_property name i_data_distance [get_bd_ports i_data_0]
set_property name i_data_calorie [get_bd_ports i_data_1]
set_property location {-25 1130} [get_bd_ports i_data_echantillon]
startgroup
create_bd_cell -type ip -vlnv xilinx.com:user:myIO_IP:1.0 myIO_IP_3
endgroup
startgroup
create_bd_cell -type ip -vlnv xilinx.com:user:myIO_IP:1.0 myIO_IP_4
endgroup
delete_bd_objs [get_bd_cells myIO_IP_3]
delete_bd_objs [get_bd_cells myIO_IP_4]
save_bd_design
Wrote  : <C:/Users/raf_0/Documents/Projet_Kraken_Local/Projet-S4/Projet-S4/Velociraptor_Project/lectureADC/lectureADC.srcs/sources_1/bd/design_1/design_1.bd> 
Wrote  : <C:/Users/raf_0/Documents/Projet_Kraken_Local/Projet-S4/Projet-S4/Velociraptor_Project/lectureADC/lectureADC.srcs/sources_1/bd/design_1/ui/bd_1f5defd0.ui> 
report_ip_status -name ip_status 
upgrade_ip -vlnv xilinx.com:user:myIO_IP:1.0 [get_ips  design_1_myIO_IP_0_0] -log ip_upgrade.log
Upgrading 'C:/Users/raf_0/Documents/Projet_Kraken_Local/Projet-S4/Projet-S4/Velociraptor_Project/lectureADC/lectureADC.srcs/sources_1/bd/design_1/design_1.bd'
INFO: [IP_Flow 19-3422] Upgraded design_1_myIO_IP_0_0 (myIO_IP_v1.0 1.0) from revision 2 to revision 3
Wrote  : <C:/Users/raf_0/Documents/Projet_Kraken_Local/Projet-S4/Projet-S4/Velociraptor_Project/lectureADC/lectureADC.srcs/sources_1/bd/design_1/design_1.bd> 
INFO: [Coretcl 2-1525] Wrote upgrade log to 'C:/Users/raf_0/Documents/Projet_Kraken_Local/Projet-S4/Projet-S4/Velociraptor_Project/lectureADC/ip_upgrade.log'.
export_ip_user_files -of_objects [get_ips design_1_myIO_IP_0_0] -no_script -sync -force -quiet
generate_target all [get_files  C:/Users/raf_0/Documents/Projet_Kraken_Local/Projet-S4/Projet-S4/Velociraptor_Project/lectureADC/lectureADC.srcs/sources_1/bd/design_1/design_1.bd]
WARNING: [BD 41-927] Following properties on pin /PmodGPIO_0/s_axi_aclk have been updated from connected ip. They may not be synchronized with cell properties. You can set property on pin directly to confirm the value and resolve the warning.
	CLK_DOMAIN=design_1_processing_system7_0_0_FCLK_CLK0 
WARNING: [BD 41-927] Following properties on pin /PmodOLED_0/s_axi_aclk have been updated from connected ip. They may not be synchronized with cell properties. You can set property on pin directly to confirm the value and resolve the warning.
	CLK_DOMAIN=design_1_processing_system7_0_0_FCLK_CLK0 
Wrote  : <C:/Users/raf_0/Documents/Projet_Kraken_Local/Projet-S4/Projet-S4/Velociraptor_Project/lectureADC/lectureADC.srcs/sources_1/bd/design_1/design_1.bd> 
VHDL Output written to : C:/Users/raf_0/Documents/Projet_Kraken_Local/Projet-S4/Projet-S4/Velociraptor_Project/lectureADC/lectureADC.srcs/sources_1/bd/design_1/synth/design_1.vhd
VHDL Output written to : C:/Users/raf_0/Documents/Projet_Kraken_Local/Projet-S4/Projet-S4/Velociraptor_Project/lectureADC/lectureADC.srcs/sources_1/bd/design_1/sim/design_1.vhd
VHDL Output written to : C:/Users/raf_0/Documents/Projet_Kraken_Local/Projet-S4/Projet-S4/Velociraptor_Project/lectureADC/lectureADC.srcs/sources_1/bd/design_1/hdl/design_1_wrapper.vhd
INFO: [BD 41-1029] Generation completed for the IP Integrator block processing_system7_0 .
INFO: [BD 41-1029] Generation completed for the IP Integrator block PmodOLED_0 .
INFO: [BD 41-1029] Generation completed for the IP Integrator block rst_ps7_0_50M .
INFO: [BD 41-1029] Generation completed for the IP Integrator block PmodGPIO_0 .
INFO: [BD 41-1029] Generation completed for the IP Integrator block axi_gpio_0 .
INFO: [BD 41-1029] Generation completed for the IP Integrator block axi_gpio_1 .
INFO: [BD 41-1029] Generation completed for the IP Integrator block ps7_0_axi_periph/xbar .
INFO: [BD 41-1029] Generation completed for the IP Integrator block myip_0 .
INFO: [BD 41-1029] Generation completed for the IP Integrator block myIO_IP_0 .
INFO: [BD 41-1029] Generation completed for the IP Integrator block myIO_IP_1 .
INFO: [BD 41-1029] Generation completed for the IP Integrator block myIO_IP_2 .
WARNING: [IP_Flow 19-4994] Overwriting existing constraint file 'c:/Users/raf_0/Documents/Projet_Kraken_Local/Projet-S4/Projet-S4/Velociraptor_Project/lectureADC/lectureADC.srcs/sources_1/bd/design_1/ip/design_1_auto_pc_0/design_1_auto_pc_0_ooc.xdc'
INFO: [BD 41-1029] Generation completed for the IP Integrator block ps7_0_axi_periph/s00_couplers/auto_pc .
Exporting to file C:/Users/raf_0/Documents/Projet_Kraken_Local/Projet-S4/Projet-S4/Velociraptor_Project/lectureADC/lectureADC.srcs/sources_1/bd/design_1/hw_handoff/design_1.hwh
Generated Block Design Tcl file C:/Users/raf_0/Documents/Projet_Kraken_Local/Projet-S4/Projet-S4/Velociraptor_Project/lectureADC/lectureADC.srcs/sources_1/bd/design_1/hw_handoff/design_1_bd.tcl
Generated Hardware Definition File C:/Users/raf_0/Documents/Projet_Kraken_Local/Projet-S4/Projet-S4/Velociraptor_Project/lectureADC/lectureADC.srcs/sources_1/bd/design_1/synth/design_1.hwdef
generate_target: Time (s): cpu = 00:00:13 ; elapsed = 00:00:15 . Memory (MB): peak = 1026.172 ; gain = 111.711
export_ip_user_files -of_objects [get_files C:/Users/raf_0/Documents/Projet_Kraken_Local/Projet-S4/Projet-S4/Velociraptor_Project/lectureADC/lectureADC.srcs/sources_1/bd/design_1/design_1.bd] -no_script -sync -force -quiet
export_simulation -of_objects [get_files C:/Users/raf_0/Documents/Projet_Kraken_Local/Projet-S4/Projet-S4/Velociraptor_Project/lectureADC/lectureADC.srcs/sources_1/bd/design_1/design_1.bd] -directory C:/Users/raf_0/Documents/Projet_Kraken_Local/Projet-S4/Projet-S4/Velociraptor_Project/lectureADC/lectureADC.ip_user_files/sim_scripts -ip_user_files_dir C:/Users/raf_0/Documents/Projet_Kraken_Local/Projet-S4/Projet-S4/Velociraptor_Project/lectureADC/lectureADC.ip_user_files -ipstatic_source_dir C:/Users/raf_0/Documents/Projet_Kraken_Local/Projet-S4/Projet-S4/Velociraptor_Project/lectureADC/lectureADC.ip_user_files/ipstatic -lib_map_path [list {modelsim=C:/Users/raf_0/Documents/Projet_Kraken_Local/Projet-S4/Projet-S4/Velociraptor_Project/lectureADC/lectureADC.cache/compile_simlib/modelsim} {questa=C:/Users/raf_0/Documents/Projet_Kraken_Local/Projet-S4/Projet-S4/Velociraptor_Project/lectureADC/lectureADC.cache/compile_simlib/questa} {riviera=C:/Users/raf_0/Documents/Projet_Kraken_Local/Projet-S4/Projet-S4/Velociraptor_Project/lectureADC/lectureADC.cache/compile_simlib/riviera} {activehdl=C:/Users/raf_0/Documents/Projet_Kraken_Local/Projet-S4/Projet-S4/Velociraptor_Project/lectureADC/lectureADC.cache/compile_simlib/activehdl}] -use_ip_compiled_libs -force -quiet
report_ip_status -name ip_status 
make_wrapper -files [get_files C:/Users/raf_0/Documents/Projet_Kraken_Local/Projet-S4/Projet-S4/Velociraptor_Project/lectureADC/lectureADC.srcs/sources_1/bd/design_1/design_1.bd] -fileset [get_filesets sources_1] -inst_template
reset_run synth_1
launch_runs impl_1 -to_step write_bitstream -jobs 4
[Thu Mar 28 10:09:08 2019] Launched synth_1...
Run output will be captured here: C:/Users/raf_0/Documents/Projet_Kraken_Local/Projet-S4/Projet-S4/Velociraptor_Project/lectureADC/lectureADC.runs/synth_1/runme.log
[Thu Mar 28 10:09:08 2019] Launched impl_1...
Run output will be captured here: C:/Users/raf_0/Documents/Projet_Kraken_Local/Projet-S4/Projet-S4/Velociraptor_Project/lectureADC/lectureADC.runs/impl_1/runme.log
launch_runs: Time (s): cpu = 00:00:02 ; elapsed = 00:00:06 . Memory (MB): peak = 1051.965 ; gain = 5.613
file copy -force C:/Users/raf_0/Documents/Projet_Kraken_Local/Projet-S4/Projet-S4/Velociraptor_Project/lectureADC/lectureADC.runs/impl_1/Top.sysdef C:/Users/raf_0/Documents/Projet_Kraken_Local/Projet-S4/Projet-S4/Velociraptor_Project/lectureADC/lectureADC.sdk/Top.hdf

launch_sdk -workspace C:/Users/raf_0/Documents/Projet_Kraken_Local/Projet-S4/Projet-S4/Velociraptor_Project/lectureADC/lectureADC.sdk -hwspec C:/Users/raf_0/Documents/Projet_Kraken_Local/Projet-S4/Projet-S4/Velociraptor_Project/lectureADC/lectureADC.sdk/Top.hdf
INFO: [Vivado 12-393] Launching SDK...
INFO: [Vivado 12-417] Running xsdk -workspace C:/Users/raf_0/Documents/Projet_Kraken_Local/Projet-S4/Projet-S4/Velociraptor_Project/lectureADC/lectureADC.sdk -hwspec C:/Users/raf_0/Documents/Projet_Kraken_Local/Projet-S4/Projet-S4/Velociraptor_Project/lectureADC/lectureADC.sdk/Top.hdf
INFO: [Vivado 12-3157] SDK launch initiated. Please check console for any further messages.
launch_sdk -workspace C:/Users/raf_0/Documents/Projet_Kraken_Local/Projet-S4/Projet-S4/Velociraptor_Project/lectureADC/lectureADC.sdk -hwspec C:/Users/raf_0/Documents/Projet_Kraken_Local/Projet-S4/Projet-S4/Velociraptor_Project/lectureADC/lectureADC.sdk/Top.hdf
INFO: [Vivado 12-393] Launching SDK...
INFO: [Vivado 12-417] Running xsdk -workspace C:/Users/raf_0/Documents/Projet_Kraken_Local/Projet-S4/Projet-S4/Velociraptor_Project/lectureADC/lectureADC.sdk -hwspec C:/Users/raf_0/Documents/Projet_Kraken_Local/Projet-S4/Projet-S4/Velociraptor_Project/lectureADC/lectureADC.sdk/Top.hdf
INFO: [Vivado 12-3157] SDK launch initiated. Please check console for any further messages.
open_bd_design {C:/Users/raf_0/Documents/Projet_Kraken_Local/Projet-S4/Projet-S4/Velociraptor_Project/lectureADC/lectureADC.srcs/sources_1/bd/design_1/design_1.bd}
launch_sdk -workspace C:/Users/raf_0/Documents/Projet_Kraken_Local/Projet-S4/Projet-S4/Velociraptor_Project/lectureADC/lectureADC.sdk -hwspec C:/Users/raf_0/Documents/Projet_Kraken_Local/Projet-S4/Projet-S4/Velociraptor_Project/lectureADC/lectureADC.sdk/Top.hdf
INFO: [Vivado 12-393] Launching SDK...
INFO: [Vivado 12-417] Running xsdk -workspace C:/Users/raf_0/Documents/Projet_Kraken_Local/Projet-S4/Projet-S4/Velociraptor_Project/lectureADC/lectureADC.sdk -hwspec C:/Users/raf_0/Documents/Projet_Kraken_Local/Projet-S4/Projet-S4/Velociraptor_Project/lectureADC/lectureADC.sdk/Top.hdf
INFO: [Vivado 12-3157] SDK launch initiated. Please check console for any further messages.
reset_run synth_1
launch_runs impl_1 -to_step write_bitstream -jobs 4
[Thu Mar 28 10:59:02 2019] Launched synth_1...
Run output will be captured here: C:/Users/raf_0/Documents/Projet_Kraken_Local/Projet-S4/Projet-S4/Velociraptor_Project/lectureADC/lectureADC.runs/synth_1/runme.log
[Thu Mar 28 10:59:03 2019] Launched impl_1...
Run output will be captured here: C:/Users/raf_0/Documents/Projet_Kraken_Local/Projet-S4/Projet-S4/Velociraptor_Project/lectureADC/lectureADC.runs/impl_1/runme.log
reset_run synth_1
launch_runs impl_1 -to_step write_bitstream -jobs 4
[Thu Mar 28 11:02:08 2019] Launched synth_1...
Run output will be captured here: C:/Users/raf_0/Documents/Projet_Kraken_Local/Projet-S4/Projet-S4/Velociraptor_Project/lectureADC/lectureADC.runs/synth_1/runme.log
[Thu Mar 28 11:02:08 2019] Launched impl_1...
Run output will be captured here: C:/Users/raf_0/Documents/Projet_Kraken_Local/Projet-S4/Projet-S4/Velociraptor_Project/lectureADC/lectureADC.runs/impl_1/runme.log
file copy -force C:/Users/raf_0/Documents/Projet_Kraken_Local/Projet-S4/Projet-S4/Velociraptor_Project/lectureADC/lectureADC.runs/impl_1/Top.sysdef C:/Users/raf_0/Documents/Projet_Kraken_Local/Projet-S4/Projet-S4/Velociraptor_Project/lectureADC/lectureADC.sdk/Top.hdf

launch_sdk -workspace C:/Users/raf_0/Documents/Projet_Kraken_Local/Projet-S4/Projet-S4/Velociraptor_Project/lectureADC/lectureADC.sdk -hwspec C:/Users/raf_0/Documents/Projet_Kraken_Local/Projet-S4/Projet-S4/Velociraptor_Project/lectureADC/lectureADC.sdk/Top.hdf
INFO: [Vivado 12-393] Launching SDK...
INFO: [Vivado 12-417] Running xsdk -workspace C:/Users/raf_0/Documents/Projet_Kraken_Local/Projet-S4/Projet-S4/Velociraptor_Project/lectureADC/lectureADC.sdk -hwspec C:/Users/raf_0/Documents/Projet_Kraken_Local/Projet-S4/Projet-S4/Velociraptor_Project/lectureADC/lectureADC.sdk/Top.hdf
INFO: [Vivado 12-3157] SDK launch initiated. Please check console for any further messages.
open_bd_design {C:/Users/raf_0/Documents/Projet_Kraken_Local/Projet-S4/Projet-S4/Velociraptor_Project/lectureADC/lectureADC.srcs/sources_1/bd/design_1/design_1.bd}
open_bd_design {C:/Users/raf_0/Documents/Projet_Kraken_Local/Projet-S4/Projet-S4/Velociraptor_Project/lectureADC/lectureADC.srcs/sources_1/bd/design_1/design_1.bd}
reset_run synth_1
launch_runs impl_1 -to_step write_bitstream -jobs 4
[Thu Mar 28 11:54:09 2019] Launched synth_1...
Run output will be captured here: C:/Users/raf_0/Documents/Projet_Kraken_Local/Projet-S4/Projet-S4/Velociraptor_Project/lectureADC/lectureADC.runs/synth_1/runme.log
[Thu Mar 28 11:54:09 2019] Launched impl_1...
Run output will be captured here: C:/Users/raf_0/Documents/Projet_Kraken_Local/Projet-S4/Projet-S4/Velociraptor_Project/lectureADC/lectureADC.runs/impl_1/runme.log
file copy -force C:/Users/raf_0/Documents/Projet_Kraken_Local/Projet-S4/Projet-S4/Velociraptor_Project/lectureADC/lectureADC.runs/impl_1/Top.sysdef C:/Users/raf_0/Documents/Projet_Kraken_Local/Projet-S4/Projet-S4/Velociraptor_Project/lectureADC/lectureADC.sdk/Top.hdf

file copy -force C:/Users/raf_0/Documents/Projet_Kraken_Local/Projet-S4/Projet-S4/Velociraptor_Project/lectureADC/lectureADC.runs/impl_1/Top.sysdef C:/Users/raf_0/Documents/Projet_Kraken_Local/Projet-S4/Projet-S4/Velociraptor_Project/lectureADC/lectureADC.sdk/Top.hdf

launch_sdk -workspace C:/Users/raf_0/Documents/Projet_Kraken_Local/Projet-S4/Projet-S4/Velociraptor_Project/lectureADC/lectureADC.sdk -hwspec C:/Users/raf_0/Documents/Projet_Kraken_Local/Projet-S4/Projet-S4/Velociraptor_Project/lectureADC/lectureADC.sdk/Top.hdf
INFO: [Vivado 12-393] Launching SDK...
INFO: [Vivado 12-417] Running xsdk -workspace C:/Users/raf_0/Documents/Projet_Kraken_Local/Projet-S4/Projet-S4/Velociraptor_Project/lectureADC/lectureADC.sdk -hwspec C:/Users/raf_0/Documents/Projet_Kraken_Local/Projet-S4/Projet-S4/Velociraptor_Project/lectureADC/lectureADC.sdk/Top.hdf
INFO: [Vivado 12-3157] SDK launch initiated. Please check console for any further messages.
reset_run synth_1
launch_runs impl_1 -to_step write_bitstream -jobs 4
[Thu Mar 28 12:33:21 2019] Launched synth_1...
Run output will be captured here: C:/Users/raf_0/Documents/Projet_Kraken_Local/Projet-S4/Projet-S4/Velociraptor_Project/lectureADC/lectureADC.runs/synth_1/runme.log
[Thu Mar 28 12:33:21 2019] Launched impl_1...
Run output will be captured here: C:/Users/raf_0/Documents/Projet_Kraken_Local/Projet-S4/Projet-S4/Velociraptor_Project/lectureADC/lectureADC.runs/impl_1/runme.log
file copy -force C:/Users/raf_0/Documents/Projet_Kraken_Local/Projet-S4/Projet-S4/Velociraptor_Project/lectureADC/lectureADC.runs/impl_1/Top.sysdef C:/Users/raf_0/Documents/Projet_Kraken_Local/Projet-S4/Projet-S4/Velociraptor_Project/lectureADC/lectureADC.sdk/Top.hdf

launch_sdk -workspace C:/Users/raf_0/Documents/Projet_Kraken_Local/Projet-S4/Projet-S4/Velociraptor_Project/lectureADC/lectureADC.sdk -hwspec C:/Users/raf_0/Documents/Projet_Kraken_Local/Projet-S4/Projet-S4/Velociraptor_Project/lectureADC/lectureADC.sdk/Top.hdf
INFO: [Vivado 12-393] Launching SDK...
INFO: [Vivado 12-417] Running xsdk -workspace C:/Users/raf_0/Documents/Projet_Kraken_Local/Projet-S4/Projet-S4/Velociraptor_Project/lectureADC/lectureADC.sdk -hwspec C:/Users/raf_0/Documents/Projet_Kraken_Local/Projet-S4/Projet-S4/Velociraptor_Project/lectureADC/lectureADC.sdk/Top.hdf
INFO: [Vivado 12-3157] SDK launch initiated. Please check console for any further messages.
reset_run synth_1
launch_runs impl_1 -to_step write_bitstream -jobs 4
[Thu Mar 28 12:49:26 2019] Launched synth_1...
Run output will be captured here: C:/Users/raf_0/Documents/Projet_Kraken_Local/Projet-S4/Projet-S4/Velociraptor_Project/lectureADC/lectureADC.runs/synth_1/runme.log
[Thu Mar 28 12:49:26 2019] Launched impl_1...
Run output will be captured here: C:/Users/raf_0/Documents/Projet_Kraken_Local/Projet-S4/Projet-S4/Velociraptor_Project/lectureADC/lectureADC.runs/impl_1/runme.log
file copy -force C:/Users/raf_0/Documents/Projet_Kraken_Local/Projet-S4/Projet-S4/Velociraptor_Project/lectureADC/lectureADC.runs/impl_1/Top.sysdef C:/Users/raf_0/Documents/Projet_Kraken_Local/Projet-S4/Projet-S4/Velociraptor_Project/lectureADC/lectureADC.sdk/Top.hdf

launch_sdk -workspace C:/Users/raf_0/Documents/Projet_Kraken_Local/Projet-S4/Projet-S4/Velociraptor_Project/lectureADC/lectureADC.sdk -hwspec C:/Users/raf_0/Documents/Projet_Kraken_Local/Projet-S4/Projet-S4/Velociraptor_Project/lectureADC/lectureADC.sdk/Top.hdf
INFO: [Vivado 12-393] Launching SDK...
INFO: [Vivado 12-417] Running xsdk -workspace C:/Users/raf_0/Documents/Projet_Kraken_Local/Projet-S4/Projet-S4/Velociraptor_Project/lectureADC/lectureADC.sdk -hwspec C:/Users/raf_0/Documents/Projet_Kraken_Local/Projet-S4/Projet-S4/Velociraptor_Project/lectureADC/lectureADC.sdk/Top.hdf
INFO: [Vivado 12-3157] SDK launch initiated. Please check console for any further messages.
reset_run synth_1
launch_runs impl_1 -to_step write_bitstream -jobs 4
[Thu Mar 28 13:08:01 2019] Launched synth_1...
Run output will be captured here: C:/Users/raf_0/Documents/Projet_Kraken_Local/Projet-S4/Projet-S4/Velociraptor_Project/lectureADC/lectureADC.runs/synth_1/runme.log
[Thu Mar 28 13:08:01 2019] Launched impl_1...
Run output will be captured here: C:/Users/raf_0/Documents/Projet_Kraken_Local/Projet-S4/Projet-S4/Velociraptor_Project/lectureADC/lectureADC.runs/impl_1/runme.log
file copy -force C:/Users/raf_0/Documents/Projet_Kraken_Local/Projet-S4/Projet-S4/Velociraptor_Project/lectureADC/lectureADC.runs/impl_1/Top.sysdef C:/Users/raf_0/Documents/Projet_Kraken_Local/Projet-S4/Projet-S4/Velociraptor_Project/lectureADC/lectureADC.sdk/Top.hdf

launch_sdk -workspace C:/Users/raf_0/Documents/Projet_Kraken_Local/Projet-S4/Projet-S4/Velociraptor_Project/lectureADC/lectureADC.sdk -hwspec C:/Users/raf_0/Documents/Projet_Kraken_Local/Projet-S4/Projet-S4/Velociraptor_Project/lectureADC/lectureADC.sdk/Top.hdf
INFO: [Vivado 12-393] Launching SDK...
INFO: [Vivado 12-417] Running xsdk -workspace C:/Users/raf_0/Documents/Projet_Kraken_Local/Projet-S4/Projet-S4/Velociraptor_Project/lectureADC/lectureADC.sdk -hwspec C:/Users/raf_0/Documents/Projet_Kraken_Local/Projet-S4/Projet-S4/Velociraptor_Project/lectureADC/lectureADC.sdk/Top.hdf
INFO: [Vivado 12-3157] SDK launch initiated. Please check console for any further messages.
reset_run synth_1
launch_runs impl_1 -to_step write_bitstream -jobs 4
[Thu Mar 28 13:45:47 2019] Launched synth_1...
Run output will be captured here: C:/Users/raf_0/Documents/Projet_Kraken_Local/Projet-S4/Projet-S4/Velociraptor_Project/lectureADC/lectureADC.runs/synth_1/runme.log
[Thu Mar 28 13:45:47 2019] Launched impl_1...
Run output will be captured here: C:/Users/raf_0/Documents/Projet_Kraken_Local/Projet-S4/Projet-S4/Velociraptor_Project/lectureADC/lectureADC.runs/impl_1/runme.log
file copy -force C:/Users/raf_0/Documents/Projet_Kraken_Local/Projet-S4/Projet-S4/Velociraptor_Project/lectureADC/lectureADC.runs/impl_1/Top.sysdef C:/Users/raf_0/Documents/Projet_Kraken_Local/Projet-S4/Projet-S4/Velociraptor_Project/lectureADC/lectureADC.sdk/Top.hdf

launch_sdk -workspace C:/Users/raf_0/Documents/Projet_Kraken_Local/Projet-S4/Projet-S4/Velociraptor_Project/lectureADC/lectureADC.sdk -hwspec C:/Users/raf_0/Documents/Projet_Kraken_Local/Projet-S4/Projet-S4/Velociraptor_Project/lectureADC/lectureADC.sdk/Top.hdf
INFO: [Vivado 12-393] Launching SDK...
INFO: [Vivado 12-417] Running xsdk -workspace C:/Users/raf_0/Documents/Projet_Kraken_Local/Projet-S4/Projet-S4/Velociraptor_Project/lectureADC/lectureADC.sdk -hwspec C:/Users/raf_0/Documents/Projet_Kraken_Local/Projet-S4/Projet-S4/Velociraptor_Project/lectureADC/lectureADC.sdk/Top.hdf
INFO: [Vivado 12-3157] SDK launch initiated. Please check console for any further messages.
reset_run synth_1
launch_runs impl_1 -to_step write_bitstream -jobs 4
[Thu Mar 28 13:59:34 2019] Launched synth_1...
Run output will be captured here: C:/Users/raf_0/Documents/Projet_Kraken_Local/Projet-S4/Projet-S4/Velociraptor_Project/lectureADC/lectureADC.runs/synth_1/runme.log
[Thu Mar 28 13:59:34 2019] Launched impl_1...
Run output will be captured here: C:/Users/raf_0/Documents/Projet_Kraken_Local/Projet-S4/Projet-S4/Velociraptor_Project/lectureADC/lectureADC.runs/impl_1/runme.log
file copy -force C:/Users/raf_0/Documents/Projet_Kraken_Local/Projet-S4/Projet-S4/Velociraptor_Project/lectureADC/lectureADC.runs/impl_1/Top.sysdef C:/Users/raf_0/Documents/Projet_Kraken_Local/Projet-S4/Projet-S4/Velociraptor_Project/lectureADC/lectureADC.sdk/Top.hdf

launch_sdk -workspace C:/Users/raf_0/Documents/Projet_Kraken_Local/Projet-S4/Projet-S4/Velociraptor_Project/lectureADC/lectureADC.sdk -hwspec C:/Users/raf_0/Documents/Projet_Kraken_Local/Projet-S4/Projet-S4/Velociraptor_Project/lectureADC/lectureADC.sdk/Top.hdf
INFO: [Vivado 12-393] Launching SDK...
INFO: [Vivado 12-417] Running xsdk -workspace C:/Users/raf_0/Documents/Projet_Kraken_Local/Projet-S4/Projet-S4/Velociraptor_Project/lectureADC/lectureADC.sdk -hwspec C:/Users/raf_0/Documents/Projet_Kraken_Local/Projet-S4/Projet-S4/Velociraptor_Project/lectureADC/lectureADC.sdk/Top.hdf
INFO: [Vivado 12-3157] SDK launch initiated. Please check console for any further messages.
exit
INFO: [Common 17-206] Exiting Vivado at Thu Mar 28 14:23:08 2019...
