KCPSM6 Assembler log file for program 'C:\Users\ArcticWalrus\Documents\GitHub\Projet-S4\ergonomie\assembleur_ergonomie\Exer_1\myProgram.psm'.
Generated by KCPSM6 version v2.70
Ken Chapman - Xilinx Ltd - 16th May 2014

Assembly datestamp: 21 Mar 2019
Assembly timestamp: 17:31:25

Contents
  Assembly listing
  List of PSM files
  List of CONSTANTs
  List of TABLEs
  List of STRINGs
  List of line labels
  Instruction usage statistics


Last occupied address: 006 hex
Nominal program memory size: 1K (1024)   address(9:0)
Actual memory size: 4096
  (Default memory size)
Occupied memory locations: 7
Memory locations available: 4089


Assembly listing

 Addr Code          Instruction

 000                ; myProgram.psm
 000                ;
 000                ; This is the start of 'myProgram' for KCPSM6
 000                ;
 000                ; 4 Switches
 000                CONSTANT Switches_port, 01
 000                ;
 000                ; 4 Buttons
 000                CONSTANT Buttons_port, 00
 000                ;
 000                ; 4 LEDs
 000                CONSTANT LED_port, 02
 000                ;
 000                ; 8 Pmod 8LD LEDs
 000                CONSTANT Pmod_8LD_port, 04
 000                ;
 000                ; Bit assignements for each LED/button
 000                CONSTANT bit0, 00000001'b    ;
 000                CONSTANT bit1, 00000010'b    ;
 000                CONSTANT bit2, 00000100'b    ;
 000                CONSTANT bit3, 00001000'b    ;
 000                CONSTANT bit4, 00010000'b    ;
 000                CONSTANT bit5, 00100000'b    ;
 000                CONSTANT bit6, 01000000'b    ;
 000                CONSTANT bit7, 10000000'b    ;
 000                ;
 000                ;
 000  09001  start: INPUT s0, 01[Switches_port]
 001  2D002         OUTPUT s0, 02[LED_port]      ; display 4-bits switches value on Leds (ZYBO Z710)
 002                ;
 002  09100         INPUT s1, 00[Buttons_port]
 003  2D104         OUTPUT s1, 04[Pmod_8LD_port] ; display 4-bits buttons value on 4 Leds (0,1,2,3) (Pmod8LD)
 004                ;
 004  05110         OR s1, 10[bit4]              ; set bit4 in s1 to high and preserves all other bits
 005  2D104         OUTPUT s1, 04[Pmod_8LD_port] ; turn Led4 on (Pmod8LD)
 006  22000         JUMP 000[start]


All unused memory locations contain zero (equivalent to 'LOAD s0, s0')



List of PSM files that have been assembled

C:\Users\ArcticWalrus\Documents\GitHub\Projet-S4\ergonomie\assembleur_ergonomie\Exer_1\myProgram.psm



List of defined constants

 CONSTANT name     Value        Source PSM File

 timestamp_hours   17'd         
 timestamp_minutes 31'd         
 timestamp_seconds 25'd         
 datestamp_year    19'd         
 datestamp_month   3'd          
 datestamp_day     21'd         
 NUL               00           
 BEL               07           
 BS                08           
 HT                09           
 LF                0A           
 VT                0B           
 CR                0D           
 ESC               1B           
 DEL               7F           
 DCS               90           
 ST                9C           
 Switches_port     01           myProgram.psm
 Buttons_port      00           myProgram.psm
 LED_port          02           myProgram.psm
 Pmod_8LD_port     04           myProgram.psm
 bit0              00000001'b   myProgram.psm
 bit1              00000010'b   myProgram.psm
 bit2              00000100'b   myProgram.psm
 bit3              00001000'b   myProgram.psm
 bit4              00010000'b   myProgram.psm
 bit5              00100000'b   myProgram.psm
 bit6              01000000'b   myProgram.psm
 bit7              10000000'b   myProgram.psm



No TABLEs defined



List of text strings

 STRING name       String         Source PSM File

 KCPSM6_version$   "v2.70"        
 datestamp$        "21 Mar 2019"  
 timestamp$        "17:31:25"     



List of line labels

   Label    Addr  Source PSM File

   start    000   myProgram.psm



Instruction usage statistics

 Instruction    Instances

 LOAD              -
 STAR              -

 AND               -
 OR                1
 XOR               -

 ADD               -
 ADDCY             -
 SUB               -
 SUBCY             -

 TEST              -
 TESTCY            -
 COMPARE           -
 COMPARECY         -

 SL0               -
 SL1               -
 SLX               -
 SLA               -
 RL                -
 SR0               -
 SR1               -
 SRX               -
 SRA               -
 RR                -

 REGBANK           -

 INPUT             2
 OUTPUT            3
 OUTPUTK           -

 STORE             -
 FETCH             -

 DISABLE           -
 ENABLE            -
 RETURNI           -

 JUMP              1
 JUMP@             -
 CALL              -
 CALL@             -
 RETURN            -
 LOAD&RETURN       -

 HWBUILD           -



End of KCPSM6 log file.
