17:05:07 **** Build of configuration Debug for project P2_S4_Server ****
make pre-build main-build 
a9-linaro-pre-build-step
' '
'Building file: ../src/http_server/http_response.c'
'Invoking: ARM v7 gcc compiler'
arm-none-eabi-gcc -Wall -O0 -g3 -c -fmessage-length=0 -MT"src/http_server/http_response.o" -mcpu=cortex-a9 -mfpu=vfpv3 -mfloat-abi=hard -I../../P2_S4_Server_bsp/ps7_cortexa9_0/include -MMD -MP -MF"src/http_server/http_response.d" -MT"src/http_server/http_response.o" -o "src/http_server/http_response.o" "../src/http_server/http_response.c"
'Finished building: ../src/http_server/http_response.c'
' '
'Building file: ../src/http_server/platform_fs.c'
'Invoking: ARM v7 gcc compiler'
arm-none-eabi-gcc -Wall -O0 -g3 -c -fmessage-length=0 -MT"src/http_server/platform_fs.o" -mcpu=cortex-a9 -mfpu=vfpv3 -mfloat-abi=hard -I../../P2_S4_Server_bsp/ps7_cortexa9_0/include -MMD -MP -MF"src/http_server/platform_fs.d" -MT"src/http_server/platform_fs.o" -o "src/http_server/platform_fs.o" "../src/http_server/platform_fs.c"
'Finished building: ../src/http_server/platform_fs.c'
' '
'Building file: ../src/http_server/platform_gpio.c'
'Invoking: ARM v7 gcc compiler'
arm-none-eabi-gcc -Wall -O0 -g3 -c -fmessage-length=0 -MT"src/http_server/platform_gpio.o" -mcpu=cortex-a9 -mfpu=vfpv3 -mfloat-abi=hard -I../../P2_S4_Server_bsp/ps7_cortexa9_0/include -MMD -MP -MF"src/http_server/platform_gpio.d" -MT"src/http_server/platform_gpio.o" -o "src/http_server/platform_gpio.o" "../src/http_server/platform_gpio.c"
'Finished building: ../src/http_server/platform_gpio.c'
' '
'Building file: ../src/http_server/web_utils.c'
'Invoking: ARM v7 gcc compiler'
arm-none-eabi-gcc -Wall -O0 -g3 -c -fmessage-length=0 -MT"src/http_server/web_utils.o" -mcpu=cortex-a9 -mfpu=vfpv3 -mfloat-abi=hard -I../../P2_S4_Server_bsp/ps7_cortexa9_0/include -MMD -MP -MF"src/http_server/web_utils.d" -MT"src/http_server/web_utils.o" -o "src/http_server/web_utils.o" "../src/http_server/web_utils.c"
'Finished building: ../src/http_server/web_utils.c'
' '
'Building file: ../src/http_server/webserver.c'
'Invoking: ARM v7 gcc compiler'
arm-none-eabi-gcc -Wall -O0 -g3 -c -fmessage-length=0 -MT"src/http_server/webserver.o" -mcpu=cortex-a9 -mfpu=vfpv3 -mfloat-abi=hard -I../../P2_S4_Server_bsp/ps7_cortexa9_0/include -MMD -MP -MF"src/http_server/webserver.d" -MT"src/http_server/webserver.o" -o "src/http_server/webserver.o" "../src/http_server/webserver.c"
'Finished building: ../src/http_server/webserver.c'
' '
'Building file: ../src/iic_phyreset.c'
'Invoking: ARM v7 gcc compiler'
arm-none-eabi-gcc -Wall -O0 -g3 -c -fmessage-length=0 -MT"src/iic_phyreset.o" -mcpu=cortex-a9 -mfpu=vfpv3 -mfloat-abi=hard -I../../P2_S4_Server_bsp/ps7_cortexa9_0/include -MMD -MP -MF"src/iic_phyreset.d" -MT"src/iic_phyreset.o" -o "src/iic_phyreset.o" "../src/iic_phyreset.c"
'Finished building: ../src/iic_phyreset.c'
' '
'Building file: ../src/main.c'
'Invoking: ARM v7 gcc compiler'
arm-none-eabi-gcc -Wall -O0 -g3 -c -fmessage-length=0 -MT"src/main.o" -mcpu=cortex-a9 -mfpu=vfpv3 -mfloat-abi=hard -I../../P2_S4_Server_bsp/ps7_cortexa9_0/include -MMD -MP -MF"src/main.d" -MT"src/main.o" -o "src/main.o" "../src/main.c"
../src/main.c: In function 'main_thread':
../src/main.c:221:2: warning: implicit declaration of function 'print_web_app_header'; did you mean 'print_app_header'? [-Wimplicit-function-declaration]
  print_web_app_header();
  ^~~~~~~~~~~~~~~~~~~~
  print_app_header
'Finished building: ../src/main.c'
' '
'Building target: P2_S4_Server.elf'
'Invoking: ARM v7 gcc linker'
arm-none-eabi-gcc -mcpu=cortex-a9 -mfpu=vfpv3 -mfloat-abi=hard -Wl,-build-id=none -specs=Xilinx.spec -Wl,-T -Wl,../src/lscript.ld -L../../P2_S4_Server_bsp/ps7_cortexa9_0/lib -o "P2_S4_Server.elf"  ./src/http_server/http_response.o ./src/http_server/platform_fs.o ./src/http_server/platform_gpio.o ./src/http_server/web_utils.o ./src/http_server/webserver.o  ./src/iic_phyreset.o ./src/main.o   -Wl,--start-group,-lxil,-lfreertos,-lgcc,-lc,--end-group -Wl,--start-group,-lxil,-llwip4,-lgcc,-lc,--end-group
./src/http_server/http_response.o: In function `do_http_get':
D:\DEV\School_Project\PROJECT_FILES\P2_S4_Velociraptor\P2_S4_Velociraptor.sdk\P2_S4_Server\Debug/../src/http_server/http_response.c:151: undefined reference to `f_open'
D:\DEV\School_Project\PROJECT_FILES\P2_S4_Velociraptor\P2_S4_Velociraptor.sdk\P2_S4_Server\Debug/../src/http_server/http_response.c:192: undefined reference to `f_read'
D:\DEV\School_Project\PROJECT_FILES\P2_S4_Velociraptor\P2_S4_Velociraptor.sdk\P2_S4_Server\Debug/../src/http_server/http_response.c:209: undefined reference to `f_close'
./src/http_server/platform_fs.o: In function `platform_init_fs':
D:\DEV\School_Project\PROJECT_FILES\P2_S4_Velociraptor\P2_S4_Velociraptor.sdk\P2_S4_Server\Debug/../src/http_server/platform_fs.c:33: undefined reference to `f_mount'
D:\DEV\School_Project\PROJECT_FILES\P2_S4_Velociraptor\P2_S4_Velociraptor.sdk\P2_S4_Server\Debug/../src/http_server/platform_fs.c:43: undefined reference to `f_open'
D:\DEV\School_Project\PROJECT_FILES\P2_S4_Velociraptor\P2_S4_Velociraptor.sdk\P2_S4_Server\Debug/../src/http_server/platform_fs.c:48: undefined reference to `f_close'
D:\DEV\School_Project\PROJECT_FILES\P2_S4_Velociraptor\P2_S4_Velociraptor.sdk\P2_S4_Server\Debug/../src/http_server/platform_fs.c:52: undefined reference to `f_open'
collect2.exe: error: ld returned 1 exit status
make: *** [P2_S4_Server.elf] Erreur 1

17:05:10 Build Finished (took 2s.675ms)

