KCPSM6 Assembler log file for program 'C:\Users\ArcticWalrus\Documents\GitHub\Projet-S4\ergonomie\Projet_Pico\myProgram.psm'.
Generated by KCPSM6 version v2.70
Ken Chapman - Xilinx Ltd - 16th May 2014

Assembly datestamp: 10 Apr 2019
Assembly timestamp: 01:17:04

Contents
  Assembly listing
  List of PSM files
  List of CONSTANTs
  List of TABLEs
  List of STRINGs
  List of line labels
  Instruction usage statistics


Last occupied address: 002 hex
Nominal program memory size: 1K (1024)   address(9:0)
Actual memory size: 4096
  (Default memory size)
Occupied memory locations: 3
Memory locations available: 4093


Assembly listing

 Addr Code          Instruction

 000                ; myProgram.psm
 000                ;
 000                ; This is the start of 'myProgram' for KCPSM6
 000                ;
 000                ;
 000                ; 4 Buttons
 000                CONSTANT Buttons_port, 00
 000                ;
 000                ; 4 LEDs
 000                CONSTANT LED_port, 02
 000                ;
 000                ;
 000                ; Bit assignements for each LED/button
 000                CONSTANT bit0, 00000001'b  ;
 000                CONSTANT bit1, 00000010'b  ;
 000                CONSTANT bit2, 00000100'b  ;
 000                CONSTANT bit3, 00001000'b  ;
 000                CONSTANT bit4, 00010000'b  ;
 000                CONSTANT bit5, 00100000'b  ;
 000                CONSTANT bit6, 01000000'b  ;
 000                CONSTANT bit7, 10000000'b  ;
 000                ;
 000                ;
 000  09000  start: INPUT s0, 00[Buttons_port]
 001  2D002         OUTPUT s0, 02[LED_port]    ; display 4-bits switches value on Leds (ZYBO Z710)
 002  22000         JUMP 000[start]


All unused memory locations contain zero (equivalent to 'LOAD s0, s0')



List of PSM files that have been assembled

C:\Users\ArcticWalrus\Documents\GitHub\Projet-S4\ergonomie\Projet_Pico\myProgram.psm



List of defined constants

 CONSTANT name     Value        Source PSM File

 timestamp_hours   01'd         
 timestamp_minutes 17'd         
 timestamp_seconds 04'd         
 datestamp_year    19'd         
 datestamp_month   4'd          
 datestamp_day     10'd         
 NUL               00           
 BEL               07           
 BS                08           
 HT                09           
 LF                0A           
 VT                0B           
 CR                0D           
 ESC               1B           
 DEL               7F           
 DCS               90           
 ST                9C           
 Buttons_port      00           myProgram.psm
 LED_port          02           myProgram.psm
 bit0              00000001'b   myProgram.psm
 bit1              00000010'b   myProgram.psm
 bit2              00000100'b   myProgram.psm
 bit3              00001000'b   myProgram.psm
 bit4              00010000'b   myProgram.psm
 bit5              00100000'b   myProgram.psm
 bit6              01000000'b   myProgram.psm
 bit7              10000000'b   myProgram.psm



No TABLEs defined



List of text strings

 STRING name       String         Source PSM File

 KCPSM6_version$   "v2.70"        
 datestamp$        "10 Apr 2019"  
 timestamp$        "01:17:04"     



List of line labels

   Label    Addr  Source PSM File

   start    000   myProgram.psm



Instruction usage statistics

 Instruction    Instances

 LOAD              -
 STAR              -

 AND               -
 OR                -
 XOR               -

 ADD               -
 ADDCY             -
 SUB               -
 SUBCY             -

 TEST              -
 TESTCY            -
 COMPARE           -
 COMPARECY         -

 SL0               -
 SL1               -
 SLX               -
 SLA               -
 RL                -
 SR0               -
 SR1               -
 SRX               -
 SRA               -
 RR                -

 REGBANK           -

 INPUT             1
 OUTPUT            1
 OUTPUTK           -

 STORE             -
 FETCH             -

 DISABLE           -
 ENABLE            -
 RETURNI           -

 JUMP              1
 JUMP@             -
 CALL              -
 CALL@             -
 RETURN            -
 LOAD&RETURN       -

 HWBUILD           -



End of KCPSM6 log file.
