#-----------------------------------------------------------
# Vivado v2018.2 (64-bit)
# SW Build 2258646 on Thu Jun 14 20:03:12 MDT 2018
# IP Build 2256618 on Thu Jun 14 22:10:49 MDT 2018
# Start of session at: Thu Apr 11 10:16:11 2019
# Process ID: 1104
# Current directory: C:/Users/stjm2505/Documents/GitHub/Projet-S4/ergonomie/Projet_Pico
# Command line: vivado.exe -gui_launcher_event rodinguilauncherevent3444 C:\Users\stjm2505\Documents\GitHub\Projet-S4\ergonomie\Projet_Pico\Projet_Pico.xpr
# Log file: C:/Users/stjm2505/Documents/GitHub/Projet-S4/ergonomie/Projet_Pico/vivado.log
# Journal file: C:/Users/stjm2505/Documents/GitHub/Projet-S4/ergonomie/Projet_Pico\vivado.jou
#-----------------------------------------------------------
start_gui
open_project C:/Users/stjm2505/Documents/GitHub/Projet-S4/ergonomie/Projet_Pico/Projet_Pico.xpr
INFO: [Project 1-313] Project file moved from 'C:/Users/ArcticWalrus/Documents/GitHub/Projet-S4/ergonomie/Projet_Pico' since last save.
Scanning sources...
Finished scanning sources
WARNING: [filemgmt 56-2] IPUserFilesDir: Could not find the directory 'C:/Users/stjm2505/Documents/GitHub/Projet-S4/ergonomie/Projet_Pico/Projet_Pico.ip_user_files', nor could it be found using path 'C:/Users/ArcticWalrus/Documents/GitHub/Projet-S4/ergonomie/Projet_Pico/Projet_Pico.ip_user_files'.
INFO: [IP_Flow 19-234] Refreshing IP repositories
INFO: [IP_Flow 19-1704] No user IP repositories specified
INFO: [IP_Flow 19-2313] Loaded Vivado IP repository 'C:/Xilinx/Vivado/2018.2/data/ip'.
open_project: Time (s): cpu = 00:00:15 ; elapsed = 00:00:09 . Memory (MB): peak = 801.699 ; gain = 156.832
update_compile_order -fileset sources_1
exit
INFO: [Common 17-206] Exiting Vivado at Thu Apr 11 10:18:21 2019...
