#-----------------------------------------------------------
# Vivado v2018.2 (64-bit)
# SW Build 2258646 on Thu Jun 14 20:03:12 MDT 2018
# IP Build 2256618 on Thu Jun 14 22:10:49 MDT 2018
# Start of session at: Thu Mar 28 11:32:34 2019
# Process ID: 44832
# Current directory: C:/Users/ArcticWalrus/Documents/GitHub/Projet-S4/ergonomie/assembleur_ergonomie/MEF
# Command line: vivado.exe -gui_launcher_event rodinguilauncherevent37072 C:\Users\ArcticWalrus\Documents\GitHub\Projet-S4\ergonomie\assembleur_ergonomie\MEF\MEF.xpr
# Log file: C:/Users/ArcticWalrus/Documents/GitHub/Projet-S4/ergonomie/assembleur_ergonomie/MEF/vivado.log
# Journal file: C:/Users/ArcticWalrus/Documents/GitHub/Projet-S4/ergonomie/assembleur_ergonomie/MEF\vivado.jou
#-----------------------------------------------------------
start_gui
open_project C:/Users/ArcticWalrus/Documents/GitHub/Projet-S4/ergonomie/assembleur_ergonomie/MEF/MEF.xpr
INFO: [ProjectBase 1-489] The host OS only allows 260 characters in a normal path. The project is stored in a path with more than 80 characters. If you experience issues with IP, Block Designs, or files not being found, please consider moving the project to a location with a shorter path. Alternately consider using the OS subst command to map part of the path to a drive letter.
Current project path is 'C:/Users/ArcticWalrus/Documents/GitHub/Projet-S4/ergonomie/assembleur_ergonomie/MEF'
INFO: [Project 1-313] Project file moved from 'C:/ZYBO/FichiersAtelier4Picoblaze/Demo2' since last save.
Scanning sources...
Finished scanning sources
WARNING: [filemgmt 56-2] IP Repository Path: Could not find the directory 'C:/Users/ArcticWalrus/Documents/GitHub/Projet-S4/ergonomie/Work-2018.2/vivado-library-2018.2-1', nor could it be found using path 'C:/ZYBO/Work-2018.2/vivado-library-2018.2-1'.
WARNING: [filemgmt 56-2] IPUserFilesDir: Could not find the directory 'C:/Users/ArcticWalrus/Documents/GitHub/Projet-S4/ergonomie/assembleur_ergonomie/MEF/MEF.ip_user_files', nor could it be found using path 'C:/ZYBO/FichiersAtelier4Picoblaze/Demo2/Demo2.ip_user_files'.
INFO: [IP_Flow 19-234] Refreshing IP repositories
WARNING: [IP_Flow 19-2248] Failed to load user IP repository 'c:/Users/ArcticWalrus/Documents/GitHub/Projet-S4/ergonomie/Work-2018.2/vivado-library-2018.2-1'; Can't find the specified path.
If this directory should no longer be in your list of user repositories, go to the IP Settings dialog and remove it.
INFO: [IP_Flow 19-2313] Loaded Vivado IP repository 'C:/Xilinx/Vivado/2018.2/data/ip'.
open_project: Time (s): cpu = 00:00:15 ; elapsed = 00:00:19 . Memory (MB): peak = 813.555 ; gain = 88.473
update_compile_order -fileset sources_1
exit
INFO: [Common 17-206] Exiting Vivado at Thu Mar 28 11:44:51 2019...
