#-----------------------------------------------------------
# Vivado v2018.2 (64-bit)
# SW Build 2258646 on Thu Jun 14 20:03:12 MDT 2018
# IP Build 2256618 on Thu Jun 14 22:10:49 MDT 2018
# Start of session at: Tue Apr  2 16:23:23 2019
# Process ID: 31508
# Current directory: C:/Users/ArcticWalrus/Documents/GitHub/Projet-S4/ergonomie/New Projects/assembleur_ergonomie/MEF
# Command line: vivado.exe -gui_launcher_event rodinguilauncherevent7612 C:\Users\ArcticWalrus\Documents\GitHub\Projet-S4\ergonomie\New Projects\assembleur_ergonomie\MEF\MEF.xpr
# Log file: C:/Users/ArcticWalrus/Documents/GitHub/Projet-S4/ergonomie/New Projects/assembleur_ergonomie/MEF/vivado.log
# Journal file: C:/Users/ArcticWalrus/Documents/GitHub/Projet-S4/ergonomie/New Projects/assembleur_ergonomie/MEF\vivado.jou
#-----------------------------------------------------------
start_gui
open_project {C:/Users/ArcticWalrus/Documents/GitHub/Projet-S4/ergonomie/New Projects/assembleur_ergonomie/MEF/MEF.xpr}
INFO: [ProjectBase 1-489] The host OS only allows 260 characters in a normal path. The project is stored in a path with more than 80 characters. If you experience issues with IP, Block Designs, or files not being found, please consider moving the project to a location with a shorter path. Alternately consider using the OS subst command to map part of the path to a drive letter.
Current project path is 'C:/Users/ArcticWalrus/Documents/GitHub/Projet-S4/ergonomie/New Projects/assembleur_ergonomie/MEF'
CRITICAL WARNING: [Project 1-19] Could not find the file 'C:/Users/ArcticWalrus/Documents/GitHub/Projet-S4/ergonomie/IMU_demo/IMU_demo.srcs/sources_1/bd/design_1/design_1.bd'.
CRITICAL WARNING: [Project 1-19] Could not find the file 'C:/Users/ArcticWalrus/Documents/GitHub/Projet-S4/ergonomie/IMU_demo/IMU_demo.srcs/sources_1/bd/design_1/hdl/design_1_wrapper.vhd'.
Scanning sources...
Finished scanning sources
WARNING: [filemgmt 56-3] IP Repository Path: Could not find the directory 'C:/Users/ArcticWalrus/Documents/GitHub/Projet-S4/ergonomie/New Projects/Work-2018.2/vivado-library-2018.2-1'.
INFO: [IP_Flow 19-234] Refreshing IP repositories
WARNING: [IP_Flow 19-2248] Failed to load user IP repository 'c:/Users/ArcticWalrus/Documents/GitHub/Projet-S4/ergonomie/New Projects/Work-2018.2/vivado-library-2018.2-1'; Can't find the specified path.
If this directory should no longer be in your list of user repositories, go to the IP Settings dialog and remove it.
INFO: [IP_Flow 19-2313] Loaded Vivado IP repository 'C:/Xilinx/Vivado/2018.2/data/ip'.
open_project: Time (s): cpu = 00:00:18 ; elapsed = 00:00:19 . Memory (MB): peak = 766.266 ; gain = 85.297
update_compile_order -fileset sources_1
open_bd_design {C:/Users/ArcticWalrus/Documents/GitHub/Projet-S4/ergonomie/IMU_demo/IMU_demo.srcs/sources_1/bd/design_1/design_1.bd}
ERROR: [BD 41-1296] Cannot read BD file <C:/Users/ArcticWalrus/Documents/GitHub/Projet-S4/ergonomie/IMU_demo/IMU_demo.srcs/sources_1/bd/design_1/design_1.bd>, check for the correct location of the file.
ERROR: [Common 17-39] 'open_bd_design' failed due to earlier errors.
import_files -norecurse {{C:/Users/ArcticWalrus/Documents/GitHub/Projet-S4/ergonomie/New Projects/c_ergonomie/IMU_demo/IMU_demo.srcs/sources_1/bd/design_1/design_1.bd}}
ERROR: [BD 41-1028] Cannot add 'design_1.bd' to the project, since there is another block-design of same name already present in this project.
CRITICAL WARNING: [filemgmt 20-984] The source file 'C:/Users/ArcticWalrus/Documents/GitHub/Projet-S4/ergonomie/New Projects/c_ergonomie/IMU_demo/IMU_demo.srcs/sources_1/bd/design_1/design_1.bd' cannot be added to the fileset 'sources_1'.
ERROR: [Common 17-39] 'import_files' failed due to earlier errors.
export_ip_user_files -of_objects  [get_files C:/Users/ArcticWalrus/Documents/GitHub/Projet-S4/ergonomie/IMU_demo/IMU_demo.srcs/sources_1/bd/design_1/design_1.bd] -no_script -reset -force -quiet
remove_files  C:/Users/ArcticWalrus/Documents/GitHub/Projet-S4/ergonomie/IMU_demo/IMU_demo.srcs/sources_1/bd/design_1/design_1.bd
import_files -norecurse {{C:/Users/ArcticWalrus/Documents/GitHub/Projet-S4/ergonomie/New Projects/c_ergonomie/IMU_demo/IMU_demo.srcs/sources_1/bd/design_1/design_1.bd}}
import_files: Time (s): cpu = 00:00:02 ; elapsed = 00:00:09 . Memory (MB): peak = 824.125 ; gain = 14.281
export_ip_user_files -of_objects  [get_files  {{C:/Users/ArcticWalrus/Documents/GitHub/Projet-S4/ergonomie/New Projects/assembleur_ergonomie/MEF/MEF.srcs/sources_1/bd/design_1/design_1.bd}}] -lib_map_path [list {modelsim=C:/Users/ArcticWalrus/Documents/GitHub/Projet-S4/ergonomie/New Projects/assembleur_ergonomie/MEF/MEF.cache/compile_simlib/modelsim} {questa=C:/Users/ArcticWalrus/Documents/GitHub/Projet-S4/ergonomie/New Projects/assembleur_ergonomie/MEF/MEF.cache/compile_simlib/questa} {riviera=C:/Users/ArcticWalrus/Documents/GitHub/Projet-S4/ergonomie/New Projects/assembleur_ergonomie/MEF/MEF.cache/compile_simlib/riviera} {activehdl=C:/Users/ArcticWalrus/Documents/GitHub/Projet-S4/ergonomie/New Projects/assembleur_ergonomie/MEF/MEF.cache/compile_simlib/activehdl}] -force -quiet
update_compile_order -fileset sources_1
open_bd_design {C:/Users/ArcticWalrus/Documents/GitHub/Projet-S4/ergonomie/New Projects/assembleur_ergonomie/MEF/MEF.srcs/sources_1/bd/design_1/design_1.bd}
Adding cell -- xilinx.com:ip:processing_system7:5.5 - processing_system7_0
Successfully read diagram <design_1> from BD file <C:/Users/ArcticWalrus/Documents/GitHub/Projet-S4/ergonomie/New Projects/assembleur_ergonomie/MEF/MEF.srcs/sources_1/bd/design_1/design_1.bd>
open_bd_design: Time (s): cpu = 00:00:15 ; elapsed = 00:00:21 . Memory (MB): peak = 925.922 ; gain = 98.832
exit
INFO: [Common 17-206] Exiting Vivado at Tue Apr  2 20:56:16 2019...
