#-----------------------------------------------------------
# Vivado v2018.2 (64-bit)
# SW Build 2258646 on Thu Jun 14 20:03:12 MDT 2018
# IP Build 2256618 on Thu Jun 14 22:10:49 MDT 2018
# Start of session at: Thu Mar 21 13:46:36 2019
# Process ID: 6540
# Current directory: C:/Users/raye2601/Desktop/IMU_demo
# Command line: vivado.exe -gui_launcher_event rodinguilauncherevent6760 C:\Users\raye2601\Desktop\IMU_demo\IMU_demo.xpr
# Log file: C:/Users/raye2601/Desktop/IMU_demo/vivado.log
# Journal file: C:/Users/raye2601/Desktop/IMU_demo\vivado.jou
#-----------------------------------------------------------
start_gui
open_project C:/Users/raye2601/Desktop/IMU_demo/IMU_demo.xpr
Scanning sources...
Finished scanning sources
INFO: [IP_Flow 19-234] Refreshing IP repositories
INFO: [IP_Flow 19-1704] No user IP repositories specified
INFO: [IP_Flow 19-2313] Loaded Vivado IP repository 'C:/Xilinx/Vivado/2018.2/data/ip'.
open_project: Time (s): cpu = 00:00:14 ; elapsed = 00:00:08 . Memory (MB): peak = 788.734 ; gain = 122.270
update_compile_order -fileset sources_1
exit
INFO: [Common 17-206] Exiting Vivado at Thu Mar 21 13:47:58 2019...
