#-----------------------------------------------------------
# Vivado v2018.2 (64-bit)
# SW Build 2258646 on Thu Jun 14 20:03:12 MDT 2018
# IP Build 2256618 on Thu Jun 14 22:10:49 MDT 2018
# Start of session at: Tue Apr  2 20:44:32 2019
# Process ID: 31044
# Current directory: C:/Users/ArcticWalrus/Documents/GitHub/Projet-S4/ergonomie/New Projects/c_ergonomie/IMU_demo
# Command line: vivado.exe -gui_launcher_event rodinguilauncherevent17100 C:\Users\ArcticWalrus\Documents\GitHub\Projet-S4\ergonomie\New Projects\c_ergonomie\IMU_demo\IMU_demo.xpr
# Log file: C:/Users/ArcticWalrus/Documents/GitHub/Projet-S4/ergonomie/New Projects/c_ergonomie/IMU_demo/vivado.log
# Journal file: C:/Users/ArcticWalrus/Documents/GitHub/Projet-S4/ergonomie/New Projects/c_ergonomie/IMU_demo\vivado.jou
#-----------------------------------------------------------
start_gui
open_project {C:/Users/ArcticWalrus/Documents/GitHub/Projet-S4/ergonomie/New Projects/c_ergonomie/IMU_demo/IMU_demo.xpr}
INFO: [ProjectBase 1-489] The host OS only allows 260 characters in a normal path. The project is stored in a path with more than 80 characters. If you experience issues with IP, Block Designs, or files not being found, please consider moving the project to a location with a shorter path. Alternately consider using the OS subst command to map part of the path to a drive letter.
Current project path is 'C:/Users/ArcticWalrus/Documents/GitHub/Projet-S4/ergonomie/New Projects/c_ergonomie/IMU_demo'
INFO: [Project 1-313] Project file moved from 'C:/Users/raye2601/Desktop/IMU_demo' since last save.
Scanning sources...
Finished scanning sources
INFO: [IP_Flow 19-234] Refreshing IP repositories
INFO: [IP_Flow 19-1704] No user IP repositories specified
INFO: [IP_Flow 19-2313] Loaded Vivado IP repository 'C:/Xilinx/Vivado/2018.2/data/ip'.
open_project: Time (s): cpu = 00:00:25 ; elapsed = 00:00:20 . Memory (MB): peak = 784.340 ; gain = 102.789
update_compile_order -fileset sources_1
open_bd_design {C:/Users/ArcticWalrus/Documents/GitHub/Projet-S4/ergonomie/New Projects/c_ergonomie/IMU_demo/IMU_demo.srcs/sources_1/bd/design_1/design_1.bd}
Adding cell -- xilinx.com:ip:processing_system7:5.5 - processing_system7_0
Successfully read diagram <design_1> from BD file <C:/Users/ArcticWalrus/Documents/GitHub/Projet-S4/ergonomie/New Projects/c_ergonomie/IMU_demo/IMU_demo.srcs/sources_1/bd/design_1/design_1.bd>
open_bd_design: Time (s): cpu = 00:00:16 ; elapsed = 00:00:12 . Memory (MB): peak = 890.480 ; gain = 102.066
exit
INFO: [Common 17-206] Exiting Vivado at Tue Apr  2 20:54:04 2019...
