14:22:43 **** Auto Build of configuration Debug for project ExempleAD1 ****
make pre-build main-build 
a9-linaro-pre-build-step
' '
'Building file: ../src/main.c'
'Invoking: ARM v7 gcc compiler'
arm-none-eabi-gcc -Wall -O0 -g3 -c -fmessage-length=0 -MT"src/main.o" -mcpu=cortex-a9 -mfpu=vfpv3 -mfloat-abi=hard -I../../ExempleAD1_bsp/ps7_cortexa9_0/include -MMD -MP -MF"src/main.d" -MT"src/main.o" -o "src/main.o" "../src/main.c"
'Finished building: ../src/main.c'
' '
'Building target: ExempleAD1.elf'
'Invoking: ARM v7 gcc linker'
arm-none-eabi-gcc -mcpu=cortex-a9 -mfpu=vfpv3 -mfloat-abi=hard -Wl,-build-id=none -specs=Xilinx.spec -Wl,-T -Wl,../src/lscript.ld -L../../ExempleAD1_bsp/ps7_cortexa9_0/lib -o "ExempleAD1.elf"  ./src/main.o   -Wl,--start-group,-lxil,-lgcc,-lc,--end-group
'Finished building target: ExempleAD1.elf'
' '
'Invoking: ARM v7 Print Size'
arm-none-eabi-size ExempleAD1.elf  |tee "ExempleAD1.elf.size"
   text	   data	    bss	    dec	    hex	filename
  77184	   2640	  23344	 103168	  19300	ExempleAD1.elf
'Finished building: ExempleAD1.elf.size'
' '

14:22:46 Build Finished (took 3s.106ms)

