Copyright 1986-2018 Xilinx, Inc. All Rights Reserved.
--------------------------------------------------------------------------------------------------------------------------------------------------------------------------------------
| Tool Version : Vivado v.2018.2 (win64) Build 2258646 Thu Jun 14 20:03:12 MDT 2018
| Date         : Sat Mar 23 16:35:21 2019
| Host         : DESKTOP-L2Q9UI1 running 64-bit major release  (build 9200)
| Command      : report_methodology -file design_1_wrapper_methodology_drc_routed.rpt -pb design_1_wrapper_methodology_drc_routed.pb -rpx design_1_wrapper_methodology_drc_routed.rpx
| Design       : design_1_wrapper
| Device       : xc7z010clg400-1
| Speed File   : -1
| Design State : Routed
--------------------------------------------------------------------------------------------------------------------------------------------------------------------------------------

Report Methodology

Table of Contents
-----------------
1. REPORT SUMMARY
2. REPORT DETAILS

1. REPORT SUMMARY
-----------------
            Netlist: netlist
          Floorplan: design_1
      Design limits: <entire design considered>
             Max violations: <unlimited>
             Violations found: 74
+-----------+----------+-------------------------------------------------+------------+
| Rule      | Severity | Description                                     | Violations |
+-----------+----------+-------------------------------------------------+------------+
| PDRC-190  | Warning  | Suboptimally placed synchronized register chain | 1          |
| TIMING-18 | Warning  | Missing input or output delay                   | 71         |
| XDCB-5    | Warning  | Runtime inefficient way to find pin objects     | 2          |
+-----------+----------+-------------------------------------------------+------------+

2. REPORT DETAILS
-----------------
PDRC-190#1 Warning
Suboptimally placed synchronized register chain  
The FDRE cell design_1_i/PmodOLED_0/inst/axi_quad_spi_0/U0/NO_DUAL_QUAD_MODE.QSPI_NORMAL/QSPI_LEGACY_MD_GEN.QSPI_CORE_INTERFACE_I/FIFO_EXISTS.CLK_CROSS_I/LOGIC_GENERATION_CDC.RX_FIFO_RST_AX2S_1/GENERATE_LEVEL_P_S_CDC.SINGLE_BIT.CROSS_PLEVEL_IN2SCNDRY_IN_cdc_to in site SLICE_X14Y53 is part of a synchronized register chain that is suboptimally placed as the load FDRE cell design_1_i/PmodOLED_0/inst/axi_quad_spi_0/U0/NO_DUAL_QUAD_MODE.QSPI_NORMAL/QSPI_LEGACY_MD_GEN.QSPI_CORE_INTERFACE_I/FIFO_EXISTS.CLK_CROSS_I/LOGIC_GENERATION_CDC.RX_FIFO_RST_AX2S_1_CDC_1 is not placed in the same (SLICE) site.
Related violations: <none>

TIMING-18#1 Warning
Missing input or output delay  
An input delay is missing on Pmod_8LD_pin10_io relative to clock(s) clk_fpga_0
Related violations: <none>

TIMING-18#2 Warning
Missing input or output delay  
An input delay is missing on Pmod_8LD_pin1_io relative to clock(s) clk_fpga_0
Related violations: <none>

TIMING-18#3 Warning
Missing input or output delay  
An input delay is missing on Pmod_8LD_pin2_io relative to clock(s) clk_fpga_0
Related violations: <none>

TIMING-18#4 Warning
Missing input or output delay  
An input delay is missing on Pmod_8LD_pin3_io relative to clock(s) clk_fpga_0
Related violations: <none>

TIMING-18#5 Warning
Missing input or output delay  
An input delay is missing on Pmod_8LD_pin4_io relative to clock(s) clk_fpga_0
Related violations: <none>

TIMING-18#6 Warning
Missing input or output delay  
An input delay is missing on Pmod_8LD_pin7_io relative to clock(s) clk_fpga_0
Related violations: <none>

TIMING-18#7 Warning
Missing input or output delay  
An input delay is missing on Pmod_8LD_pin8_io relative to clock(s) clk_fpga_0
Related violations: <none>

TIMING-18#8 Warning
Missing input or output delay  
An input delay is missing on Pmod_8LD_pin9_io relative to clock(s) clk_fpga_0
Related violations: <none>

TIMING-18#9 Warning
Missing input or output delay  
An input delay is missing on Pmod_OLED_pin10_io relative to clock(s) clk_fpga_0
Related violations: <none>

TIMING-18#10 Warning
Missing input or output delay  
An input delay is missing on Pmod_OLED_pin1_io relative to clock(s) clk_fpga_0
Related violations: <none>

TIMING-18#11 Warning
Missing input or output delay  
An input delay is missing on Pmod_OLED_pin2_io relative to clock(s) clk_fpga_0
Related violations: <none>

TIMING-18#12 Warning
Missing input or output delay  
An input delay is missing on Pmod_OLED_pin3_io relative to clock(s) clk_fpga_0
Related violations: <none>

TIMING-18#13 Warning
Missing input or output delay  
An input delay is missing on Pmod_OLED_pin4_io relative to clock(s) clk_fpga_0
Related violations: <none>

TIMING-18#14 Warning
Missing input or output delay  
An input delay is missing on Pmod_OLED_pin7_io relative to clock(s) clk_fpga_0
Related violations: <none>

TIMING-18#15 Warning
Missing input or output delay  
An input delay is missing on Pmod_OLED_pin8_io relative to clock(s) clk_fpga_0
Related violations: <none>

TIMING-18#16 Warning
Missing input or output delay  
An input delay is missing on Pmod_OLED_pin9_io relative to clock(s) clk_fpga_0
Related violations: <none>

TIMING-18#17 Warning
Missing input or output delay  
An input delay is missing on i_data_echantillon_0[0] relative to clock(s) clk_fpga_0
Related violations: <none>

TIMING-18#18 Warning
Missing input or output delay  
An input delay is missing on i_data_echantillon_0[10] relative to clock(s) clk_fpga_0
Related violations: <none>

TIMING-18#19 Warning
Missing input or output delay  
An input delay is missing on i_data_echantillon_0[11] relative to clock(s) clk_fpga_0
Related violations: <none>

TIMING-18#20 Warning
Missing input or output delay  
An input delay is missing on i_data_echantillon_0[1] relative to clock(s) clk_fpga_0
Related violations: <none>

TIMING-18#21 Warning
Missing input or output delay  
An input delay is missing on i_data_echantillon_0[2] relative to clock(s) clk_fpga_0
Related violations: <none>

TIMING-18#22 Warning
Missing input or output delay  
An input delay is missing on i_data_echantillon_0[3] relative to clock(s) clk_fpga_0
Related violations: <none>

TIMING-18#23 Warning
Missing input or output delay  
An input delay is missing on i_data_echantillon_0[4] relative to clock(s) clk_fpga_0
Related violations: <none>

TIMING-18#24 Warning
Missing input or output delay  
An input delay is missing on i_data_echantillon_0[5] relative to clock(s) clk_fpga_0
Related violations: <none>

TIMING-18#25 Warning
Missing input or output delay  
An input delay is missing on i_data_echantillon_0[6] relative to clock(s) clk_fpga_0
Related violations: <none>

TIMING-18#26 Warning
Missing input or output delay  
An input delay is missing on i_data_echantillon_0[7] relative to clock(s) clk_fpga_0
Related violations: <none>

TIMING-18#27 Warning
Missing input or output delay  
An input delay is missing on i_data_echantillon_0[8] relative to clock(s) clk_fpga_0
Related violations: <none>

TIMING-18#28 Warning
Missing input or output delay  
An input delay is missing on i_data_echantillon_0[9] relative to clock(s) clk_fpga_0
Related violations: <none>

TIMING-18#29 Warning
Missing input or output delay  
An input delay is missing on i_sw_tri_i[0] relative to clock(s) clk_fpga_0
Related violations: <none>

TIMING-18#30 Warning
Missing input or output delay  
An input delay is missing on i_sw_tri_i[1] relative to clock(s) clk_fpga_0
Related violations: <none>

TIMING-18#31 Warning
Missing input or output delay  
An input delay is missing on i_sw_tri_i[2] relative to clock(s) clk_fpga_0
Related violations: <none>

TIMING-18#32 Warning
Missing input or output delay  
An input delay is missing on i_sw_tri_i[3] relative to clock(s) clk_fpga_0
Related violations: <none>

TIMING-18#33 Warning
Missing input or output delay  
An output delay is missing on o_data_out_0[0] relative to clock(s) clk_fpga_0
Related violations: <none>

TIMING-18#34 Warning
Missing input or output delay  
An output delay is missing on o_data_out_0[10] relative to clock(s) clk_fpga_0
Related violations: <none>

TIMING-18#35 Warning
Missing input or output delay  
An output delay is missing on o_data_out_0[11] relative to clock(s) clk_fpga_0
Related violations: <none>

TIMING-18#36 Warning
Missing input or output delay  
An output delay is missing on o_data_out_0[12] relative to clock(s) clk_fpga_0
Related violations: <none>

TIMING-18#37 Warning
Missing input or output delay  
An output delay is missing on o_data_out_0[13] relative to clock(s) clk_fpga_0
Related violations: <none>

TIMING-18#38 Warning
Missing input or output delay  
An output delay is missing on o_data_out_0[14] relative to clock(s) clk_fpga_0
Related violations: <none>

TIMING-18#39 Warning
Missing input or output delay  
An output delay is missing on o_data_out_0[15] relative to clock(s) clk_fpga_0
Related violations: <none>

TIMING-18#40 Warning
Missing input or output delay  
An output delay is missing on o_data_out_0[16] relative to clock(s) clk_fpga_0
Related violations: <none>

TIMING-18#41 Warning
Missing input or output delay  
An output delay is missing on o_data_out_0[17] relative to clock(s) clk_fpga_0
Related violations: <none>

TIMING-18#42 Warning
Missing input or output delay  
An output delay is missing on o_data_out_0[18] relative to clock(s) clk_fpga_0
Related violations: <none>

TIMING-18#43 Warning
Missing input or output delay  
An output delay is missing on o_data_out_0[19] relative to clock(s) clk_fpga_0
Related violations: <none>

TIMING-18#44 Warning
Missing input or output delay  
An output delay is missing on o_data_out_0[1] relative to clock(s) clk_fpga_0
Related violations: <none>

TIMING-18#45 Warning
Missing input or output delay  
An output delay is missing on o_data_out_0[20] relative to clock(s) clk_fpga_0
Related violations: <none>

TIMING-18#46 Warning
Missing input or output delay  
An output delay is missing on o_data_out_0[21] relative to clock(s) clk_fpga_0
Related violations: <none>

TIMING-18#47 Warning
Missing input or output delay  
An output delay is missing on o_data_out_0[22] relative to clock(s) clk_fpga_0
Related violations: <none>

TIMING-18#48 Warning
Missing input or output delay  
An output delay is missing on o_data_out_0[23] relative to clock(s) clk_fpga_0
Related violations: <none>

TIMING-18#49 Warning
Missing input or output delay  
An output delay is missing on o_data_out_0[24] relative to clock(s) clk_fpga_0
Related violations: <none>

TIMING-18#50 Warning
Missing input or output delay  
An output delay is missing on o_data_out_0[25] relative to clock(s) clk_fpga_0
Related violations: <none>

TIMING-18#51 Warning
Missing input or output delay  
An output delay is missing on o_data_out_0[26] relative to clock(s) clk_fpga_0
Related violations: <none>

TIMING-18#52 Warning
Missing input or output delay  
An output delay is missing on o_data_out_0[27] relative to clock(s) clk_fpga_0
Related violations: <none>

TIMING-18#53 Warning
Missing input or output delay  
An output delay is missing on o_data_out_0[28] relative to clock(s) clk_fpga_0
Related violations: <none>

TIMING-18#54 Warning
Missing input or output delay  
An output delay is missing on o_data_out_0[29] relative to clock(s) clk_fpga_0
Related violations: <none>

TIMING-18#55 Warning
Missing input or output delay  
An output delay is missing on o_data_out_0[2] relative to clock(s) clk_fpga_0
Related violations: <none>

TIMING-18#56 Warning
Missing input or output delay  
An output delay is missing on o_data_out_0[30] relative to clock(s) clk_fpga_0
Related violations: <none>

TIMING-18#57 Warning
Missing input or output delay  
An output delay is missing on o_data_out_0[31] relative to clock(s) clk_fpga_0
Related violations: <none>

TIMING-18#58 Warning
Missing input or output delay  
An output delay is missing on o_data_out_0[3] relative to clock(s) clk_fpga_0
Related violations: <none>

TIMING-18#59 Warning
Missing input or output delay  
An output delay is missing on o_data_out_0[4] relative to clock(s) clk_fpga_0
Related violations: <none>

TIMING-18#60 Warning
Missing input or output delay  
An output delay is missing on o_data_out_0[5] relative to clock(s) clk_fpga_0
Related violations: <none>

TIMING-18#61 Warning
Missing input or output delay  
An output delay is missing on o_data_out_0[6] relative to clock(s) clk_fpga_0
Related violations: <none>

TIMING-18#62 Warning
Missing input or output delay  
An output delay is missing on o_data_out_0[7] relative to clock(s) clk_fpga_0
Related violations: <none>

TIMING-18#63 Warning
Missing input or output delay  
An output delay is missing on o_data_out_0[8] relative to clock(s) clk_fpga_0
Related violations: <none>

TIMING-18#64 Warning
Missing input or output delay  
An output delay is missing on o_data_out_0[9] relative to clock(s) clk_fpga_0
Related violations: <none>

TIMING-18#65 Warning
Missing input or output delay  
An output delay is missing on o_leds_tri_o[0] relative to clock(s) clk_fpga_0
Related violations: <none>

TIMING-18#66 Warning
Missing input or output delay  
An output delay is missing on o_leds_tri_o[1] relative to clock(s) clk_fpga_0
Related violations: <none>

TIMING-18#67 Warning
Missing input or output delay  
An output delay is missing on o_leds_tri_o[2] relative to clock(s) clk_fpga_0
Related violations: <none>

TIMING-18#68 Warning
Missing input or output delay  
An output delay is missing on o_leds_tri_o[3] relative to clock(s) clk_fpga_0
Related violations: <none>

TIMING-18#69 Warning
Missing input or output delay  
An output delay is missing on o_rgb_led_tri_o[0] relative to clock(s) clk_fpga_0
Related violations: <none>

TIMING-18#70 Warning
Missing input or output delay  
An output delay is missing on o_rgb_led_tri_o[1] relative to clock(s) clk_fpga_0
Related violations: <none>

TIMING-18#71 Warning
Missing input or output delay  
An output delay is missing on o_rgb_led_tri_o[2] relative to clock(s) clk_fpga_0
Related violations: <none>

XDCB-5#1 Warning
Runtime inefficient way to find pin objects  
The option '-to : [get_pins -hierarchical -filter {NAME =~*QSPI_CORE_INTERFACE_I/FIFO_EXISTS.CLK_CROSS_I/LOGIC_GENERATION_CDC.SPISEL_PULSE_S2AX_1_CDC/D}]' of constraint 'set_false_path' uses inefficient query to find pin objects (see constraint position '7' in the Timing Constraint window in Vivado IDE). To reduce runtime, it is recommended to get the pins through the cell objects. Please refer to Using Constraints Guide (Constraints Efficiency). An example of optimal query is: get_pins -filter {REF_PIN_NAME=~yy*} -of_objects [get_cells -hierarchical xx*].
Current XDC: d:/OneDrive - USherbrooke/SESSIONS/S4/Projet/PROJECT_FILES/P2_S4_Velociraptor/P2_S4_Velociraptor.srcs/sources_1/bd/design_1/ip/design_1_PmodOLED_0_1/src/PmodOLED_axi_quad_spi_0_0/PmodOLED_axi_quad_spi_0_0.xdc (Line: 49)
Related violations: <none>

XDCB-5#2 Warning
Runtime inefficient way to find pin objects  
The option '-to : [get_pins -hierarchical -filter {NAME =~*RESET_SYNC_AXI_SPI_CLK_INST/RESET_SYNC_AX2S_1/D}]' of constraint 'set_false_path' uses inefficient query to find pin objects (see constraint position '6' in the Timing Constraint window in Vivado IDE). To reduce runtime, it is recommended to get the pins through the cell objects. Please refer to Using Constraints Guide (Constraints Efficiency). An example of optimal query is: get_pins -filter {REF_PIN_NAME=~yy*} -of_objects [get_cells -hierarchical xx*].
Current XDC: d:/OneDrive - USherbrooke/SESSIONS/S4/Projet/PROJECT_FILES/P2_S4_Velociraptor/P2_S4_Velociraptor.srcs/sources_1/bd/design_1/ip/design_1_PmodOLED_0_1/src/PmodOLED_axi_quad_spi_0_0/PmodOLED_axi_quad_spi_0_0.xdc (Line: 48)
Related violations: <none>


