Copyright 1986-2018 Xilinx, Inc. All Rights Reserved.
---------------------------------------------------------------------------------------------------------------------------------------
| Tool Version : Vivado v.2018.2 (win64) Build 2258646 Thu Jun 14 20:03:12 MDT 2018
| Date         : Sat Mar 23 16:34:44 2019
| Host         : DESKTOP-L2Q9UI1 running 64-bit major release  (build 9200)
| Command      : report_drc -file design_1_wrapper_drc_opted.rpt -pb design_1_wrapper_drc_opted.pb -rpx design_1_wrapper_drc_opted.rpx
| Design       : design_1_wrapper
| Device       : xc7z010clg400-1
| Speed File   : -1
| Design State : Synthesized
---------------------------------------------------------------------------------------------------------------------------------------

Report DRC

Table of Contents
-----------------
1. REPORT SUMMARY
2. REPORT DETAILS

1. REPORT SUMMARY
-----------------
            Netlist: netlist
          Floorplan: design_1
      Design limits: <entire design considered>
           Ruledeck: default
             Max violations: <unlimited>
             Violations found: 4
+--------+------------------+----------------------------+------------+
| Rule   | Severity         | Description                | Violations |
+--------+------------------+----------------------------+------------+
| NSTD-1 | Critical Warning | Unspecified I/O Standard   | 1          |
| UCIO-1 | Critical Warning | Unconstrained Logical Port | 1          |
| BUFC-1 | Warning          | Input Buffer Connections   | 2          |
+--------+------------------+----------------------------+------------+

2. REPORT DETAILS
-----------------
NSTD-1#1 Critical Warning
Unspecified I/O Standard  
71 out of 201 logical ports use I/O standard (IOSTANDARD) value 'DEFAULT', instead of a user assigned specific value. This may cause I/O contention or incompatibility with the board power or connectivity affecting performance, signal integrity or in extreme cases cause damage to the device or the components to which it is connected. To correct this violation, specify all I/O standards. This design will fail to generate a bitstream unless all logical ports have a user specified I/O standard value defined. To allow bitstream creation with unspecified I/O standard values (not recommended), use this command: set_property SEVERITY {Warning} [get_drc_checks NSTD-1].  NOTE: When using the Vivado Runs infrastructure (e.g. launch_runs Tcl command), add this command to a .tcl file and add that file as a pre-hook for write_bitstream step for the implementation run. Problem ports: o_data_out_0[31:0], i_data_echantillon_0[11:0], o_leds_tri_o[3:0], Pmod_8LD_pin10_io, Pmod_8LD_pin1_io, Pmod_8LD_pin2_io, Pmod_8LD_pin3_io, Pmod_8LD_pin4_io, Pmod_8LD_pin7_io, Pmod_8LD_pin8_io, Pmod_8LD_pin9_io, Pmod_OLED_pin10_io, Pmod_OLED_pin1_io, Pmod_OLED_pin2_io, Pmod_OLED_pin3_io (the first 15 of 21 listed).
Related violations: <none>

UCIO-1#1 Critical Warning
Unconstrained Logical Port  
71 out of 201 logical ports have no user assigned specific location constraint (LOC). This may cause I/O contention or incompatibility with the board power or connectivity affecting performance, signal integrity or in extreme cases cause damage to the device or the components to which it is connected. To correct this violation, specify all pin locations. This design will fail to generate a bitstream unless all logical ports have a user specified site LOC constraint defined.  To allow bitstream creation with unspecified pin locations (not recommended), use this command: set_property SEVERITY {Warning} [get_drc_checks UCIO-1].  NOTE: When using the Vivado Runs infrastructure (e.g. launch_runs Tcl command), add this command to a .tcl file and add that file as a pre-hook for write_bitstream step for the implementation run.  Problem ports: o_data_out_0[31:0], i_data_echantillon_0[11:0], o_leds_tri_o[3:0], Pmod_8LD_pin10_io, Pmod_8LD_pin1_io, Pmod_8LD_pin2_io, Pmod_8LD_pin3_io, Pmod_8LD_pin4_io, Pmod_8LD_pin7_io, Pmod_8LD_pin8_io, Pmod_8LD_pin9_io, Pmod_OLED_pin10_io, Pmod_OLED_pin1_io, Pmod_OLED_pin2_io, Pmod_OLED_pin3_io (the first 15 of 21 listed).
Related violations: <none>

BUFC-1#1 Warning
Input Buffer Connections  
Input buffer Pmod_OLED_pin1_iobuf/IBUF (in Pmod_OLED_pin1_iobuf macro) has no loads. It is recommended to have an input buffer drive an internal load.
Related violations: <none>

BUFC-1#2 Warning
Input Buffer Connections  
Input buffer Pmod_OLED_pin4_iobuf/IBUF (in Pmod_OLED_pin4_iobuf macro) has no loads. It is recommended to have an input buffer drive an internal load.
Related violations: <none>


