#-----------------------------------------------------------
# Vivado v2018.2 (64-bit)
# SW Build 2258646 on Thu Jun 14 20:03:12 MDT 2018
# IP Build 2256618 on Thu Jun 14 22:10:49 MDT 2018
# Start of session at: Sun Mar 17 13:58:47 2019
# Process ID: 15708
# Current directory: C:/Users/Kitty/Documents/GitHub/Projet-S4/FPGA_logic/S4_Velocyraptor
# Command line: vivado.exe -gui_launcher_event rodinguilauncherevent1212 C:\Users\Kitty\Documents\GitHub\Projet-S4\FPGA_logic\S4_Velocyraptor\S4_Velocyraptor.xpr
# Log file: C:/Users/Kitty/Documents/GitHub/Projet-S4/FPGA_logic/S4_Velocyraptor/vivado.log
# Journal file: C:/Users/Kitty/Documents/GitHub/Projet-S4/FPGA_logic/S4_Velocyraptor\vivado.jou
#-----------------------------------------------------------
start_gui
open_project C:/Users/Kitty/Documents/GitHub/Projet-S4/FPGA_logic/S4_Velocyraptor/S4_Velocyraptor.xpr
Scanning sources...
Finished scanning sources
INFO: [IP_Flow 19-234] Refreshing IP repositories
INFO: [IP_Flow 19-1704] No user IP repositories specified
INFO: [IP_Flow 19-2313] Loaded Vivado IP repository 'D:/Xilinx/Vivado/2018.2/data/ip'.
open_project: Time (s): cpu = 00:00:11 ; elapsed = 00:00:13 . Memory (MB): peak = 775.875 ; gain = 74.438
update_compile_order -fileset sources_1
exit
INFO: [Common 17-206] Exiting Vivado at Sun Mar 17 14:06:27 2019...
