#-----------------------------------------------------------
# Vivado v2018.2 (64-bit)
# SW Build 2258646 on Thu Jun 14 20:03:12 MDT 2018
# IP Build 2256618 on Thu Jun 14 22:10:49 MDT 2018
# Start of session at: Sun Mar 24 11:39:23 2019
# Process ID: 11960
# Current directory: D:/DEV/Git_Kraken/Velociraptor/Projet-S4/Serveur/P2_S4_Velociraptor
# Command line: vivado.exe -gui_launcher_event rodinguilauncherevent3232 D:\DEV\Git_Kraken\Velociraptor\Projet-S4\Serveur\P2_S4_Velociraptor\P2_S4_Velociraptor.xpr
# Log file: D:/DEV/Git_Kraken/Velociraptor/Projet-S4/Serveur/P2_S4_Velociraptor/vivado.log
# Journal file: D:/DEV/Git_Kraken/Velociraptor/Projet-S4/Serveur/P2_S4_Velociraptor\vivado.jou
#-----------------------------------------------------------
start_gui
open_project D:/DEV/Git_Kraken/Velociraptor/Projet-S4/Serveur/P2_S4_Velociraptor/P2_S4_Velociraptor.xpr
INFO: [Project 1-313] Project file moved from 'D:/OneDrive - USherbrooke/SESSIONS/S4/Projet/PROJECT_FILES/P2_S4_Velociraptor' since last save.
Scanning sources...
Finished scanning sources
INFO: [filemgmt 56-1] IP Repository Path: Directory not found as 'D:/DEV/Git_Kraken/Velociraptor/Projet-S4/FichiersAtelier1/Pmod_vivado-library-2018.2-1'; using path 'D:/OneDrive - USherbrooke/SESSIONS/S4/Projet/FichiersAtelier1/Pmod_vivado-library-2018.2-1' instead.
INFO: [IP_Flow 19-234] Refreshing IP repositories
INFO: [IP_Flow 19-1700] Loaded user IP repository 'd:/DEV/Git_Kraken/Velociraptor/Projet-S4/Serveur/ip_repo/myip_1.0'.
INFO: [IP_Flow 19-1700] Loaded user IP repository 'd:/OneDrive - USherbrooke/SESSIONS/S4/Projet/FichiersAtelier1/Pmod_vivado-library-2018.2-1'.
INFO: [IP_Flow 19-2313] Loaded Vivado IP repository 'C:/Xilinx/Vivado/2018.2/data/ip'.
open_project: Time (s): cpu = 00:00:18 ; elapsed = 00:00:13 . Memory (MB): peak = 835.262 ; gain = 150.793
update_compile_order -fileset sources_1
open_bd_design {D:/DEV/Git_Kraken/Velociraptor/Projet-S4/Serveur/P2_S4_Velociraptor/P2_S4_Velociraptor.srcs/sources_1/bd/design_1/design_1.bd}
Adding cell -- xilinx.com:ip:processing_system7:5.5 - processing_system7_0
Adding cell -- xilinx.com:ip:axi_gpio:2.0 - axi_gpio_0
Adding cell -- xilinx.com:ip:proc_sys_reset:5.0 - rst_ps7_0_50M
Adding cell -- digilentinc.com:IP:PmodOLED:1.0 - PmodOLED_0
Adding cell -- digilentinc.com:IP:PmodGPIO:1.0 - PmodGPIO_0
Adding cell -- xilinx.com:ip:axi_gpio:2.0 - axi_gpio_1
Adding cell -- usherbrooke.ca:user:myip:1.0 - myip_0
Adding cell -- xilinx.com:ip:axi_crossbar:2.1 - xbar
Adding cell -- xilinx.com:ip:axi_protocol_converter:2.1 - auto_pc
Successfully read diagram <design_1> from BD file <D:/DEV/Git_Kraken/Velociraptor/Projet-S4/Serveur/P2_S4_Velociraptor/P2_S4_Velociraptor.srcs/sources_1/bd/design_1/design_1.bd>
open_bd_design: Time (s): cpu = 00:00:09 ; elapsed = 00:00:09 . Memory (MB): peak = 951.395 ; gain = 109.523
launch_sdk -workspace D:/DEV/Git_Kraken/Velociraptor/Projet-S4/Serveur/P2_S4_Velociraptor/P2_S4_Velociraptor.sdk -hwspec D:/DEV/Git_Kraken/Velociraptor/Projet-S4/Serveur/P2_S4_Velociraptor/P2_S4_Velociraptor.sdk/design_1_wrapper.hdf
INFO: [Vivado 12-393] Launching SDK...
INFO: [Vivado 12-417] Running xsdk -workspace D:/DEV/Git_Kraken/Velociraptor/Projet-S4/Serveur/P2_S4_Velociraptor/P2_S4_Velociraptor.sdk -hwspec D:/DEV/Git_Kraken/Velociraptor/Projet-S4/Serveur/P2_S4_Velociraptor/P2_S4_Velociraptor.sdk/design_1_wrapper.hdf
INFO: [Vivado 12-3157] SDK launch initiated. Please check console for any further messages.
open_bd_design {D:/DEV/Git_Kraken/Velociraptor/Projet-S4/Serveur/P2_S4_Velociraptor/P2_S4_Velociraptor.srcs/sources_1/bd/design_1/design_1.bd}
