#-----------------------------------------------------------
# Vivado v2018.2 (64-bit)
# SW Build 2258646 on Thu Jun 14 20:03:12 MDT 2018
# IP Build 2256618 on Thu Jun 14 22:10:49 MDT 2018
# Start of session at: Mon Apr  1 14:53:54 2019
# Process ID: 3032
# Current directory: C:/Users/raf_0/Documents/Projet_Kraken_Local/Projet-S4/Projet-S4/Serveur/P2_S4_Velociraptor
# Command line: vivado.exe -gui_launcher_event rodinguilauncherevent10456 C:\Users\raf_0\Documents\Projet_Kraken_Local\Projet-S4\Projet-S4\Serveur\P2_S4_Velociraptor\P2_S4_Velociraptor.xpr
# Log file: C:/Users/raf_0/Documents/Projet_Kraken_Local/Projet-S4/Projet-S4/Serveur/P2_S4_Velociraptor/vivado.log
# Journal file: C:/Users/raf_0/Documents/Projet_Kraken_Local/Projet-S4/Projet-S4/Serveur/P2_S4_Velociraptor\vivado.jou
#-----------------------------------------------------------
start_gui
open_project C:/Users/raf_0/Documents/Projet_Kraken_Local/Projet-S4/Projet-S4/Serveur/P2_S4_Velociraptor/P2_S4_Velociraptor.xpr
INFO: [ProjectBase 1-489] The host OS only allows 260 characters in a normal path. The project is stored in a path with more than 80 characters. If you experience issues with IP, Block Designs, or files not being found, please consider moving the project to a location with a shorter path. Alternately consider using the OS subst command to map part of the path to a drive letter.
Current project path is 'C:/Users/raf_0/Documents/Projet_Kraken_Local/Projet-S4/Projet-S4/Serveur/P2_S4_Velociraptor'
INFO: [Project 1-313] Project file moved from 'D:/OneDrive - USherbrooke/SESSIONS/S4/Projet/PROJECT_FILES/P2_S4_Velociraptor' since last save.
Scanning sources...
Finished scanning sources
WARNING: [filemgmt 56-2] IP Repository Path: Could not find the directory 'C:/Users/raf_0/Documents/Projet_Kraken_Local/Projet-S4/Projet-S4/FichiersAtelier1/Pmod_vivado-library-2018.2-1', nor could it be found using path 'D:/OneDrive - USherbrooke/SESSIONS/S4/Projet/FichiersAtelier1/Pmod_vivado-library-2018.2-1'.
INFO: [IP_Flow 19-234] Refreshing IP repositories
INFO: [IP_Flow 19-1700] Loaded user IP repository 'c:/Users/raf_0/Documents/Projet_Kraken_Local/Projet-S4/Projet-S4/Serveur/ip_repo/myip_1.0'.
WARNING: [IP_Flow 19-2248] Failed to load user IP repository 'c:/Users/raf_0/Documents/Projet_Kraken_Local/Projet-S4/Projet-S4/FichiersAtelier1/Pmod_vivado-library-2018.2-1'; Can't find the specified path.
If this directory should no longer be in your list of user repositories, go to the IP Settings dialog and remove it.
INFO: [IP_Flow 19-2313] Loaded Vivado IP repository 'C:/Xilinx/Vivado/2018.2/data/ip'.
WARNING: [BD 41-1661] One or more IPs have been locked in the design 'design_1.bd'. Please run report_ip_status for more details and recommendations on how to fix this issue.
List of locked IPs:
design_1_PmodOLED_0_1
design_1_PmodGPIO_0_1

open_project: Time (s): cpu = 00:00:28 ; elapsed = 00:00:18 . Memory (MB): peak = 868.680 ; gain = 140.672
INFO: [Vivado 12-4158] Exported Hardware file is out of date. Exported hardware information may be inconsistent with respect to the current state of the design. It is recommended that you re-export the design and launch SDK otherwise SDK is launched with out of date hardware system file.
update_compile_order -fileset sources_1
open_bd_design {C:/Users/raf_0/Documents/Projet_Kraken_Local/Projet-S4/Projet-S4/Serveur/P2_S4_Velociraptor/P2_S4_Velociraptor.srcs/sources_1/bd/design_1/design_1.bd}
Adding cell -- xilinx.com:ip:processing_system7:5.5 - processing_system7_0
Adding cell -- xilinx.com:ip:axi_gpio:2.0 - axi_gpio_0
Adding cell -- xilinx.com:ip:proc_sys_reset:5.0 - rst_ps7_0_50M
Adding cell -- digilentinc.com:IP:PmodOLED:1.0 - PmodOLED_0
CRITICAL WARNING: [BD 41-51] Could not find bus definition for the interface: Pmod_out 
CRITICAL WARNING: [BD 41-49] Could not find abstraction definition for the interface: Pmod_out 
CRITICAL WARNING: [BD 41-49] Could not find abstraction definition for the interface: Pmod_out 
Adding cell -- digilentinc.com:IP:PmodGPIO:1.0 - PmodGPIO_0
CRITICAL WARNING: [BD 41-51] Could not find bus definition for the interface: Pmod_out 
CRITICAL WARNING: [BD 41-49] Could not find abstraction definition for the interface: Pmod_out 
CRITICAL WARNING: [BD 41-49] Could not find abstraction definition for the interface: Pmod_out 
Adding cell -- xilinx.com:ip:axi_gpio:2.0 - axi_gpio_1
Adding cell -- usherbrooke.ca:user:myip:1.0 - myip_0
CRITICAL WARNING: [BD 41-52] Could not find the abstraction definition specified by the vlnv: digilentinc.com:interface:pmod_rtl:1.0 
CRITICAL WARNING: [BD 41-181] Type specified by the VLNV: 'digilentinc.com:interface:pmod_rtl:1.0', cannot be found. Interface port: 'Pmod_OLED' cannot be created
CRITICAL WARNING: [BD 41-52] Could not find the abstraction definition specified by the vlnv: digilentinc.com:interface:pmod_rtl:1.0 
CRITICAL WARNING: [BD 41-181] Type specified by the VLNV: 'digilentinc.com:interface:pmod_rtl:1.0', cannot be found. Interface port: 'Pmod_8LD' cannot be created
CRITICAL WARNING: [BD 41-52] Could not find the abstraction definition specified by the vlnv: digilentinc.com:interface:pmod_rtl:1.0 
CRITICAL WARNING: [BD 41-181] Type specified by the VLNV: 'digilentinc.com:interface:pmod_rtl:1.0', cannot be found. Interface port: 'Pmod_OLED' cannot be created
CRITICAL WARNING: [BD 41-52] Could not find the abstraction definition specified by the vlnv: digilentinc.com:interface:pmod_rtl:1.0 
CRITICAL WARNING: [BD 41-181] Type specified by the VLNV: 'digilentinc.com:interface:pmod_rtl:1.0', cannot be found. Interface port: 'Pmod_8LD' cannot be created
Adding cell -- xilinx.com:ip:axi_crossbar:2.1 - xbar
Adding cell -- xilinx.com:ip:axi_protocol_converter:2.1 - auto_pc
Successfully read diagram <design_1> from BD file <C:/Users/raf_0/Documents/Projet_Kraken_Local/Projet-S4/Projet-S4/Serveur/P2_S4_Velociraptor/P2_S4_Velociraptor.srcs/sources_1/bd/design_1/design_1.bd>
open_bd_design: Time (s): cpu = 00:00:16 ; elapsed = 00:00:16 . Memory (MB): peak = 985.629 ; gain = 101.523
INFO: [Vivado 12-4158] Exported Hardware file is out of date. Exported hardware information may be inconsistent with respect to the current state of the design. It is recommended that you re-export the design and launch SDK otherwise SDK is launched with out of date hardware system file.
launch_sdk -workspace C:/Users/raf_0/Documents/Projet_Kraken_Local/Projet-S4/Projet-S4/Serveur/P2_S4_Velociraptor/P2_S4_Velociraptor.sdk -hwspec C:/Users/raf_0/Documents/Projet_Kraken_Local/Projet-S4/Projet-S4/Serveur/P2_S4_Velociraptor/P2_S4_Velociraptor.sdk/design_1_wrapper.hdf
INFO: [Vivado 12-393] Launching SDK...
INFO: [Vivado 12-417] Running xsdk -workspace C:/Users/raf_0/Documents/Projet_Kraken_Local/Projet-S4/Projet-S4/Serveur/P2_S4_Velociraptor/P2_S4_Velociraptor.sdk -hwspec C:/Users/raf_0/Documents/Projet_Kraken_Local/Projet-S4/Projet-S4/Serveur/P2_S4_Velociraptor/P2_S4_Velociraptor.sdk/design_1_wrapper.hdf
INFO: [Vivado 12-3157] SDK launch initiated. Please check console for any further messages.
exit
INFO: [Common 17-206] Exiting Vivado at Mon Apr  1 15:29:46 2019...
