#-----------------------------------------------------------
# Vivado v2018.2 (64-bit)
# SW Build 2258646 on Thu Jun 14 20:03:12 MDT 2018
# IP Build 2256618 on Thu Jun 14 22:10:49 MDT 2018
# Start of session at: Sat Mar 23 16:47:04 2019
# Process ID: 7308
# Current directory: D:/OneDrive - USherbrooke/SESSIONS/S4/Projet/PROJECT_FILES/P2_S4_Velociraptor
# Command line: vivado.exe -gui_launcher_event rodinguilauncherevent25220 D:\OneDrive - USherbrooke\SESSIONS\S4\Projet\PROJECT_FILES\P2_S4_Velociraptor\P2_S4_Velociraptor.xpr
# Log file: D:/OneDrive - USherbrooke/SESSIONS/S4/Projet/PROJECT_FILES/P2_S4_Velociraptor/vivado.log
# Journal file: D:/OneDrive - USherbrooke/SESSIONS/S4/Projet/PROJECT_FILES/P2_S4_Velociraptor\vivado.jou
#-----------------------------------------------------------
start_gui
open_project {D:/OneDrive - USherbrooke/SESSIONS/S4/Projet/PROJECT_FILES/P2_S4_Velociraptor/P2_S4_Velociraptor.xpr}
Scanning sources...
Finished scanning sources
INFO: [IP_Flow 19-234] Refreshing IP repositories
INFO: [IP_Flow 19-1700] Loaded user IP repository 'd:/OneDrive - USherbrooke/SESSIONS/S4/Projet/PROJECT_FILES/ip_repo/myip_1.0'.
INFO: [IP_Flow 19-1700] Loaded user IP repository 'd:/OneDrive - USherbrooke/SESSIONS/S4/Projet/FichiersAtelier1/Pmod_vivado-library-2018.2-1'.
INFO: [IP_Flow 19-2313] Loaded Vivado IP repository 'C:/Xilinx/Vivado/2018.2/data/ip'.
open_project: Time (s): cpu = 00:00:18 ; elapsed = 00:00:10 . Memory (MB): peak = 880.926 ; gain = 129.301
update_compile_order -fileset sources_1
launch_sdk -workspace {D:/OneDrive - USherbrooke/SESSIONS/S4/Projet/PROJECT_FILES/P2_S4_Velociraptor/P2_S4_Velociraptor.sdk} -hwspec {D:/OneDrive - USherbrooke/SESSIONS/S4/Projet/PROJECT_FILES/P2_S4_Velociraptor/P2_S4_Velociraptor.sdk/design_1_wrapper.hdf}
INFO: [Vivado 12-393] Launching SDK...
INFO: [Vivado 12-417] Running xsdk -workspace D:/OneDrive - USherbrooke/SESSIONS/S4/Projet/PROJECT_FILES/P2_S4_Velociraptor/P2_S4_Velociraptor.sdk -hwspec D:/OneDrive - USherbrooke/SESSIONS/S4/Projet/PROJECT_FILES/P2_S4_Velociraptor/P2_S4_Velociraptor.sdk/design_1_wrapper.hdf
INFO: [Vivado 12-3157] SDK launch initiated. Please check console for any further messages.
