#-----------------------------------------------------------
# Vivado v2018.2 (64-bit)
# SW Build 2258646 on Thu Jun 14 20:03:12 MDT 2018
# IP Build 2256618 on Thu Jun 14 22:10:49 MDT 2018
# Start of session at: Sat Mar 23 15:50:16 2019
# Process ID: 20256
# Current directory: D:/OneDrive - USherbrooke/SESSIONS/S4/Projet/PROJECT_FILES/P2_S4_Velociraptor
# Command line: vivado.exe -gui_launcher_event rodinguilauncherevent24280 D:\OneDrive - USherbrooke\SESSIONS\S4\Projet\PROJECT_FILES\P2_S4_Velociraptor\P2_S4_Velociraptor.xpr
# Log file: D:/OneDrive - USherbrooke/SESSIONS/S4/Projet/PROJECT_FILES/P2_S4_Velociraptor/vivado.log
# Journal file: D:/OneDrive - USherbrooke/SESSIONS/S4/Projet/PROJECT_FILES/P2_S4_Velociraptor\vivado.jou
#-----------------------------------------------------------
start_gui
open_project {D:/OneDrive - USherbrooke/SESSIONS/S4/Projet/PROJECT_FILES/P2_S4_Velociraptor/P2_S4_Velociraptor.xpr}
INFO: [Project 1-313] Project file moved from 'C:/Users/RaphaëlLebrasseur/Desktop/P2_S4_Velociraptor' since last save.
Scanning sources...
Finished scanning sources
INFO: [IP_Flow 19-234] Refreshing IP repositories
INFO: [IP_Flow 19-1700] Loaded user IP repository 'd:/OneDrive - USherbrooke/SESSIONS/S4/Projet/FichiersAtelier1/Pmod_vivado-library-2018.2-1'.
INFO: [IP_Flow 19-2313] Loaded Vivado IP repository 'C:/Xilinx/Vivado/2018.2/data/ip'.
open_project: Time (s): cpu = 00:00:13 ; elapsed = 00:00:08 . Memory (MB): peak = 834.285 ; gain = 99.352
update_compile_order -fileset sources_1
open_bd_design {D:/OneDrive - USherbrooke/SESSIONS/S4/Projet/PROJECT_FILES/P2_S4_Velociraptor/P2_S4_Velociraptor.srcs/sources_1/bd/design_1/design_1.bd}
Adding cell -- xilinx.com:ip:processing_system7:5.5 - processing_system7_0
Adding cell -- xilinx.com:ip:axi_gpio:2.0 - axi_gpio_0
Adding cell -- xilinx.com:ip:proc_sys_reset:5.0 - rst_ps7_0_50M
Adding cell -- digilentinc.com:IP:PmodOLED:1.0 - PmodOLED_0
Adding cell -- digilentinc.com:IP:PmodGPIO:1.0 - PmodGPIO_0
Adding cell -- xilinx.com:ip:axi_gpio:2.0 - axi_gpio_1
Adding cell -- xilinx.com:ip:axi_crossbar:2.1 - xbar
Successfully read diagram <design_1> from BD file <D:/OneDrive - USherbrooke/SESSIONS/S4/Projet/PROJECT_FILES/P2_S4_Velociraptor/P2_S4_Velociraptor.srcs/sources_1/bd/design_1/design_1.bd>
open_bd_design: Time (s): cpu = 00:00:10 ; elapsed = 00:00:08 . Memory (MB): peak = 958.492 ; gain = 103.879
create_peripheral xilinx.com user myip 1.0 -dir {D:/OneDrive - USherbrooke/SESSIONS/S4/Projet/PROJECT_FILES/P2_S4_Velociraptor/../ip_repo}
add_peripheral_interface S00_AXI -interface_mode slave -axi_type lite [ipx::find_open_core xilinx.com:user:myip:1.0]
generate_peripheral -driver -bfm_example_design -debug_hw_example_design [ipx::find_open_core xilinx.com:user:myip:1.0]
write_peripheral [ipx::find_open_core xilinx.com:user:myip:1.0]
set_property  ip_repo_paths  {{D:/OneDrive - USherbrooke/SESSIONS/S4/Projet/PROJECT_FILES/P2_S4_Velociraptor/../ip_repo/myip_1.0} {D:/OneDrive - USherbrooke/SESSIONS/S4/Projet/FichiersAtelier1/Pmod_vivado-library-2018.2-1}} [current_project]
update_ip_catalog -rebuild
INFO: [IP_Flow 19-234] Refreshing IP repositories
INFO: [IP_Flow 19-1700] Loaded user IP repository 'd:/OneDrive - USherbrooke/SESSIONS/S4/Projet/PROJECT_FILES/ip_repo/myip_1.0'.
INFO: [IP_Flow 19-1700] Loaded user IP repository 'd:/OneDrive - USherbrooke/SESSIONS/S4/Projet/FichiersAtelier1/Pmod_vivado-library-2018.2-1'.
ipx::edit_ip_in_project -upgrade true -name edit_myip_v1_0 -directory {D:/OneDrive\ -\ USherbrooke/SESSIONS/S4/Projet/PROJECT_FILES/P2_S4_Velociraptor/../ip_repo} {d:/OneDrive - USherbrooke/SESSIONS/S4/Projet/PROJECT_FILES/ip_repo/myip_1.0/component.xml}
INFO: [IP_Flow 19-234] Refreshing IP repositories
INFO: [IP_Flow 19-1704] No user IP repositories specified
INFO: [IP_Flow 19-2313] Loaded Vivado IP repository 'C:/Xilinx/Vivado/2018.2/data/ip'.
INFO: [IP_Flow 19-234] Refreshing IP repositories
INFO: [IP_Flow 19-1700] Loaded user IP repository 'd:/OneDrive - USherbrooke/SESSIONS/S4/Projet/PROJECT_FILES/ip_repo/myip_1.0'.
INFO: [IP_Flow 19-1700] Loaded user IP repository 'd:/OneDrive - USherbrooke/SESSIONS/S4/Projet/FichiersAtelier1/Pmod_vivado-library-2018.2-1'.
INFO: [IP_Flow 19-795] Syncing license key meta-data
ipx::edit_ip_in_project: Time (s): cpu = 00:00:09 ; elapsed = 00:00:06 . Memory (MB): peak = 993.379 ; gain = 25.309
current_project P2_S4_Velociraptor
current_project edit_myip_v1_0
set_property file_type VHDL [get_files  {{d:/OneDrive - USherbrooke/SESSIONS/S4/Projet/PROJECT_FILES/ip_repo/myip_1.0/hdl/myip_v1_0.v}}]
update_compile_order -fileset sources_1
set_property file_type Verilog [get_files  {{d:/OneDrive - USherbrooke/SESSIONS/S4/Projet/PROJECT_FILES/ip_repo/myip_1.0/hdl/myip_v1_0.v}}]
update_compile_order -fileset sources_1
ipx::unload_core {d:/OneDrive - USherbrooke/SESSIONS/S4/Projet/PROJECT_FILES/ip_repo/myip_1.0/component.xml}
current_project P2_S4_Velociraptor
open_bd_design {D:/OneDrive - USherbrooke/SESSIONS/S4/Projet/PROJECT_FILES/P2_S4_Velociraptor/P2_S4_Velociraptor.srcs/sources_1/bd/design_1/design_1.bd}
current_project edit_myip_v1_0
close_project
startgroup
create_bd_cell -type ip -vlnv xilinx.com:user:myip:1.0 myip_0
endgroup
set_property location {3 1024 637} [get_bd_cells myip_0]
set_property location {3 1031 362} [get_bd_cells axi_gpio_1]
set_property location {3 1021 519} [get_bd_cells myip_0]
apply_bd_automation -rule xilinx.com:bd_rule:axi4 -config { Clk_master {/processing_system7_0/FCLK_CLK0 (50 MHz)} Clk_slave {Auto} Clk_xbar {/processing_system7_0/FCLK_CLK0 (50 MHz)} Master {/processing_system7_0/M_AXI_GP0} Slave {/myip_0/S00_AXI} intc_ip {/ps7_0_axi_periph} master_apm {0}}  [get_bd_intf_pins myip_0/S00_AXI]
</myip_0/S00_AXI/S00_AXI_reg> is being mapped into </processing_system7_0/Data> at <0x43C00000 [ 64K ]>
WARNING: [IP_Flow 19-4318] IP-XACT file does not exist: d:/OneDrive - USherbrooke/SESSIONS/S4/Projet/PROJECT_FILES/ip_repo/myip_1.0/component.xml. It will be created.
update_ip_catalog -rebuild -scan_changes
INFO: [IP_Flow 19-234] Refreshing IP repositories
INFO: [IP_Flow 19-1700] Loaded user IP repository 'd:/OneDrive - USherbrooke/SESSIONS/S4/Projet/PROJECT_FILES/ip_repo/myip_1.0'.
INFO: [IP_Flow 19-1700] Loaded user IP repository 'd:/OneDrive - USherbrooke/SESSIONS/S4/Projet/FichiersAtelier1/Pmod_vivado-library-2018.2-1'.
report_ip_status -name ip_status
delete_bd_objs [get_bd_intf_nets ps7_0_axi_periph_M05_AXI] [get_bd_cells myip_0]
report_ip_status -name ip_status 
startgroup
create_bd_cell -type ip -vlnv usherbrooke.ca:user:myip:1.0 myip_0
endgroup
set_property location {3 931 498} [get_bd_cells myip_0]
apply_bd_automation -rule xilinx.com:bd_rule:axi4 -config { Clk_master {/processing_system7_0/FCLK_CLK0 (50 MHz)} Clk_slave {Auto} Clk_xbar {/processing_system7_0/FCLK_CLK0 (50 MHz)} Master {/processing_system7_0/M_AXI_GP0} Slave {/myip_0/S00_AXI} intc_ip {/ps7_0_axi_periph} master_apm {0}}  [get_bd_intf_pins myip_0/S00_AXI]
</myip_0/S00_AXI/S00_AXI_reg> is being mapped into </processing_system7_0/Data> at <0x43C00000 [ 64K ]>
startgroup
make_bd_pins_external  [get_bd_pins myip_0/i_data_echantillon]
endgroup
startgroup
make_bd_pins_external  [get_bd_pins myip_0/o_data_out]
endgroup
INFO: [Vivado 12-4158] Exported Hardware file is out of date. Exported hardware information may be inconsistent with respect to the current state of the design. It is recommended that you re-export the design and launch SDK otherwise SDK is launched with out of date hardware system file.
launch_sdk -workspace {D:/OneDrive - USherbrooke/SESSIONS/S4/Projet/PROJECT_FILES/P2_S4_Velociraptor/P2_S4_Velociraptor.sdk} -hwspec {D:/OneDrive - USherbrooke/SESSIONS/S4/Projet/PROJECT_FILES/P2_S4_Velociraptor/P2_S4_Velociraptor.sdk/design_1_wrapper.hdf}
INFO: [Vivado 12-393] Launching SDK...
INFO: [Vivado 12-417] Running xsdk -workspace D:/OneDrive - USherbrooke/SESSIONS/S4/Projet/PROJECT_FILES/P2_S4_Velociraptor/P2_S4_Velociraptor.sdk -hwspec D:/OneDrive - USherbrooke/SESSIONS/S4/Projet/PROJECT_FILES/P2_S4_Velociraptor/P2_S4_Velociraptor.sdk/design_1_wrapper.hdf
INFO: [Vivado 12-3157] SDK launch initiated. Please check console for any further messages.
save_bd_design
Wrote  : <D:/OneDrive - USherbrooke/SESSIONS/S4/Projet/PROJECT_FILES/P2_S4_Velociraptor/P2_S4_Velociraptor.srcs/sources_1/bd/design_1/design_1.bd> 
Wrote  : <D:/OneDrive - USherbrooke/SESSIONS/S4/Projet/PROJECT_FILES/P2_S4_Velociraptor/P2_S4_Velociraptor.srcs/sources_1/bd/design_1/ui/bd_1f5defd0.ui> 
reset_run synth_1
reset_run design_1_axi_gpio_0_0_synth_1
launch_runs impl_1 -to_step write_bitstream -jobs 4
WARNING: [BD 41-927] Following properties on pin /PmodOLED_0/s_axi_aclk have been updated from connected ip. They may not be synchronized with cell properties. You can set property on pin directly to confirm the value and resolve the warning.
	CLK_DOMAIN=design_1_processing_system7_0_0_FCLK_CLK0 
WARNING: [BD 41-927] Following properties on pin /PmodGPIO_0/s_axi_aclk have been updated from connected ip. They may not be synchronized with cell properties. You can set property on pin directly to confirm the value and resolve the warning.
	CLK_DOMAIN=design_1_processing_system7_0_0_FCLK_CLK0 
Wrote  : <D:/OneDrive - USherbrooke/SESSIONS/S4/Projet/PROJECT_FILES/P2_S4_Velociraptor/P2_S4_Velociraptor.srcs/sources_1/bd/design_1/design_1.bd> 
